# JRE version: OpenJDK Runtime Environment (8.0_242-b08) (build 1.8.0_242-b08)
# Java VM: OpenJDK 64-Bit Server VM (25.242-b08 mixed mode linux-amd64 compressed oops)
Heap:
 par new generation   total 130240K, used 0K [0x0000000505c00000, 0x000000050e950000, 0x000000051a8c0000)
  eden space 115776K,   0% used [0x0000000505c00000, 0x0000000505c00000, 0x000000050cd10000)
  from space 14464K,   0% used [0x000000050cd10000, 0x000000050cd10000, 0x000000050db30000)
  to   space 14464K,   0% used [0x000000050db30000, 0x000000050db30000, 0x000000050e950000)
 concurrent mark-sweep generation total 289256K, used 173551K [0x000000051a8c0000, 0x000000052c33a000, 0x00000007c0000000)
 Metaspace       used 117766K, capacity 119771K, committed 120104K, reserved 1153024K
  class space    used 15997K, capacity 16372K, committed 16484K, reserved 1048576K
GC Heap History (144 events):
Event: 0.590 GC heap before
{Heap before GC invocations=0 (full 0):
 par new generation   total 76160K, used 67712K [0x0000000505c00000, 0x000000050aea0000, 0x000000051a8c0000)
  eden space 67712K, 100% used [0x0000000505c00000, 0x0000000509e20000, 0x0000000509e20000)
  from space 8448K,   0% used [0x0000000509e20000, 0x0000000509e20000, 0x000000050a660000)
  to   space 8448K,   0% used [0x000000050a660000, 0x000000050a660000, 0x000000050aea0000)
 concurrent mark-sweep generation total 169344K, used 0K [0x000000051a8c0000, 0x0000000524e20000, 0x00000007c0000000)
 Metaspace       used 7922K, capacity 7988K, committed 8320K, reserved 1056768K
  class space    used 1041K, capacity 1072K, committed 1152K, reserved 1048576K
Event: 0.595 GC heap after
Heap after GC invocations=1 (full 0):
 par new generation   total 76160K, used 5293K [0x0000000505c00000, 0x000000050aea0000, 0x000000051a8c0000)
  eden space 67712K,   0% used [0x0000000505c00000, 0x0000000505c00000, 0x0000000509e20000)
  from space 8448K,  62% used [0x000000050a660000, 0x000000050ab8b4d8, 0x000000050aea0000)
  to   space 8448K,   0% used [0x0000000509e20000, 0x0000000509e20000, 0x000000050a660000)
 concurrent mark-sweep generation total 169344K, used 0K [0x000000051a8c0000, 0x0000000524e20000, 0x00000007c0000000)
 Metaspace       used 7922K, capacity 7988K, committed 8320K, reserved 1056768K
  class space    used 1041K, capacity 1072K, committed 1152K, reserved 1048576K
}
Event: 0.854 GC heap before
{Heap before GC invocations=1 (full 0):
 par new generation   total 76160K, used 73005K [0x0000000505c00000, 0x000000050aea0000, 0x000000051a8c0000)
  eden space 67712K, 100% used [0x0000000505c00000, 0x0000000509e20000, 0x0000000509e20000)
  from space 8448K,  62% used [0x000000050a660000, 0x000000050ab8b4d8, 0x000000050aea0000)
  to   space 8448K,   0% used [0x0000000509e20000, 0x0000000509e20000, 0x000000050a660000)
 concurrent mark-sweep generation total 169344K, used 0K [0x000000051a8c0000, 0x0000000524e20000, 0x00000007c0000000)
 Metaspace       used 11613K, capacity 11668K, committed 11904K, reserved 1058816K
  class space    used 1546K, capacity 1552K, committed 1664K, reserved 1048576K
Event: 0.864 GC heap after
Heap after GC invocations=2 (full 0):
 par new generation   total 76160K, used 3793K [0x0000000505c00000, 0x000000050aea0000, 0x000000051a8c0000)
  eden space 67712K,   0% used [0x0000000505c00000, 0x0000000505c00000, 0x0000000509e20000)
  from space 8448K,  44% used [0x0000000509e20000, 0x000000050a1d4760, 0x000000050a660000)
  to   space 8448K,   0% used [0x000000050a660000, 0x000000050a660000, 0x000000050aea0000)
 concurrent mark-sweep generation total 169344K, used 1644K [0x000000051a8c0000, 0x0000000524e20000, 0x00000007c0000000)
 Metaspace       used 11613K, capacity 11668K, committed 11904K, reserved 1058816K
  class space    used 1546K, capacity 1552K, committed 1664K, reserved 1048576K
}
Event: 1.242 GC heap before
{Heap before GC invocations=2 (full 0):
 par new generation   total 76160K, used 71505K [0x0000000505c00000, 0x000000050aea0000, 0x000000051a8c0000)
  eden space 67712K, 100% used [0x0000000505c00000, 0x0000000509e20000, 0x0000000509e20000)
  from space 8448K,  44% used [0x0000000509e20000, 0x000000050a1d4760, 0x000000050a660000)
  to   space 8448K,   0% used [0x000000050a660000, 0x000000050a660000, 0x000000050aea0000)
 concurrent mark-sweep generation total 169344K, used 1644K [0x000000051a8c0000, 0x0000000524e20000, 0x00000007c0000000)
 Metaspace       used 16712K, capacity 16910K, committed 17152K, reserved 1064960K
  class space    used 2196K, capacity 2275K, committed 2304K, reserved 1048576K
Event: 1.247 GC heap after
Heap after GC invocations=3 (full 0):
 par new generation   total 76160K, used 3519K [0x0000000505c00000, 0x000000050aea0000, 0x000000051a8c0000)
  eden space 67712K,   0% used [0x0000000505c00000, 0x0000000505c00000, 0x0000000509e20000)
  from space 8448K,  41% used [0x000000050a660000, 0x000000050a9cfd48, 0x000000050aea0000)
  to   space 8448K,   0% used [0x0000000509e20000, 0x0000000509e20000, 0x000000050a660000)
 concurrent mark-sweep generation total 169344K, used 1644K [0x000000051a8c0000, 0x0000000524e20000, 0x00000007c0000000)
 Metaspace       used 16712K, capacity 16910K, committed 17152K, reserved 1064960K
  class space    used 2196K, capacity 2275K, committed 2304K, reserved 1048576K
}
Event: 1.604 GC heap before
{Heap before GC invocations=3 (full 0):
 par new generation   total 76160K, used 71231K [0x0000000505c00000, 0x000000050aea0000, 0x000000051a8c0000)
  eden space 67712K, 100% used [0x0000000505c00000, 0x0000000509e20000, 0x0000000509e20000)
  from space 8448K,  41% used [0x000000050a660000, 0x000000050a9cfd48, 0x000000050aea0000)
  to   space 8448K,   0% used [0x0000000509e20000, 0x0000000509e20000, 0x000000050a660000)
 concurrent mark-sweep generation total 169344K, used 1644K [0x000000051a8c0000, 0x0000000524e20000, 0x00000007c0000000)
 Metaspace       used 19064K, capacity 19264K, committed 19584K, reserved 1067008K
  class space    used 2485K, capacity 2566K, committed 2688K, reserved 1048576K
Event: 1.608 GC heap after
Heap after GC invocations=4 (full 0):
 par new generation   total 76160K, used 4616K [0x0000000505c00000, 0x000000050aea0000, 0x000000051a8c0000)
  eden space 67712K,   0% used [0x0000000505c00000, 0x0000000505c00000, 0x0000000509e20000)
  from space 8448K,  54% used [0x0000000509e20000, 0x000000050a2a2278, 0x000000050a660000)
  to   space 8448K,   0% used [0x000000050a660000, 0x000000050a660000, 0x000000050aea0000)
 concurrent mark-sweep generation total 169344K, used 1644K [0x000000051a8c0000, 0x0000000524e20000, 0x00000007c0000000)
 Metaspace       used 19064K, capacity 19264K, committed 19584K, reserved 1067008K
  class space    used 2485K, capacity 2566K, committed 2688K, reserved 1048576K
}
Event: 1.829 GC heap before
{Heap before GC invocations=4 (full 0):
 par new generation   total 76160K, used 72328K [0x0000000505c00000, 0x000000050aea0000, 0x000000051a8c0000)
  eden space 67712K, 100% used [0x0000000505c00000, 0x0000000509e20000, 0x0000000509e20000)
  from space 8448K,  54% used [0x0000000509e20000, 0x000000050a2a2278, 0x000000050a660000)
  to   space 8448K,   0% used [0x000000050a660000, 0x000000050a660000, 0x000000050aea0000)
 concurrent mark-sweep generation total 169344K, used 1644K [0x000000051a8c0000, 0x0000000524e20000, 0x00000007c0000000)
 Metaspace       used 21061K, capacity 21248K, committed 21552K, reserved 1069056K
  class space    used 2773K, capacity 2822K, committed 2864K, reserved 1048576K
Event: 1.833 GC heap after
Heap after GC invocations=5 (full 0):
 par new generation   total 76160K, used 5434K [0x0000000505c00000, 0x000000050aea0000, 0x000000051a8c0000)
  eden space 67712K,   0% used [0x0000000505c00000, 0x0000000505c00000, 0x0000000509e20000)
  from space 8448K,  64% used [0x000000050a660000, 0x000000050abae9d0, 0x000000050aea0000)
  to   space 8448K,   0% used [0x0000000509e20000, 0x0000000509e20000, 0x000000050a660000)
 concurrent mark-sweep generation total 169344K, used 1644K [0x000000051a8c0000, 0x0000000524e20000, 0x00000007c0000000)
 Metaspace       used 21061K, capacity 21248K, committed 21552K, reserved 1069056K
  class space    used 2773K, capacity 2822K, committed 2864K, reserved 1048576K
}
Event: 2.104 GC heap before
{Heap before GC invocations=5 (full 1):
 par new generation   total 76160K, used 73146K [0x0000000505c00000, 0x000000050aea0000, 0x000000051a8c0000)
  eden space 67712K, 100% used [0x0000000505c00000, 0x0000000509e20000, 0x0000000509e20000)
  from space 8448K,  64% used [0x000000050a660000, 0x000000050abae9d0, 0x000000050aea0000)
  to   space 8448K,   0% used [0x0000000509e20000, 0x0000000509e20000, 0x000000050a660000)
 concurrent mark-sweep generation total 169344K, used 1644K [0x000000051a8c0000, 0x0000000524e20000, 0x00000007c0000000)
 Metaspace       used 23977K, capacity 24172K, committed 24616K, reserved 1071104K
  class space    used 3167K, capacity 3240K, committed 3348K, reserved 1048576K
Event: 2.110 GC heap after
Heap after GC invocations=6 (full 1):
 par new generation   total 76160K, used 5671K [0x0000000505c00000, 0x000000050aea0000, 0x000000051a8c0000)
  eden space 67712K,   0% used [0x0000000505c00000, 0x0000000505c00000, 0x0000000509e20000)
  from space 8448K,  67% used [0x0000000509e20000, 0x000000050a3a9ca0, 0x000000050a660000)
  to   space 8448K,   0% used [0x000000050a660000, 0x000000050a660000, 0x000000050aea0000)
 concurrent mark-sweep generation total 169344K, used 2358K [0x000000051a8c0000, 0x0000000524e20000, 0x00000007c0000000)
 Metaspace       used 23977K, capacity 24172K, committed 24616K, reserved 1071104K
  class space    used 3167K, capacity 3240K, committed 3348K, reserved 1048576K
}
Event: 2.397 GC heap before
{Heap before GC invocations=6 (full 1):
 par new generation   total 76160K, used 73383K [0x0000000505c00000, 0x000000050aea0000, 0x000000051a8c0000)
  eden space 67712K, 100% used [0x0000000505c00000, 0x0000000509e20000, 0x0000000509e20000)
  from space 8448K,  67% used [0x0000000509e20000, 0x000000050a3a9ca0, 0x000000050a660000)
  to   space 8448K,   0% used [0x000000050a660000, 0x000000050a660000, 0x000000050aea0000)
 concurrent mark-sweep generation total 169344K, used 2344K [0x000000051a8c0000, 0x0000000524e20000, 0x00000007c0000000)
 Metaspace       used 26228K, capacity 26412K, committed 26916K, reserved 1073152K
  class space    used 3500K, capacity 3560K, committed 3680K, reserved 1048576K
Event: 2.402 GC heap after
Heap after GC invocations=7 (full 1):
 par new generation   total 76160K, used 5084K [0x0000000505c00000, 0x000000050aea0000, 0x000000051a8c0000)
  eden space 67712K,   0% used [0x0000000505c00000, 0x0000000505c00000, 0x0000000509e20000)
  from space 8448K,  60% used [0x000000050a660000, 0x000000050ab570f0, 0x000000050aea0000)
  to   space 8448K,   0% used [0x0000000509e20000, 0x0000000509e20000, 0x000000050a660000)
 concurrent mark-sweep generation total 169344K, used 3293K [0x000000051a8c0000, 0x0000000524e20000, 0x00000007c0000000)
 Metaspace       used 26228K, capacity 26412K, committed 26916K, reserved 1073152K
  class space    used 3500K, capacity 3560K, committed 3680K, reserved 1048576K
}
Event: 2.762 GC heap before
{Heap before GC invocations=7 (full 1):
 par new generation   total 76160K, used 72796K [0x0000000505c00000, 0x000000050aea0000, 0x000000051a8c0000)
  eden space 67712K, 100% used [0x0000000505c00000, 0x0000000509e20000, 0x0000000509e20000)
  from space 8448K,  60% used [0x000000050a660000, 0x000000050ab570f0, 0x000000050aea0000)
  to   space 8448K,   0% used [0x0000000509e20000, 0x0000000509e20000, 0x000000050a660000)
 concurrent mark-sweep generation total 169344K, used 3293K [0x000000051a8c0000, 0x0000000524e20000, 0x00000007c0000000)
 Metaspace       used 28397K, capacity 28660K, committed 28964K, reserved 1075200K
  class space    used 3824K, capacity 3922K, committed 3936K, reserved 1048576K
Event: 2.772 GC heap after
Heap after GC invocations=8 (full 1):
 par new generation   total 76160K, used 6043K [0x0000000505c00000, 0x000000050aea0000, 0x000000051a8c0000)
  eden space 67712K,   0% used [0x0000000505c00000, 0x0000000505c00000, 0x0000000509e20000)
  from space 8448K,  71% used [0x0000000509e20000, 0x000000050a406cb8, 0x000000050a660000)
  to   space 8448K,   0% used [0x000000050a660000, 0x000000050a660000, 0x000000050aea0000)
 concurrent mark-sweep generation total 169344K, used 3293K [0x000000051a8c0000, 0x0000000524e20000, 0x00000007c0000000)
 Metaspace       used 28397K, capacity 28660K, committed 28964K, reserved 1075200K
  class space    used 3824K, capacity 3922K, committed 3936K, reserved 1048576K
}
Event: 3.039 GC heap before
{Heap before GC invocations=8 (full 1):
 par new generation   total 76160K, used 73755K [0x0000000505c00000, 0x000000050aea0000, 0x000000051a8c0000)
  eden space 67712K, 100% used [0x0000000505c00000, 0x0000000509e20000, 0x0000000509e20000)
  from space 8448K,  71% used [0x0000000509e20000, 0x000000050a406cb8, 0x000000050a660000)
  to   space 8448K,   0% used [0x000000050a660000, 0x000000050a660000, 0x000000050aea0000)
 concurrent mark-sweep generation total 169344K, used 3293K [0x000000051a8c0000, 0x0000000524e20000, 0x00000007c0000000)
 Metaspace       used 30905K, capacity 31188K, committed 31652K, reserved 1077248K
  class space    used 4117K, capacity 4210K, committed 4320K, reserved 1048576K
Event: 3.044 GC heap after
Heap after GC invocations=9 (full 1):
 par new generation   total 76160K, used 6748K [0x0000000505c00000, 0x000000050aea0000, 0x000000051a8c0000)
  eden space 67712K,   0% used [0x0000000505c00000, 0x0000000505c00000, 0x0000000509e20000)
  from space 8448K,  79% used [0x000000050a660000, 0x000000050acf73a8, 0x000000050aea0000)
  to   space 8448K,   0% used [0x0000000509e20000, 0x0000000509e20000, 0x000000050a660000)
 concurrent mark-sweep generation total 169344K, used 3891K [0x000000051a8c0000, 0x0000000524e20000, 0x00000007c0000000)
 Metaspace       used 30905K, capacity 31188K, committed 31652K, reserved 1077248K
  class space    used 4117K, capacity 4210K, committed 4320K, reserved 1048576K
}
Event: 3.206 GC heap before
{Heap before GC invocations=9 (full 1):
 par new generation   total 76160K, used 74460K [0x0000000505c00000, 0x000000050aea0000, 0x000000051a8c0000)
  eden space 67712K, 100% used [0x0000000505c00000, 0x0000000509e20000, 0x0000000509e20000)
  from space 8448K,  79% used [0x000000050a660000, 0x000000050acf73a8, 0x000000050aea0000)
  to   space 8448K,   0% used [0x0000000509e20000, 0x0000000509e20000, 0x000000050a660000)
 concurrent mark-sweep generation total 169344K, used 3891K [0x000000051a8c0000, 0x0000000524e20000, 0x00000007c0000000)
 Metaspace       used 32686K, capacity 32884K, committed 33316K, reserved 1079296K
  class space    used 4297K, capacity 4370K, committed 4448K, reserved 1048576K
Event: 3.216 GC heap after
Heap after GC invocations=10 (full 1):
 par new generation   total 76160K, used 5247K [0x0000000505c00000, 0x000000050aea0000, 0x000000051a8c0000)
  eden space 67712K,   0% used [0x0000000505c00000, 0x0000000505c00000, 0x0000000509e20000)
  from space 8448K,  62% used [0x0000000509e20000, 0x000000050a33fd10, 0x000000050a660000)
  to   space 8448K,   0% used [0x000000050a660000, 0x000000050a660000, 0x000000050aea0000)
 concurrent mark-sweep generation total 169344K, used 5415K [0x000000051a8c0000, 0x0000000524e20000, 0x00000007c0000000)
 Metaspace       used 32686K, capacity 32884K, committed 33316K, reserved 1079296K
  class space    used 4297K, capacity 4370K, committed 4448K, reserved 1048576K
}
Event: 3.335 GC heap before
{Heap before GC invocations=10 (full 1):
 par new generation   total 76160K, used 72959K [0x0000000505c00000, 0x000000050aea0000, 0x000000051a8c0000)
  eden space 67712K, 100% used [0x0000000505c00000, 0x0000000509e20000, 0x0000000509e20000)
  from space 8448K,  62% used [0x0000000509e20000, 0x000000050a33fd10, 0x000000050a660000)
  to   space 8448K,   0% used [0x000000050a660000, 0x000000050a660000, 0x000000050aea0000)
 concurrent mark-sweep generation total 169344K, used 5415K [0x000000051a8c0000, 0x0000000524e20000, 0x00000007c0000000)
 Metaspace       used 34544K, capacity 34740K, committed 34980K, reserved 1079296K
  class space    used 4474K, capacity 4562K, committed 4576K, reserved 1048576K
Event: 3.338 GC heap after
Heap after GC invocations=11 (full 1):
 par new generation   total 76160K, used 3965K [0x0000000505c00000, 0x000000050aea0000, 0x000000051a8c0000)
  eden space 67712K,   0% used [0x0000000505c00000, 0x0000000505c00000, 0x0000000509e20000)
  from space 8448K,  46% used [0x000000050a660000, 0x000000050aa3f4c8, 0x000000050aea0000)
  to   space 8448K,   0% used [0x0000000509e20000, 0x0000000509e20000, 0x000000050a660000)
 concurrent mark-sweep generation total 169344K, used 5415K [0x000000051a8c0000, 0x0000000524e20000, 0x00000007c0000000)
 Metaspace       used 34544K, capacity 34740K, committed 34980K, reserved 1079296K
  class space    used 4474K, capacity 4562K, committed 4576K, reserved 1048576K
}
Event: 3.525 GC heap before
{Heap before GC invocations=11 (full 1):
 par new generation   total 76160K, used 71677K [0x0000000505c00000, 0x000000050aea0000, 0x000000051a8c0000)
  eden space 67712K, 100% used [0x0000000505c00000, 0x0000000509e20000, 0x0000000509e20000)
  from space 8448K,  46% used [0x000000050a660000, 0x000000050aa3f4c8, 0x000000050aea0000)
  to   space 8448K,   0% used [0x0000000509e20000, 0x0000000509e20000, 0x000000050a660000)
 concurrent mark-sweep generation total 169344K, used 5415K [0x000000051a8c0000, 0x0000000524e20000, 0x00000007c0000000)
 Metaspace       used 36375K, capacity 36564K, committed 37028K, reserved 1081344K
  class space    used 4732K, capacity 4786K, committed 4832K, reserved 1048576K
Event: 3.528 GC heap after
Heap after GC invocations=12 (full 1):
 par new generation   total 76160K, used 3690K [0x0000000505c00000, 0x000000050aea0000, 0x000000051a8c0000)
  eden space 67712K,   0% used [0x0000000505c00000, 0x0000000505c00000, 0x0000000509e20000)
  from space 8448K,  43% used [0x0000000509e20000, 0x000000050a1baa10, 0x000000050a660000)
  to   space 8448K,   0% used [0x000000050a660000, 0x000000050a660000, 0x000000050aea0000)
 concurrent mark-sweep generation total 169344K, used 5415K [0x000000051a8c0000, 0x0000000524e20000, 0x00000007c0000000)
 Metaspace       used 36375K, capacity 36564K, committed 37028K, reserved 1081344K
  class space    used 4732K, capacity 4786K, committed 4832K, reserved 1048576K
}
Event: 3.743 GC heap before
{Heap before GC invocations=12 (full 1):
 par new generation   total 76160K, used 71402K [0x0000000505c00000, 0x000000050aea0000, 0x000000051a8c0000)
  eden space 67712K, 100% used [0x0000000505c00000, 0x0000000509e20000, 0x0000000509e20000)
  from space 8448K,  43% used [0x0000000509e20000, 0x000000050a1baa10, 0x000000050a660000)
  to   space 8448K,   0% used [0x000000050a660000, 0x000000050a660000, 0x000000050aea0000)
 concurrent mark-sweep generation total 169344K, used 5415K [0x000000051a8c0000, 0x0000000524e20000, 0x00000007c0000000)
 Metaspace       used 38947K, capacity 39190K, committed 39716K, reserved 1083392K
  class space    used 5013K, capacity 5107K, committed 5216K, reserved 1048576K
Event: 3.747 GC heap after
Heap after GC invocations=13 (full 1):
 par new generation   total 76160K, used 4722K [0x0000000505c00000, 0x000000050aea0000, 0x000000051a8c0000)
  eden space 67712K,   0% used [0x0000000505c00000, 0x0000000505c00000, 0x0000000509e20000)
  from space 8448K,  55% used [0x000000050a660000, 0x000000050aafc9d0, 0x000000050aea0000)
  to   space 8448K,   0% used [0x0000000509e20000, 0x0000000509e20000, 0x000000050a660000)
 concurrent mark-sweep generation total 169344K, used 5415K [0x000000051a8c0000, 0x0000000524e20000, 0x00000007c0000000)
 Metaspace       used 38947K, capacity 39190K, committed 39716K, reserved 1083392K
  class space    used 5013K, capacity 5107K, committed 5216K, reserved 1048576K
}
Event: 5.930 GC heap before
{Heap before GC invocations=13 (full 1):
 par new generation   total 76160K, used 72434K [0x0000000505c00000, 0x000000050aea0000, 0x000000051a8c0000)
  eden space 67712K, 100% used [0x0000000505c00000, 0x0000000509e20000, 0x0000000509e20000)
  from space 8448K,  55% used [0x000000050a660000, 0x000000050aafc9d0, 0x000000050aea0000)
  to   space 8448K,   0% used [0x0000000509e20000, 0x0000000509e20000, 0x000000050a660000)
 concurrent mark-sweep generation total 169344K, used 5415K [0x000000051a8c0000, 0x0000000524e20000, 0x00000007c0000000)
 Metaspace       used 41102K, capacity 41302K, committed 41636K, reserved 1085440K
  class space    used 5232K, capacity 5299K, committed 5344K, reserved 1048576K
Event: 5.940 GC heap after
Heap after GC invocations=14 (full 1):
 par new generation   total 76160K, used 8376K [0x0000000505c00000, 0x000000050aea0000, 0x000000051a8c0000)
  eden space 67712K,   0% used [0x0000000505c00000, 0x0000000505c00000, 0x0000000509e20000)
  from space 8448K,  99% used [0x0000000509e20000, 0x000000050a64e378, 0x000000050a660000)
  to   space 8448K,   0% used [0x000000050a660000, 0x000000050a660000, 0x000000050aea0000)
 concurrent mark-sweep generation total 169344K, used 6441K [0x000000051a8c0000, 0x0000000524e20000, 0x00000007c0000000)
 Metaspace       used 41102K, capacity 41302K, committed 41636K, reserved 1085440K
  class space    used 5232K, capacity 5299K, committed 5344K, reserved 1048576K
}
Event: 6.055 GC heap before
{Heap before GC invocations=14 (full 1):
 par new generation   total 76160K, used 76088K [0x0000000505c00000, 0x000000050aea0000, 0x000000051a8c0000)
  eden space 67712K, 100% used [0x0000000505c00000, 0x0000000509e20000, 0x0000000509e20000)
  from space 8448K,  99% used [0x0000000509e20000, 0x000000050a64e378, 0x000000050a660000)
  to   space 8448K,   0% used [0x000000050a660000, 0x000000050a660000, 0x000000050aea0000)
 concurrent mark-sweep generation total 169344K, used 6441K [0x000000051a8c0000, 0x0000000524e20000, 0x00000007c0000000)
 Metaspace       used 41290K, capacity 41494K, committed 41892K, reserved 1085440K
  class space    used 5232K, capacity 5299K, committed 5344K, reserved 1048576K
Event: 6.060 GC heap after
Heap after GC invocations=15 (full 1):
 par new generation   total 76160K, used 7122K [0x0000000505c00000, 0x000000050aea0000, 0x000000051a8c0000)
  eden space 67712K,   0% used [0x0000000505c00000, 0x0000000505c00000, 0x0000000509e20000)
  from space 8448K,  84% used [0x000000050a660000, 0x000000050ad54a00, 0x000000050aea0000)
  to   space 8448K,   0% used [0x0000000509e20000, 0x0000000509e20000, 0x000000050a660000)
 concurrent mark-sweep generation total 169344K, used 8215K [0x000000051a8c0000, 0x0000000524e20000, 0x00000007c0000000)
 Metaspace       used 41290K, capacity 41494K, committed 41892K, reserved 1085440K
  class space    used 5232K, capacity 5299K, committed 5344K, reserved 1048576K
}
Event: 6.171 GC heap before
{Heap before GC invocations=15 (full 1):
 par new generation   total 76160K, used 74780K [0x0000000505c00000, 0x000000050aea0000, 0x000000051a8c0000)
  eden space 67712K,  99% used [0x0000000505c00000, 0x0000000509e128b0, 0x0000000509e20000)
  from space 8448K,  84% used [0x000000050a660000, 0x000000050ad54a00, 0x000000050aea0000)
  to   space 8448K,   0% used [0x0000000509e20000, 0x0000000509e20000, 0x000000050a660000)
 concurrent mark-sweep generation total 169344K, used 8215K [0x000000051a8c0000, 0x0000000524e20000, 0x00000007c0000000)
 Metaspace       used 41309K, capacity 41558K, committed 41892K, reserved 1085440K
  class space    used 5232K, capacity 5299K, committed 5344K, reserved 1048576K
Event: 6.172 GC heap after
Heap after GC invocations=16 (full 1):
 par new generation   total 76160K, used 7874K [0x0000000505c00000, 0x000000050aea0000, 0x000000051a8c0000)
  eden space 67712K,   0% used [0x0000000505c00000, 0x0000000505c00000, 0x0000000509e20000)
  from space 8448K,  93% used [0x0000000509e20000, 0x000000050a5d0928, 0x000000050a660000)
  to   space 8448K,   0% used [0x000000050a660000, 0x000000050a660000, 0x000000050aea0000)
 concurrent mark-sweep generation total 169344K, used 8231K [0x000000051a8c0000, 0x0000000524e20000, 0x00000007c0000000)
 Metaspace       used 41309K, capacity 41558K, committed 41892K, reserved 1085440K
  class space    used 5232K, capacity 5299K, committed 5344K, reserved 1048576K
}
Event: 6.299 GC heap before
{Heap before GC invocations=16 (full 1):
 par new generation   total 76160K, used 75586K [0x0000000505c00000, 0x000000050aea0000, 0x000000051a8c0000)
  eden space 67712K, 100% used [0x0000000505c00000, 0x0000000509e20000, 0x0000000509e20000)
  from space 8448K,  93% used [0x0000000509e20000, 0x000000050a5d0928, 0x000000050a660000)
  to   space 8448K,   0% used [0x000000050a660000, 0x000000050a660000, 0x000000050aea0000)
 concurrent mark-sweep generation total 169344K, used 8231K [0x000000051a8c0000, 0x0000000524e20000, 0x00000007c0000000)
 Metaspace       used 41314K, capacity 41558K, committed 41892K, reserved 1085440K
  class space    used 5233K, capacity 5299K, committed 5344K, reserved 1048576K
Event: 6.301 GC heap after
Heap after GC invocations=17 (full 1):
 par new generation   total 76160K, used 6041K [0x0000000505c00000, 0x000000050aea0000, 0x000000051a8c0000)
  eden space 67712K,   0% used [0x0000000505c00000, 0x0000000505c00000, 0x0000000509e20000)
  from space 8448K,  71% used [0x000000050a660000, 0x000000050ac46470, 0x000000050aea0000)
  to   space 8448K,   0% used [0x0000000509e20000, 0x0000000509e20000, 0x000000050a660000)
 concurrent mark-sweep generation total 169344K, used 8233K [0x000000051a8c0000, 0x0000000524e20000, 0x00000007c0000000)
 Metaspace       used 41314K, capacity 41558K, committed 41892K, reserved 1085440K
  class space    used 5233K, capacity 5299K, committed 5344K, reserved 1048576K
}
Event: 6.646 GC heap before
{Heap before GC invocations=17 (full 1):
 par new generation   total 76160K, used 73753K [0x0000000505c00000, 0x000000050aea0000, 0x000000051a8c0000)
  eden space 67712K, 100% used [0x0000000505c00000, 0x0000000509e20000, 0x0000000509e20000)
  from space 8448K,  71% used [0x000000050a660000, 0x000000050ac46470, 0x000000050aea0000)
  to   space 8448K,   0% used [0x0000000509e20000, 0x0000000509e20000, 0x000000050a660000)
 concurrent mark-sweep generation total 169344K, used 8233K [0x000000051a8c0000, 0x0000000524e20000, 0x00000007c0000000)
 Metaspace       used 42804K, capacity 43036K, committed 43428K, reserved 1087488K
  class space    used 5394K, capacity 5492K, committed 5600K, reserved 1048576K
Event: 6.650 GC heap after
Heap after GC invocations=18 (full 1):
 par new generation   total 76160K, used 2812K [0x0000000505c00000, 0x000000050aea0000, 0x000000051a8c0000)
  eden space 67712K,   0% used [0x0000000505c00000, 0x0000000505c00000, 0x0000000509e20000)
  from space 8448K,  33% used [0x0000000509e20000, 0x000000050a0df168, 0x000000050a660000)
  to   space 8448K,   0% used [0x000000050a660000, 0x000000050a660000, 0x000000050aea0000)
 concurrent mark-sweep generation total 169344K, used 8235K [0x000000051a8c0000, 0x0000000524e20000, 0x00000007c0000000)
 Metaspace       used 42804K, capacity 43036K, committed 43428K, reserved 1087488K
  class space    used 5394K, capacity 5492K, committed 5600K, reserved 1048576K
}
Event: 6.837 GC heap before
{Heap before GC invocations=18 (full 1):
 par new generation   total 76160K, used 70524K [0x0000000505c00000, 0x000000050aea0000, 0x000000051a8c0000)
  eden space 67712K, 100% used [0x0000000505c00000, 0x0000000509e20000, 0x0000000509e20000)
  from space 8448K,  33% used [0x0000000509e20000, 0x000000050a0df168, 0x000000050a660000)
  to   space 8448K,   0% used [0x000000050a660000, 0x000000050a660000, 0x000000050aea0000)
 concurrent mark-sweep generation total 169344K, used 8235K [0x000000051a8c0000, 0x0000000524e20000, 0x00000007c0000000)
 Metaspace       used 44810K, capacity 45084K, committed 45472K, reserved 1089536K
  class space    used 5661K, capacity 5748K, committed 5776K, reserved 1048576K
Event: 6.840 GC heap after
Heap after GC invocations=19 (full 1):
 par new generation   total 76160K, used 3442K [0x0000000505c00000, 0x000000050aea0000, 0x000000051a8c0000)
  eden space 67712K,   0% used [0x0000000505c00000, 0x0000000505c00000, 0x0000000509e20000)
  from space 8448K,  40% used [0x000000050a660000, 0x000000050a9bc900, 0x000000050aea0000)
  to   space 8448K,   0% used [0x0000000509e20000, 0x0000000509e20000, 0x000000050a660000)
 concurrent mark-sweep generation total 169344K, used 8235K [0x000000051a8c0000, 0x0000000524e20000, 0x00000007c0000000)
 Metaspace       used 44810K, capacity 45084K, committed 45472K, reserved 1089536K
  class space    used 5661K, capacity 5748K, committed 5776K, reserved 1048576K
}
Event: 7.092 GC heap before
{Heap before GC invocations=19 (full 2):
 par new generation   total 76160K, used 71154K [0x0000000505c00000, 0x000000050aea0000, 0x000000051a8c0000)
  eden space 67712K, 100% used [0x0000000505c00000, 0x0000000509e20000, 0x0000000509e20000)
  from space 8448K,  40% used [0x000000050a660000, 0x000000050a9bc900, 0x000000050aea0000)
  to   space 8448K,   0% used [0x0000000509e20000, 0x0000000509e20000, 0x000000050a660000)
 concurrent mark-sweep generation total 169344K, used 7818K [0x000000051a8c0000, 0x0000000524e20000, 0x00000007c0000000)
 Metaspace       used 47205K, capacity 47484K, committed 47852K, reserved 1091584K
  class space    used 6070K, capacity 6164K, committed 6184K, reserved 1048576K
Event: 7.095 GC heap after
Heap after GC invocations=20 (full 2):
 par new generation   total 76160K, used 4082K [0x0000000505c00000, 0x000000050aea0000, 0x000000051a8c0000)
  eden space 67712K,   0% used [0x0000000505c00000, 0x0000000505c00000, 0x0000000509e20000)
  from space 8448K,  48% used [0x0000000509e20000, 0x000000050a21cbe8, 0x000000050a660000)
  to   space 8448K,   0% used [0x000000050a660000, 0x000000050a660000, 0x000000050aea0000)
 concurrent mark-sweep generation total 169344K, used 7818K [0x000000051a8c0000, 0x0000000524e20000, 0x00000007c0000000)
 Metaspace       used 47205K, capacity 47484K, committed 47852K, reserved 1091584K
  class space    used 6070K, capacity 6164K, committed 6184K, reserved 1048576K
}
Event: 7.329 GC heap before
{Heap before GC invocations=20 (full 2):
 par new generation   total 76160K, used 71794K [0x0000000505c00000, 0x000000050aea0000, 0x000000051a8c0000)
  eden space 67712K, 100% used [0x0000000505c00000, 0x0000000509e20000, 0x0000000509e20000)
  from space 8448K,  48% used [0x0000000509e20000, 0x000000050a21cbe8, 0x000000050a660000)
  to   space 8448K,   0% used [0x000000050a660000, 0x000000050a660000, 0x000000050aea0000)
 concurrent mark-sweep generation total 169344K, used 7818K [0x000000051a8c0000, 0x0000000524e20000, 0x00000007c0000000)
 Metaspace       used 49400K, capacity 49660K, committed 50028K, reserved 1093632K
  class space    used 6480K, capacity 6548K, committed 6568K, reserved 1048576K
Event: 7.332 GC heap after
Heap after GC invocations=21 (full 2):
 par new generation   total 76160K, used 4408K [0x0000000505c00000, 0x000000050aea0000, 0x000000051a8c0000)
  eden space 67712K,   0% used [0x0000000505c00000, 0x0000000505c00000, 0x0000000509e20000)
  from space 8448K,  52% used [0x000000050a660000, 0x000000050aaae2a0, 0x000000050aea0000)
  to   space 8448K,   0% used [0x0000000509e20000, 0x0000000509e20000, 0x000000050a660000)
 concurrent mark-sweep generation total 169344K, used 7818K [0x000000051a8c0000, 0x0000000524e20000, 0x00000007c0000000)
 Metaspace       used 49400K, capacity 49660K, committed 50028K, reserved 1093632K
  class space    used 6480K, capacity 6548K, committed 6568K, reserved 1048576K
}
Event: 7.685 GC heap before
{Heap before GC invocations=21 (full 2):
 par new generation   total 76160K, used 72120K [0x0000000505c00000, 0x000000050aea0000, 0x000000051a8c0000)
  eden space 67712K, 100% used [0x0000000505c00000, 0x0000000509e20000, 0x0000000509e20000)
  from space 8448K,  52% used [0x000000050a660000, 0x000000050aaae2a0, 0x000000050aea0000)
  to   space 8448K,   0% used [0x0000000509e20000, 0x0000000509e20000, 0x000000050a660000)
 concurrent mark-sweep generation total 169344K, used 7818K [0x000000051a8c0000, 0x0000000524e20000, 0x00000007c0000000)
 Metaspace       used 51328K, capacity 51564K, committed 51948K, reserved 1093632K
  class space    used 6755K, capacity 6840K, committed 6952K, reserved 1048576K
Event: 7.692 GC heap after
Heap after GC invocations=22 (full 2):
 par new generation   total 76160K, used 6299K [0x0000000505c00000, 0x000000050aea0000, 0x000000051a8c0000)
  eden space 67712K,   0% used [0x0000000505c00000, 0x0000000505c00000, 0x0000000509e20000)
  from space 8448K,  74% used [0x0000000509e20000, 0x000000050a446e38, 0x000000050a660000)
  to   space 8448K,   0% used [0x000000050a660000, 0x000000050a660000, 0x000000050aea0000)
 concurrent mark-sweep generation total 169344K, used 7818K [0x000000051a8c0000, 0x0000000524e20000, 0x00000007c0000000)
 Metaspace       used 51328K, capacity 51564K, committed 51948K, reserved 1093632K
  class space    used 6755K, capacity 6840K, committed 6952K, reserved 1048576K
}
Event: 11.910 GC heap before
{Heap before GC invocations=22 (full 2):
 par new generation   total 76160K, used 74011K [0x0000000505c00000, 0x000000050aea0000, 0x000000051a8c0000)
  eden space 67712K, 100% used [0x0000000505c00000, 0x0000000509e20000, 0x0000000509e20000)
  from space 8448K,  74% used [0x0000000509e20000, 0x000000050a446e38, 0x000000050a660000)
  to   space 8448K,   0% used [0x000000050a660000, 0x000000050a660000, 0x000000050aea0000)
 concurrent mark-sweep generation total 169344K, used 7818K [0x000000051a8c0000, 0x0000000524e20000, 0x00000007c0000000)
 Metaspace       used 53180K, capacity 53420K, committed 53996K, reserved 1095680K
  class space    used 7037K, capacity 7096K, committed 7208K, reserved 1048576K
Event: 11.918 GC heap after
Heap after GC invocations=23 (full 2):
 par new generation   total 76160K, used 6774K [0x0000000505c00000, 0x000000050aea0000, 0x000000051a8c0000)
  eden space 67712K,   0% used [0x0000000505c00000, 0x0000000505c00000, 0x0000000509e20000)
  from space 8448K,  80% used [0x000000050a660000, 0x000000050acfdb18, 0x000000050aea0000)
  to   space 8448K,   0% used [0x0000000509e20000, 0x0000000509e20000, 0x000000050a660000)
 concurrent mark-sweep generation total 169344K, used 9635K [0x000000051a8c0000, 0x0000000524e20000, 0x00000007c0000000)
 Metaspace       used 53180K, capacity 53420K, committed 53996K, reserved 1095680K
  class space    used 7037K, capacity 7096K, committed 7208K, reserved 1048576K
}
Event: 12.030 GC heap before
{Heap before GC invocations=23 (full 2):
 par new generation   total 76160K, used 74486K [0x0000000505c00000, 0x000000050aea0000, 0x000000051a8c0000)
  eden space 67712K, 100% used [0x0000000505c00000, 0x0000000509e20000, 0x0000000509e20000)
  from space 8448K,  80% used [0x000000050a660000, 0x000000050acfdb18, 0x000000050aea0000)
  to   space 8448K,   0% used [0x0000000509e20000, 0x0000000509e20000, 0x000000050a660000)
 concurrent mark-sweep generation total 169344K, used 9635K [0x000000051a8c0000, 0x0000000524e20000, 0x00000007c0000000)
 Metaspace       used 55178K, capacity 55440K, committed 56044K, reserved 1097728K
  class space    used 7272K, capacity 7360K, committed 7464K, reserved 1048576K
Event: 12.047 GC heap after
Heap after GC invocations=24 (full 2):
 par new generation   total 76160K, used 5178K [0x0000000505c00000, 0x000000050aea0000, 0x000000051a8c0000)
  eden space 67712K,   0% used [0x0000000505c00000, 0x0000000505c00000, 0x0000000509e20000)
  from space 8448K,  61% used [0x0000000509e20000, 0x000000050a32ea60, 0x000000050a660000)
  to   space 8448K,   0% used [0x000000050a660000, 0x000000050a660000, 0x000000050aea0000)
 concurrent mark-sweep generation total 169344K, used 29005K [0x000000051a8c0000, 0x0000000524e20000, 0x00000007c0000000)
 Metaspace       used 55178K, capacity 55440K, committed 56044K, reserved 1097728K
  class space    used 7272K, capacity 7360K, committed 7464K, reserved 1048576K
}
Event: 12.242 GC heap before
{Heap before GC invocations=24 (full 2):
 par new generation   total 76160K, used 72890K [0x0000000505c00000, 0x000000050aea0000, 0x000000051a8c0000)
  eden space 67712K, 100% used [0x0000000505c00000, 0x0000000509e20000, 0x0000000509e20000)
  from space 8448K,  61% used [0x0000000509e20000, 0x000000050a32ea60, 0x000000050a660000)
  to   space 8448K,   0% used [0x000000050a660000, 0x000000050a660000, 0x000000050aea0000)
 concurrent mark-sweep generation total 169344K, used 29005K [0x000000051a8c0000, 0x0000000524e20000, 0x00000007c0000000)
 Metaspace       used 57164K, capacity 57420K, committed 57836K, reserved 1099776K
  class space    used 7544K, capacity 7626K, committed 7720K, reserved 1048576K
Event: 12.247 GC heap after
Heap after GC invocations=25 (full 2):
 par new generation   total 76160K, used 4529K [0x0000000505c00000, 0x000000050aea0000, 0x000000051a8c0000)
  eden space 67712K,   0% used [0x0000000505c00000, 0x0000000505c00000, 0x0000000509e20000)
  from space 8448K,  53% used [0x000000050a660000, 0x000000050aacc400, 0x000000050aea0000)
  to   space 8448K,   0% used [0x0000000509e20000, 0x0000000509e20000, 0x000000050a660000)
 concurrent mark-sweep generation total 169344K, used 29005K [0x000000051a8c0000, 0x0000000524e20000, 0x00000007c0000000)
 Metaspace       used 57164K, capacity 57420K, committed 57836K, reserved 1099776K
  class space    used 7544K, capacity 7626K, committed 7720K, reserved 1048576K
}
Event: 12.449 GC heap before
{Heap before GC invocations=25 (full 2):
 par new generation   total 76160K, used 72241K [0x0000000505c00000, 0x000000050aea0000, 0x000000051a8c0000)
  eden space 67712K, 100% used [0x0000000505c00000, 0x0000000509e20000, 0x0000000509e20000)
  from space 8448K,  53% used [0x000000050a660000, 0x000000050aacc400, 0x000000050aea0000)
  to   space 8448K,   0% used [0x0000000509e20000, 0x0000000509e20000, 0x000000050a660000)
 concurrent mark-sweep generation total 169344K, used 29005K [0x000000051a8c0000, 0x0000000524e20000, 0x00000007c0000000)
 Metaspace       used 58826K, capacity 59078K, committed 59628K, reserved 1101824K
  class space    used 7821K, capacity 7919K, committed 7976K, reserved 1048576K
Event: 12.456 GC heap after
Heap after GC invocations=26 (full 2):
 par new generation   total 76160K, used 4703K [0x0000000505c00000, 0x000000050aea0000, 0x000000051a8c0000)
  eden space 67712K,   0% used [0x0000000505c00000, 0x0000000505c00000, 0x0000000509e20000)
  from space 8448K,  55% used [0x0000000509e20000, 0x000000050a2b7ed0, 0x000000050a660000)
  to   space 8448K,   0% used [0x000000050a660000, 0x000000050a660000, 0x000000050aea0000)
 concurrent mark-sweep generation total 169344K, used 29005K [0x000000051a8c0000, 0x0000000524e20000, 0x00000007c0000000)
 Metaspace       used 58826K, capacity 59078K, committed 59628K, reserved 1101824K
  class space    used 7821K, capacity 7919K, committed 7976K, reserved 1048576K
}
Event: 12.717 GC heap before
{Heap before GC invocations=26 (full 2):
 par new generation   total 76160K, used 72415K [0x0000000505c00000, 0x000000050aea0000, 0x000000051a8c0000)
  eden space 67712K, 100% used [0x0000000505c00000, 0x0000000509e20000, 0x0000000509e20000)
  from space 8448K,  55% used [0x0000000509e20000, 0x000000050a2b7ed0, 0x000000050a660000)
  to   space 8448K,   0% used [0x000000050a660000, 0x000000050a660000, 0x000000050aea0000)
 concurrent mark-sweep generation total 169344K, used 29005K [0x000000051a8c0000, 0x0000000524e20000, 0x00000007c0000000)
 Metaspace       used 61862K, capacity 62156K, committed 62572K, reserved 1103872K
  class space    used 8212K, capacity 8304K, committed 8360K, reserved 1048576K
Event: 12.722 GC heap after
Heap after GC invocations=27 (full 2):
 par new generation   total 76160K, used 7648K [0x0000000505c00000, 0x000000050aea0000, 0x000000051a8c0000)
  eden space 67712K,   0% used [0x0000000505c00000, 0x0000000505c00000, 0x0000000509e20000)
  from space 8448K,  90% used [0x000000050a660000, 0x000000050add8188, 0x000000050aea0000)
  to   space 8448K,   0% used [0x0000000509e20000, 0x0000000509e20000, 0x000000050a660000)
 concurrent mark-sweep generation total 169344K, used 29005K [0x000000051a8c0000, 0x0000000524e20000, 0x00000007c0000000)
 Metaspace       used 61862K, capacity 62156K, committed 62572K, reserved 1103872K
  class space    used 8212K, capacity 8304K, committed 8360K, reserved 1048576K
}
Event: 12.925 GC heap before
{Heap before GC invocations=27 (full 2):
 par new generation   total 76160K, used 75360K [0x0000000505c00000, 0x000000050aea0000, 0x000000051a8c0000)
  eden space 67712K, 100% used [0x0000000505c00000, 0x0000000509e20000, 0x0000000509e20000)
  from space 8448K,  90% used [0x000000050a660000, 0x000000050add8188, 0x000000050aea0000)
  to   space 8448K,   0% used [0x0000000509e20000, 0x0000000509e20000, 0x000000050a660000)
 concurrent mark-sweep generation total 169344K, used 29005K [0x000000051a8c0000, 0x0000000524e20000, 0x00000007c0000000)
 Metaspace       used 64509K, capacity 64812K, committed 65260K, reserved 1105920K
  class space    used 8637K, capacity 8720K, committed 8744K, reserved 1048576K
Event: 12.946 GC heap after
Heap after GC invocations=28 (full 2):
 par new generation   total 76160K, used 7835K [0x0000000505c00000, 0x000000050aea0000, 0x000000051a8c0000)
  eden space 67712K,   0% used [0x0000000505c00000, 0x0000000505c00000, 0x0000000509e20000)
  from space 8448K,  92% used [0x0000000509e20000, 0x000000050a5c6cf0, 0x000000050a660000)
  to   space 8448K,   0% used [0x000000050a660000, 0x000000050a660000, 0x000000050aea0000)
 concurrent mark-sweep generation total 169344K, used 31626K [0x000000051a8c0000, 0x0000000524e20000, 0x00000007c0000000)
 Metaspace       used 64509K, capacity 64812K, committed 65260K, reserved 1105920K
  class space    used 8637K, capacity 8720K, committed 8744K, reserved 1048576K
}
Event: 13.126 GC heap before
{Heap before GC invocations=28 (full 2):
 par new generation   total 76160K, used 75547K [0x0000000505c00000, 0x000000050aea0000, 0x000000051a8c0000)
  eden space 67712K, 100% used [0x0000000505c00000, 0x0000000509e20000, 0x0000000509e20000)
  from space 8448K,  92% used [0x0000000509e20000, 0x000000050a5c6cf0, 0x000000050a660000)
  to   space 8448K,   0% used [0x000000050a660000, 0x000000050a660000, 0x000000050aea0000)
 concurrent mark-sweep generation total 169344K, used 31626K [0x000000051a8c0000, 0x0000000524e20000, 0x00000007c0000000)
 Metaspace       used 66412K, capacity 66738K, committed 67180K, reserved 1107968K
  class space    used 8952K, capacity 9041K, committed 9128K, reserved 1048576K
Event: 13.131 GC heap after
Heap after GC invocations=29 (full 2):
 par new generation   total 76160K, used 4484K [0x0000000505c00000, 0x000000050aea0000, 0x000000051a8c0000)
  eden space 67712K,   0% used [0x0000000505c00000, 0x0000000505c00000, 0x0000000509e20000)
  from space 8448K,  53% used [0x000000050a660000, 0x000000050aac1370, 0x000000050aea0000)
  to   space 8448K,   0% used [0x0000000509e20000, 0x0000000509e20000, 0x000000050a660000)
 concurrent mark-sweep generation total 169344K, used 32885K [0x000000051a8c0000, 0x0000000524e20000, 0x00000007c0000000)
 Metaspace       used 66412K, capacity 66738K, committed 67180K, reserved 1107968K
  class space    used 8952K, capacity 9041K, committed 9128K, reserved 1048576K
}
Event: 13.315 GC heap before
{Heap before GC invocations=29 (full 2):
 par new generation   total 76160K, used 72196K [0x0000000505c00000, 0x000000050aea0000, 0x000000051a8c0000)
  eden space 67712K, 100% used [0x0000000505c00000, 0x0000000509e20000, 0x0000000509e20000)
  from space 8448K,  53% used [0x000000050a660000, 0x000000050aac1370, 0x000000050aea0000)
  to   space 8448K,   0% used [0x0000000509e20000, 0x0000000509e20000, 0x000000050a660000)
 concurrent mark-sweep generation total 169344K, used 32885K [0x000000051a8c0000, 0x0000000524e20000, 0x00000007c0000000)
 Metaspace       used 68297K, capacity 68574K, committed 68972K, reserved 1110016K
  class space    used 9251K, capacity 9331K, committed 9384K, reserved 1048576K
Event: 13.319 GC heap after
Heap after GC invocations=30 (full 2):
 par new generation   total 76160K, used 5502K [0x0000000505c00000, 0x000000050aea0000, 0x000000051a8c0000)
  eden space 67712K,   0% used [0x0000000505c00000, 0x0000000505c00000, 0x0000000509e20000)
  from space 8448K,  65% used [0x0000000509e20000, 0x000000050a37f8f0, 0x000000050a660000)
  to   space 8448K,   0% used [0x000000050a660000, 0x000000050a660000, 0x000000050aea0000)
 concurrent mark-sweep generation total 169344K, used 32885K [0x000000051a8c0000, 0x0000000524e20000, 0x00000007c0000000)
 Metaspace       used 68297K, capacity 68574K, committed 68972K, reserved 1110016K
  class space    used 9251K, capacity 9331K, committed 9384K, reserved 1048576K
}
Event: 13.540 GC heap before
{Heap before GC invocations=30 (full 2):
 par new generation   total 76160K, used 73214K [0x0000000505c00000, 0x000000050aea0000, 0x000000051a8c0000)
  eden space 67712K, 100% used [0x0000000505c00000, 0x0000000509e20000, 0x0000000509e20000)
  from space 8448K,  65% used [0x0000000509e20000, 0x000000050a37f8f0, 0x000000050a660000)
  to   space 8448K,   0% used [0x000000050a660000, 0x000000050a660000, 0x000000050aea0000)
 concurrent mark-sweep generation total 169344K, used 32885K [0x000000051a8c0000, 0x0000000524e20000, 0x00000007c0000000)
 Metaspace       used 71183K, capacity 71486K, committed 72044K, reserved 1112064K
  class space    used 9546K, capacity 9619K, committed 9640K, reserved 1048576K
Event: 13.547 GC heap after
Heap after GC invocations=31 (full 2):
 par new generation   total 76160K, used 6012K [0x0000000505c00000, 0x000000050aea0000, 0x000000051a8c0000)
  eden space 67712K,   0% used [0x0000000505c00000, 0x0000000505c00000, 0x0000000509e20000)
  from space 8448K,  71% used [0x000000050a660000, 0x000000050ac3f110, 0x000000050aea0000)
  to   space 8448K,   0% used [0x0000000509e20000, 0x0000000509e20000, 0x000000050a660000)
 concurrent mark-sweep generation total 169344K, used 34124K [0x000000051a8c0000, 0x0000000524e20000, 0x00000007c0000000)
 Metaspace       used 71183K, capacity 71486K, committed 72044K, reserved 1112064K
  class space    used 9546K, capacity 9619K, committed 9640K, reserved 1048576K
}
Event: 14.000 GC heap before
{Heap before GC invocations=31 (full 2):
 par new generation   total 76160K, used 73724K [0x0000000505c00000, 0x000000050aea0000, 0x000000051a8c0000)
  eden space 67712K, 100% used [0x0000000505c00000, 0x0000000509e20000, 0x0000000509e20000)
  from space 8448K,  71% used [0x000000050a660000, 0x000000050ac3f110, 0x000000050aea0000)
  to   space 8448K,   0% used [0x0000000509e20000, 0x0000000509e20000, 0x000000050a660000)
 concurrent mark-sweep generation total 169344K, used 34124K [0x000000051a8c0000, 0x0000000524e20000, 0x00000007c0000000)
 Metaspace       used 74686K, capacity 75124K, committed 75628K, reserved 1114112K
  class space    used 9957K, capacity 10102K, committed 10152K, reserved 1048576K
Event: 14.009 GC heap after
Heap after GC invocations=32 (full 2):
 par new generation   total 76160K, used 6438K [0x0000000505c00000, 0x000000050aea0000, 0x000000051a8c0000)
  eden space 67712K,   0% used [0x0000000505c00000, 0x0000000505c00000, 0x0000000509e20000)
  from space 8448K,  76% used [0x0000000509e20000, 0x000000050a4699e8, 0x000000050a660000)
  to   space 8448K,   0% used [0x000000050a660000, 0x000000050a660000, 0x000000050aea0000)
 concurrent mark-sweep generation total 169344K, used 34799K [0x000000051a8c0000, 0x0000000524e20000, 0x00000007c0000000)
 Metaspace       used 74686K, capacity 75124K, committed 75628K, reserved 1114112K
  class space    used 9957K, capacity 10102K, committed 10152K, reserved 1048576K
}
Event: 14.231 GC heap before
{Heap before GC invocations=32 (full 2):
 par new generation   total 76160K, used 74150K [0x0000000505c00000, 0x000000050aea0000, 0x000000051a8c0000)
  eden space 67712K, 100% used [0x0000000505c00000, 0x0000000509e20000, 0x0000000509e20000)
  from space 8448K,  76% used [0x0000000509e20000, 0x000000050a4699e8, 0x000000050a660000)
  to   space 8448K,   0% used [0x000000050a660000, 0x000000050a660000, 0x000000050aea0000)
 concurrent mark-sweep generation total 169344K, used 34799K [0x000000051a8c0000, 0x0000000524e20000, 0x00000007c0000000)
 Metaspace       used 76894K, capacity 77328K, committed 77676K, reserved 1116160K
  class space    used 10251K, capacity 10384K, committed 10408K, reserved 1048576K
Event: 14.242 GC heap after
Heap after GC invocations=33 (full 2):
 par new generation   total 76160K, used 5355K [0x0000000505c00000, 0x000000050aea0000, 0x000000051a8c0000)
  eden space 67712K,   0% used [0x0000000505c00000, 0x0000000505c00000, 0x0000000509e20000)
  from space 8448K,  63% used [0x000000050a660000, 0x000000050ab9ac88, 0x000000050aea0000)
  to   space 8448K,   0% used [0x0000000509e20000, 0x0000000509e20000, 0x000000050a660000)
 concurrent mark-sweep generation total 169344K, used 39029K [0x000000051a8c0000, 0x0000000524e20000, 0x00000007c0000000)
 Metaspace       used 76894K, capacity 77328K, committed 77676K, reserved 1116160K
  class space    used 10251K, capacity 10384K, committed 10408K, reserved 1048576K
}
Event: 14.473 GC heap before
{Heap before GC invocations=33 (full 2):
 par new generation   total 76160K, used 73067K [0x0000000505c00000, 0x000000050aea0000, 0x000000051a8c0000)
  eden space 67712K, 100% used [0x0000000505c00000, 0x0000000509e20000, 0x0000000509e20000)
  from space 8448K,  63% used [0x000000050a660000, 0x000000050ab9ac88, 0x000000050aea0000)
  to   space 8448K,   0% used [0x0000000509e20000, 0x0000000509e20000, 0x000000050a660000)
 concurrent mark-sweep generation total 169344K, used 39029K [0x000000051a8c0000, 0x0000000524e20000, 0x00000007c0000000)
 Metaspace       used 80134K, capacity 80597K, committed 81040K, reserved 1120256K
  class space    used 10704K, capacity 10833K, committed 10880K, reserved 1048576K
Event: 14.476 GC heap after
Heap after GC invocations=34 (full 2):
 par new generation   total 76160K, used 3396K [0x0000000505c00000, 0x000000050aea0000, 0x000000051a8c0000)
  eden space 67712K,   0% used [0x0000000505c00000, 0x0000000505c00000, 0x0000000509e20000)
  from space 8448K,  40% used [0x0000000509e20000, 0x000000050a171320, 0x000000050a660000)
  to   space 8448K,   0% used [0x000000050a660000, 0x000000050a660000, 0x000000050aea0000)
 concurrent mark-sweep generation total 169344K, used 39029K [0x000000051a8c0000, 0x0000000524e20000, 0x00000007c0000000)
 Metaspace       used 80134K, capacity 80597K, committed 81040K, reserved 1120256K
  class space    used 10704K, capacity 10833K, committed 10880K, reserved 1048576K
}
Event: 14.984 GC heap before
{Heap before GC invocations=34 (full 3):
 par new generation   total 76160K, used 66420K [0x0000000505c00000, 0x000000050aea0000, 0x000000051a8c0000)
  eden space 67712K,  93% used [0x0000000505c00000, 0x000000050998bf68, 0x0000000509e20000)
  from space 8448K,  40% used [0x0000000509e20000, 0x000000050a171320, 0x000000050a660000)
  to   space 8448K,   0% used [0x000000050a660000, 0x000000050a660000, 0x000000050aea0000)
 concurrent mark-sweep generation total 169344K, used 39029K [0x000000051a8c0000, 0x0000000524e20000, 0x00000007c0000000)
 Metaspace       used 83059K, capacity 83553K, committed 84028K, reserved 1122304K
  class space    used 11029K, capacity 11167K, committed 11236K, reserved 1048576K
Event: 15.001 GC heap after
Heap after GC invocations=35 (full 3):
 par new generation   total 76160K, used 4647K [0x0000000505c00000, 0x000000050aea0000, 0x000000051a8c0000)
  eden space 67712K,   0% used [0x0000000505c00000, 0x0000000505c00000, 0x0000000509e20000)
  from space 8448K,  55% used [0x000000050a660000, 0x000000050aae9ce8, 0x000000050aea0000)
  to   space 8448K,   0% used [0x0000000509e20000, 0x0000000509e20000, 0x000000050a660000)
 concurrent mark-sweep generation total 169344K, used 55413K [0x000000051a8c0000, 0x0000000524e20000, 0x00000007c0000000)
 Metaspace       used 83059K, capacity 83553K, committed 84028K, reserved 1122304K
  class space    used 11029K, capacity 11167K, committed 11236K, reserved 1048576K
}
Event: 15.353 GC heap before
{Heap before GC invocations=35 (full 3):
 par new generation   total 76160K, used 72359K [0x0000000505c00000, 0x000000050aea0000, 0x000000051a8c0000)
  eden space 67712K, 100% used [0x0000000505c00000, 0x0000000509e20000, 0x0000000509e20000)
  from space 8448K,  55% used [0x000000050a660000, 0x000000050aae9ce8, 0x000000050aea0000)
  to   space 8448K,   0% used [0x0000000509e20000, 0x0000000509e20000, 0x000000050a660000)
 concurrent mark-sweep generation total 169344K, used 54860K [0x000000051a8c0000, 0x0000000524e20000, 0x00000007c0000000)
 Metaspace       used 83999K, capacity 84533K, committed 85032K, reserved 1122304K
  class space    used 11159K, capacity 11300K, committed 11364K, reserved 1048576K
Event: 15.387 GC heap after
Heap after GC invocations=36 (full 3):
 par new generation   total 76160K, used 5770K [0x0000000505c00000, 0x000000050aea0000, 0x000000051a8c0000)
  eden space 67712K,   0% used [0x0000000505c00000, 0x0000000505c00000, 0x0000000509e20000)
  from space 8448K,  68% used [0x0000000509e20000, 0x000000050a3c2a60, 0x000000050a660000)
  to   space 8448K,   0% used [0x000000050a660000, 0x000000050a660000, 0x000000050aea0000)
 concurrent mark-sweep generation total 169344K, used 87628K [0x000000051a8c0000, 0x0000000524e20000, 0x00000007c0000000)
 Metaspace       used 83999K, capacity 84533K, committed 85032K, reserved 1122304K
  class space    used 11159K, capacity 11300K, committed 11364K, reserved 1048576K
}
Event: 15.652 GC heap before
{Heap before GC invocations=36 (full 4):
 par new generation   total 76160K, used 73482K [0x0000000505c00000, 0x000000050aea0000, 0x000000051a8c0000)
  eden space 67712K, 100% used [0x0000000505c00000, 0x0000000509e20000, 0x0000000509e20000)
  from space 8448K,  68% used [0x0000000509e20000, 0x000000050a3c2a60, 0x000000050a660000)
  to   space 8448K,   0% used [0x000000050a660000, 0x000000050a660000, 0x000000050aea0000)
 concurrent mark-sweep generation total 169344K, used 87628K [0x000000051a8c0000, 0x0000000524e20000, 0x00000007c0000000)
 Metaspace       used 85564K, capacity 86017K, committed 86568K, reserved 1124352K
  class space    used 11406K, capacity 11558K, committed 11620K, reserved 1048576K
Event: 15.658 GC heap after
Heap after GC invocations=37 (full 4):
 par new generation   total 76160K, used 6816K [0x0000000505c00000, 0x000000050aea0000, 0x000000051a8c0000)
  eden space 67712K,   0% used [0x0000000505c00000, 0x0000000505c00000, 0x0000000509e20000)
  from space 8448K,  80% used [0x000000050a660000, 0x000000050ad08178, 0x000000050aea0000)
  to   space 8448K,   0% used [0x0000000509e20000, 0x0000000509e20000, 0x000000050a660000)
 concurrent mark-sweep generation total 169344K, used 88095K [0x000000051a8c0000, 0x0000000524e20000, 0x00000007c0000000)
 Metaspace       used 85564K, capacity 86017K, committed 86568K, reserved 1124352K
  class space    used 11406K, capacity 11558K, committed 11620K, reserved 1048576K
}
Event: 15.936 GC heap before
{Heap before GC invocations=37 (full 4):
 par new generation   total 76160K, used 74528K [0x0000000505c00000, 0x000000050aea0000, 0x000000051a8c0000)
  eden space 67712K, 100% used [0x0000000505c00000, 0x0000000509e20000, 0x0000000509e20000)
  from space 8448K,  80% used [0x000000050a660000, 0x000000050ad08178, 0x000000050aea0000)
  to   space 8448K,   0% used [0x0000000509e20000, 0x0000000509e20000, 0x000000050a660000)
 concurrent mark-sweep generation total 169344K, used 88083K [0x000000051a8c0000, 0x0000000524e20000, 0x00000007c0000000)
 Metaspace       used 86820K, capacity 87339K, committed 87848K, reserved 1126400K
  class space    used 11657K, capacity 11805K, committed 11876K, reserved 1048576K
Event: 15.943 GC heap after
Heap after GC invocations=38 (full 4):
 par new generation   total 76160K, used 6438K [0x0000000505c00000, 0x000000050aea0000, 0x000000051a8c0000)
  eden space 67712K,   0% used [0x0000000505c00000, 0x0000000505c00000, 0x0000000509e20000)
  from space 8448K,  76% used [0x0000000509e20000, 0x000000050a469a00, 0x000000050a660000)
  to   space 8448K,   0% used [0x000000050a660000, 0x000000050a660000, 0x000000050aea0000)
 concurrent mark-sweep generation total 169344K, used 88853K [0x000000051a8c0000, 0x0000000524e20000, 0x00000007c0000000)
 Metaspace       used 86820K, capacity 87339K, committed 87848K, reserved 1126400K
  class space    used 11657K, capacity 11805K, committed 11876K, reserved 1048576K
}
Event: 16.444 GC heap before
{Heap before GC invocations=38 (full 4):
 par new generation   total 76160K, used 74150K [0x0000000505c00000, 0x000000050aea0000, 0x000000051a8c0000)
  eden space 67712K, 100% used [0x0000000505c00000, 0x0000000509e20000, 0x0000000509e20000)
  from space 8448K,  76% used [0x0000000509e20000, 0x000000050a469a00, 0x000000050a660000)
  to   space 8448K,   0% used [0x000000050a660000, 0x000000050a660000, 0x000000050aea0000)
 concurrent mark-sweep generation total 169344K, used 88771K [0x000000051a8c0000, 0x0000000524e20000, 0x00000007c0000000)
 Metaspace       used 88402K, capacity 89027K, committed 89384K, reserved 1126400K
  class space    used 11935K, capacity 12097K, committed 12132K, reserved 1048576K
Event: 16.450 GC heap after
Heap after GC invocations=39 (full 4):
 par new generation   total 76160K, used 5702K [0x0000000505c00000, 0x000000050aea0000, 0x000000051a8c0000)
  eden space 67712K,   0% used [0x0000000505c00000, 0x0000000505c00000, 0x0000000509e20000)
  from space 8448K,  67% used [0x000000050a660000, 0x000000050abf1b18, 0x000000050aea0000)
  to   space 8448K,   0% used [0x0000000509e20000, 0x0000000509e20000, 0x000000050a660000)
 concurrent mark-sweep generation total 169344K, used 90329K [0x000000051a8c0000, 0x0000000524e20000, 0x00000007c0000000)
 Metaspace       used 88402K, capacity 89027K, committed 89384K, reserved 1126400K
  class space    used 11935K, capacity 12097K, committed 12132K, reserved 1048576K
}
Event: 18.725 GC heap before
{Heap before GC invocations=39 (full 4):
 par new generation   total 76160K, used 73414K [0x0000000505c00000, 0x000000050aea0000, 0x000000051a8c0000)
  eden space 67712K, 100% used [0x0000000505c00000, 0x0000000509e20000, 0x0000000509e20000)
  from space 8448K,  67% used [0x000000050a660000, 0x000000050abf1b18, 0x000000050aea0000)
  to   space 8448K,   0% used [0x0000000509e20000, 0x0000000509e20000, 0x000000050a660000)
 concurrent mark-sweep generation total 169344K, used 90329K [0x000000051a8c0000, 0x0000000524e20000, 0x00000007c0000000)
 Metaspace       used 89529K, capacity 90113K, committed 90408K, reserved 1128448K
  class space    used 12144K, capacity 12300K, committed 12388K, reserved 1048576K
Event: 18.742 GC heap after
Heap after GC invocations=40 (full 4):
 par new generation   total 76160K, used 4778K [0x0000000505c00000, 0x000000050aea0000, 0x000000051a8c0000)
  eden space 67712K,   0% used [0x0000000505c00000, 0x0000000505c00000, 0x0000000509e20000)
  from space 8448K,  56% used [0x0000000509e20000, 0x000000050a2ca9b0, 0x000000050a660000)
  to   space 8448K,   0% used [0x000000050a660000, 0x000000050a660000, 0x000000050aea0000)
 concurrent mark-sweep generation total 169344K, used 106713K [0x000000051a8c0000, 0x0000000524e20000, 0x00000007c0000000)
 Metaspace       used 89529K, capacity 90113K, committed 90408K, reserved 1128448K
  class space    used 12144K, capacity 12300K, committed 12388K, reserved 1048576K
}
Event: 18.919 GC heap before
{Heap before GC invocations=40 (full 4):
 par new generation   total 76160K, used 72490K [0x0000000505c00000, 0x000000050aea0000, 0x000000051a8c0000)
  eden space 67712K, 100% used [0x0000000505c00000, 0x0000000509e20000, 0x0000000509e20000)
  from space 8448K,  56% used [0x0000000509e20000, 0x000000050a2ca9b0, 0x000000050a660000)
  to   space 8448K,   0% used [0x000000050a660000, 0x000000050a660000, 0x000000050aea0000)
 concurrent mark-sweep generation total 169344K, used 106713K [0x000000051a8c0000, 0x0000000524e20000, 0x00000007c0000000)
 Metaspace       used 91728K, capacity 92359K, committed 92584K, reserved 1128448K
  class space    used 12528K, capacity 12685K, committed 12772K, reserved 1048576K
Event: 18.924 GC heap after
Heap after GC invocations=41 (full 4):
 par new generation   total 76160K, used 6087K [0x0000000505c00000, 0x000000050aea0000, 0x000000051a8c0000)
  eden space 67712K,   0% used [0x0000000505c00000, 0x0000000505c00000, 0x0000000509e20000)
  from space 8448K,  72% used [0x000000050a660000, 0x000000050ac51d78, 0x000000050aea0000)
  to   space 8448K,   0% used [0x0000000509e20000, 0x0000000509e20000, 0x000000050a660000)
 concurrent mark-sweep generation total 169344K, used 106713K [0x000000051a8c0000, 0x0000000524e20000, 0x00000007c0000000)
 Metaspace       used 91728K, capacity 92359K, committed 92584K, reserved 1128448K
  class space    used 12528K, capacity 12685K, committed 12772K, reserved 1048576K
}
Event: 19.251 GC heap before
{Heap before GC invocations=41 (full 4):
 par new generation   total 76160K, used 73799K [0x0000000505c00000, 0x000000050aea0000, 0x000000051a8c0000)
  eden space 67712K, 100% used [0x0000000505c00000, 0x0000000509e20000, 0x0000000509e20000)
  from space 8448K,  72% used [0x000000050a660000, 0x000000050ac51d78, 0x000000050aea0000)
  to   space 8448K,   0% used [0x0000000509e20000, 0x0000000509e20000, 0x000000050a660000)
 concurrent mark-sweep generation total 169344K, used 106713K [0x000000051a8c0000, 0x0000000524e20000, 0x00000007c0000000)
 Metaspace       used 93388K, capacity 94023K, committed 94248K, reserved 1130496K
  class space    used 12730K, capacity 12877K, committed 12900K, reserved 1048576K
Event: 19.259 GC heap after
Heap after GC invocations=42 (full 4):
 par new generation   total 76160K, used 7251K [0x0000000505c00000, 0x000000050aea0000, 0x000000051a8c0000)
  eden space 67712K,   0% used [0x0000000505c00000, 0x0000000505c00000, 0x0000000509e20000)
  from space 8448K,  85% used [0x0000000509e20000, 0x000000050a534dd8, 0x000000050a660000)
  to   space 8448K,   0% used [0x000000050a660000, 0x000000050a660000, 0x000000050aea0000)
 concurrent mark-sweep generation total 169344K, used 107748K [0x000000051a8c0000, 0x0000000524e20000, 0x00000007c0000000)
 Metaspace       used 93388K, capacity 94023K, committed 94248K, reserved 1130496K
  class space    used 12730K, capacity 12877K, committed 12900K, reserved 1048576K
}
Event: 35.837 GC heap before
{Heap before GC invocations=42 (full 4):
 par new generation   total 76160K, used 74963K [0x0000000505c00000, 0x000000050aea0000, 0x000000051a8c0000)
  eden space 67712K, 100% used [0x0000000505c00000, 0x0000000509e20000, 0x0000000509e20000)
  from space 8448K,  85% used [0x0000000509e20000, 0x000000050a534dd8, 0x000000050a660000)
  to   space 8448K,   0% used [0x000000050a660000, 0x000000050a660000, 0x000000050aea0000)
 concurrent mark-sweep generation total 169344K, used 107748K [0x000000051a8c0000, 0x0000000524e20000, 0x00000007c0000000)
 Metaspace       used 94557K, capacity 95223K, committed 95400K, reserved 1132544K
  class space    used 12853K, capacity 13013K, committed 13028K, reserved 1048576K
Event: 35.845 GC heap after
Heap after GC invocations=43 (full 4):
 par new generation   total 76160K, used 6626K [0x0000000505c00000, 0x000000050aea0000, 0x000000051a8c0000)
  eden space 67712K,   0% used [0x0000000505c00000, 0x0000000505c00000, 0x0000000509e20000)
  from space 8448K,  78% used [0x000000050a660000, 0x000000050acd8b70, 0x000000050aea0000)
  to   space 8448K,   0% used [0x0000000509e20000, 0x0000000509e20000, 0x000000050a660000)
 concurrent mark-sweep generation total 169344K, used 108575K [0x000000051a8c0000, 0x0000000524e20000, 0x00000007c0000000)
 Metaspace       used 94557K, capacity 95223K, committed 95400K, reserved 1132544K
  class space    used 12853K, capacity 13013K, committed 13028K, reserved 1048576K
}
Event: 82.163 GC heap before
{Heap before GC invocations=43 (full 4):
 par new generation   total 76160K, used 74338K [0x0000000505c00000, 0x000000050aea0000, 0x000000051a8c0000)
  eden space 67712K, 100% used [0x0000000505c00000, 0x0000000509e20000, 0x0000000509e20000)
  from space 8448K,  78% used [0x000000050a660000, 0x000000050acd8b70, 0x000000050aea0000)
  to   space 8448K,   0% used [0x0000000509e20000, 0x0000000509e20000, 0x000000050a660000)
 concurrent mark-sweep generation total 169344K, used 108575K [0x000000051a8c0000, 0x0000000524e20000, 0x00000007c0000000)
 Metaspace       used 96235K, capacity 96903K, committed 97192K, reserved 1132544K
  class space    used 13073K, capacity 13245K, committed 13284K, reserved 1048576K
Event: 82.170 GC heap after
Heap after GC invocations=44 (full 4):
 par new generation   total 76160K, used 7144K [0x0000000505c00000, 0x000000050aea0000, 0x000000051a8c0000)
  eden space 67712K,   0% used [0x0000000505c00000, 0x0000000505c00000, 0x0000000509e20000)
  from space 8448K,  84% used [0x0000000509e20000, 0x000000050a51a230, 0x000000050a660000)
  to   space 8448K,   0% used [0x000000050a660000, 0x000000050a660000, 0x000000050aea0000)
 concurrent mark-sweep generation total 169344K, used 109073K [0x000000051a8c0000, 0x0000000524e20000, 0x00000007c0000000)
 Metaspace       used 96235K, capacity 96903K, committed 97192K, reserved 1132544K
  class space    used 13073K, capacity 13245K, committed 13284K, reserved 1048576K
}
Event: 82.373 GC heap before
{Heap before GC invocations=44 (full 4):
 par new generation   total 76160K, used 74856K [0x0000000505c00000, 0x000000050aea0000, 0x000000051a8c0000)
  eden space 67712K, 100% used [0x0000000505c00000, 0x0000000509e20000, 0x0000000509e20000)
  from space 8448K,  84% used [0x0000000509e20000, 0x000000050a51a230, 0x000000050a660000)
  to   space 8448K,   0% used [0x000000050a660000, 0x000000050a660000, 0x000000050aea0000)
 concurrent mark-sweep generation total 169344K, used 109073K [0x000000051a8c0000, 0x0000000524e20000, 0x00000007c0000000)
 Metaspace       used 97931K, capacity 98637K, committed 98984K, reserved 1134592K
  class space    used 13345K, capacity 13502K, committed 13540K, reserved 1048576K
Event: 82.382 GC heap after
Heap after GC invocations=45 (full 4):
 par new generation   total 76160K, used 5706K [0x0000000505c00000, 0x000000050aea0000, 0x000000051a8c0000)
  eden space 67712K,   0% used [0x0000000505c00000, 0x0000000505c00000, 0x0000000509e20000)
  from space 8448K,  67% used [0x000000050a660000, 0x000000050abf2b98, 0x000000050aea0000)
  to   space 8448K,   0% used [0x0000000509e20000, 0x0000000509e20000, 0x000000050a660000)
 concurrent mark-sweep generation total 169344K, used 111265K [0x000000051a8c0000, 0x0000000524e20000, 0x00000007c0000000)
 Metaspace       used 97931K, capacity 98637K, committed 98984K, reserved 1134592K
  class space    used 13345K, capacity 13502K, committed 13540K, reserved 1048576K
}
Event: 82.964 GC heap before
{Heap before GC invocations=45 (full 4):
 par new generation   total 76160K, used 73418K [0x0000000505c00000, 0x000000050aea0000, 0x000000051a8c0000)
  eden space 67712K, 100% used [0x0000000505c00000, 0x0000000509e20000, 0x0000000509e20000)
  from space 8448K,  67% used [0x000000050a660000, 0x000000050abf2b98, 0x000000050aea0000)
  to   space 8448K,   0% used [0x0000000509e20000, 0x0000000509e20000, 0x000000050a660000)
 concurrent mark-sweep generation total 169344K, used 111265K [0x000000051a8c0000, 0x0000000524e20000, 0x00000007c0000000)
 Metaspace       used 99870K, capacity 100645K, committed 101032K, reserved 1136640K
  class space    used 13582K, capacity 13763K, committed 13796K, reserved 1048576K
Event: 82.971 GC heap after
Heap after GC invocations=46 (full 4):
 par new generation   total 76160K, used 5889K [0x0000000505c00000, 0x000000050aea0000, 0x000000051a8c0000)
  eden space 67712K,   0% used [0x0000000505c00000, 0x0000000505c00000, 0x0000000509e20000)
  from space 8448K,  69% used [0x0000000509e20000, 0x000000050a3e0768, 0x000000050a660000)
  to   space 8448K,   0% used [0x000000050a660000, 0x000000050a660000, 0x000000050aea0000)
 concurrent mark-sweep generation total 169344K, used 111265K [0x000000051a8c0000, 0x0000000524e20000, 0x00000007c0000000)
 Metaspace       used 99870K, capacity 100645K, committed 101032K, reserved 1136640K
  class space    used 13582K, capacity 13763K, committed 13796K, reserved 1048576K
}
Event: 83.258 GC heap before
{Heap before GC invocations=46 (full 4):
 par new generation   total 76160K, used 73601K [0x0000000505c00000, 0x000000050aea0000, 0x000000051a8c0000)
  eden space 67712K, 100% used [0x0000000505c00000, 0x0000000509e20000, 0x0000000509e20000)
  from space 8448K,  69% used [0x0000000509e20000, 0x000000050a3e0768, 0x000000050a660000)
  to   space 8448K,   0% used [0x000000050a660000, 0x000000050a660000, 0x000000050aea0000)
 concurrent mark-sweep generation total 169344K, used 111265K [0x000000051a8c0000, 0x0000000524e20000, 0x00000007c0000000)
 Metaspace       used 101441K, capacity 102205K, committed 102568K, reserved 1138688K
  class space    used 13814K, capacity 13999K, committed 14052K, reserved 1048576K
Event: 83.270 GC heap after
Heap after GC invocations=47 (full 4):
 par new generation   total 76160K, used 6452K [0x0000000505c00000, 0x000000050aea0000, 0x000000051a8c0000)
  eden space 67712K,   0% used [0x0000000505c00000, 0x0000000505c00000, 0x0000000509e20000)
  from space 8448K,  76% used [0x000000050a660000, 0x000000050acad2f0, 0x000000050aea0000)
  to   space 8448K,   0% used [0x0000000509e20000, 0x0000000509e20000, 0x000000050a660000)
 concurrent mark-sweep generation total 169344K, used 112562K [0x000000051a8c0000, 0x0000000524e20000, 0x00000007c0000000)
 Metaspace       used 101441K, capacity 102205K, committed 102568K, reserved 1138688K
  class space    used 13814K, capacity 13999K, committed 14052K, reserved 1048576K
}
Event: 87.536 GC heap before
{Heap before GC invocations=47 (full 4):
 par new generation   total 76160K, used 74164K [0x0000000505c00000, 0x000000050aea0000, 0x000000051a8c0000)
  eden space 67712K, 100% used [0x0000000505c00000, 0x0000000509e20000, 0x0000000509e20000)
  from space 8448K,  76% used [0x000000050a660000, 0x000000050acad2f0, 0x000000050aea0000)
  to   space 8448K,   0% used [0x0000000509e20000, 0x0000000509e20000, 0x000000050a660000)
 concurrent mark-sweep generation total 169344K, used 112562K [0x000000051a8c0000, 0x0000000524e20000, 0x00000007c0000000)
 Metaspace       used 102839K, capacity 103721K, committed 104104K, reserved 1138688K
  class space    used 14054K, capacity 14239K, committed 14308K, reserved 1048576K
Event: 87.542 GC heap after
Heap after GC invocations=48 (full 4):
 par new generation   total 76160K, used 5699K [0x0000000505c00000, 0x000000050aea0000, 0x000000051a8c0000)
  eden space 67712K,   0% used [0x0000000505c00000, 0x0000000505c00000, 0x0000000509e20000)
  from space 8448K,  67% used [0x0000000509e20000, 0x000000050a3b0db0, 0x000000050a660000)
  to   space 8448K,   0% used [0x000000050a660000, 0x000000050a660000, 0x000000050aea0000)
 concurrent mark-sweep generation total 169344K, used 113207K [0x000000051a8c0000, 0x0000000524e20000, 0x00000007c0000000)
 Metaspace       used 102839K, capacity 103721K, committed 104104K, reserved 1138688K
  class space    used 14054K, capacity 14239K, committed 14308K, reserved 1048576K
}
Event: 94.676 GC heap before
{Heap before GC invocations=48 (full 4):
 par new generation   total 76160K, used 73411K [0x0000000505c00000, 0x000000050aea0000, 0x000000051a8c0000)
  eden space 67712K, 100% used [0x0000000505c00000, 0x0000000509e20000, 0x0000000509e20000)
  from space 8448K,  67% used [0x0000000509e20000, 0x000000050a3b0db0, 0x000000050a660000)
  to   space 8448K,   0% used [0x000000050a660000, 0x000000050a660000, 0x000000050aea0000)
 concurrent mark-sweep generation total 169344K, used 113207K [0x000000051a8c0000, 0x0000000524e20000, 0x00000007c0000000)
 Metaspace       used 103249K, capacity 104101K, committed 104360K, reserved 1138688K
  class space    used 14060K, capacity 14249K, committed 14308K, reserved 1048576K
Event: 94.700 GC heap after
Heap after GC invocations=49 (full 4):
 par new generation   total 76160K, used 5833K [0x0000000505c00000, 0x000000050aea0000, 0x000000051a8c0000)
  eden space 67712K,   0% used [0x0000000505c00000, 0x0000000505c00000, 0x0000000509e20000)
  from space 8448K,  69% used [0x000000050a660000, 0x000000050ac12458, 0x000000050aea0000)
  to   space 8448K,   0% used [0x0000000509e20000, 0x0000000509e20000, 0x000000050a660000)
 concurrent mark-sweep generation total 169344K, used 131042K [0x000000051a8c0000, 0x0000000524e20000, 0x00000007c0000000)
 Metaspace       used 103249K, capacity 104101K, committed 104360K, reserved 1138688K
  class space    used 14060K, capacity 14249K, committed 14308K, reserved 1048576K
}
Event: 112.873 GC heap before
{Heap before GC invocations=49 (full 5):
 par new generation   total 76160K, used 73545K [0x0000000505c00000, 0x000000050aea0000, 0x000000051a8c0000)
  eden space 67712K, 100% used [0x0000000505c00000, 0x0000000509e20000, 0x0000000509e20000)
  from space 8448K,  69% used [0x000000050a660000, 0x000000050ac12458, 0x000000050aea0000)
  to   space 8448K,   0% used [0x0000000509e20000, 0x0000000509e20000, 0x000000050a660000)
 concurrent mark-sweep generation total 217416K, used 130449K [0x000000051a8c0000, 0x0000000527d12000, 0x00000007c0000000)
 Metaspace       used 103822K, capacity 104721K, committed 104872K, reserved 1140736K
  class space    used 14092K, capacity 14283K, committed 14308K, reserved 1048576K
Event: 112.879 GC heap after
Heap after GC invocations=50 (full 5):
 par new generation   total 76160K, used 6005K [0x0000000505c00000, 0x000000050aea0000, 0x000000051a8c0000)
  eden space 67712K,   0% used [0x0000000505c00000, 0x0000000505c00000, 0x0000000509e20000)
  from space 8448K,  71% used [0x0000000509e20000, 0x000000050a3fd7b0, 0x000000050a660000)
  to   space 8448K,   0% used [0x000000050a660000, 0x000000050a660000, 0x000000050aea0000)
 concurrent mark-sweep generation total 217416K, used 130449K [0x000000051a8c0000, 0x0000000527d12000, 0x00000007c0000000)
 Metaspace       used 103822K, capacity 104721K, committed 104872K, reserved 1140736K
  class space    used 14092K, capacity 14283K, committed 14308K, reserved 1048576K
}
Event: 113.072 GC heap before
{Heap before GC invocations=50 (full 5):
 par new generation   total 76160K, used 73717K [0x0000000505c00000, 0x000000050aea0000, 0x000000051a8c0000)
  eden space 67712K, 100% used [0x0000000505c00000, 0x0000000509e20000, 0x0000000509e20000)
  from space 8448K,  71% used [0x0000000509e20000, 0x000000050a3fd7b0, 0x000000050a660000)
  to   space 8448K,   0% used [0x000000050a660000, 0x000000050a660000, 0x000000050aea0000)
 concurrent mark-sweep generation total 217416K, used 130449K [0x000000051a8c0000, 0x0000000527d12000, 0x00000007c0000000)
 Metaspace       used 103883K, capacity 104803K, committed 105128K, reserved 1140736K
  class space    used 14097K, capacity 14286K, committed 14308K, reserved 1048576K
Event: 113.078 GC heap after
Heap after GC invocations=51 (full 5):
 par new generation   total 76160K, used 3819K [0x0000000505c00000, 0x000000050aea0000, 0x000000051a8c0000)
  eden space 67712K,   0% used [0x0000000505c00000, 0x0000000505c00000, 0x0000000509e20000)
  from space 8448K,  45% used [0x000000050a660000, 0x000000050aa1af48, 0x000000050aea0000)
  to   space 8448K,   0% used [0x0000000509e20000, 0x0000000509e20000, 0x000000050a660000)
 concurrent mark-sweep generation total 217416K, used 131499K [0x000000051a8c0000, 0x0000000527d12000, 0x00000007c0000000)
 Metaspace       used 103883K, capacity 104803K, committed 105128K, reserved 1140736K
  class space    used 14097K, capacity 14286K, committed 14308K, reserved 1048576K
}
Event: 113.250 GC heap before
{Heap before GC invocations=51 (full 5):
 par new generation   total 76160K, used 71531K [0x0000000505c00000, 0x000000050aea0000, 0x000000051a8c0000)
  eden space 67712K, 100% used [0x0000000505c00000, 0x0000000509e20000, 0x0000000509e20000)
  from space 8448K,  45% used [0x000000050a660000, 0x000000050aa1af48, 0x000000050aea0000)
  to   space 8448K,   0% used [0x0000000509e20000, 0x0000000509e20000, 0x000000050a660000)
 concurrent mark-sweep generation total 217416K, used 131499K [0x000000051a8c0000, 0x0000000527d12000, 0x00000007c0000000)
 Metaspace       used 103914K, capacity 104815K, committed 105128K, reserved 1140736K
  class space    used 14098K, capacity 14288K, committed 14308K, reserved 1048576K
Event: 113.265 GC heap after
Heap after GC invocations=52 (full 5):
 par new generation   total 76160K, used 4269K [0x0000000505c00000, 0x000000050aea0000, 0x000000051a8c0000)
  eden space 67712K,   0% used [0x0000000505c00000, 0x0000000505c00000, 0x0000000509e20000)
  from space 8448K,  50% used [0x0000000509e20000, 0x000000050a24b670, 0x000000050a660000)
  to   space 8448K,   0% used [0x000000050a660000, 0x000000050a660000, 0x000000050aea0000)
 concurrent mark-sweep generation total 217416K, used 131499K [0x000000051a8c0000, 0x0000000527d12000, 0x00000007c0000000)
 Metaspace       used 103914K, capacity 104815K, committed 105128K, reserved 1140736K
  class space    used 14098K, capacity 14288K, committed 14308K, reserved 1048576K
}
Event: 113.534 GC heap before
{Heap before GC invocations=52 (full 5):
 par new generation   total 76160K, used 71981K [0x0000000505c00000, 0x000000050aea0000, 0x000000051a8c0000)
  eden space 67712K, 100% used [0x0000000505c00000, 0x0000000509e20000, 0x0000000509e20000)
  from space 8448K,  50% used [0x0000000509e20000, 0x000000050a24b670, 0x000000050a660000)
  to   space 8448K,   0% used [0x000000050a660000, 0x000000050a660000, 0x000000050aea0000)
 concurrent mark-sweep generation total 217416K, used 131499K [0x000000051a8c0000, 0x0000000527d12000, 0x00000007c0000000)
 Metaspace       used 104288K, capacity 105229K, committed 105512K, reserved 1140736K
  class space    used 14154K, capacity 14357K, committed 14436K, reserved 1048576K
Event: 113.543 GC heap after
Heap after GC invocations=53 (full 5):
 par new generation   total 76160K, used 3549K [0x0000000505c00000, 0x000000050aea0000, 0x000000051a8c0000)
  eden space 67712K,   0% used [0x0000000505c00000, 0x0000000505c00000, 0x0000000509e20000)
  from space 8448K,  42% used [0x000000050a660000, 0x000000050a9d7630, 0x000000050aea0000)
  to   space 8448K,   0% used [0x0000000509e20000, 0x0000000509e20000, 0x000000050a660000)
 concurrent mark-sweep generation total 217416K, used 131499K [0x000000051a8c0000, 0x0000000527d12000, 0x00000007c0000000)
 Metaspace       used 104288K, capacity 105229K, committed 105512K, reserved 1140736K
  class space    used 14154K, capacity 14357K, committed 14436K, reserved 1048576K
}
Event: 113.833 GC heap before
{Heap before GC invocations=53 (full 5):
 par new generation   total 76160K, used 71261K [0x0000000505c00000, 0x000000050aea0000, 0x000000051a8c0000)
  eden space 67712K, 100% used [0x0000000505c00000, 0x0000000509e20000, 0x0000000509e20000)
  from space 8448K,  42% used [0x000000050a660000, 0x000000050a9d7630, 0x000000050aea0000)
  to   space 8448K,   0% used [0x0000000509e20000, 0x0000000509e20000, 0x000000050a660000)
 concurrent mark-sweep generation total 217416K, used 131499K [0x000000051a8c0000, 0x0000000527d12000, 0x00000007c0000000)
 Metaspace       used 105527K, capacity 106419K, committed 106792K, reserved 1140736K
  class space    used 14375K, capacity 14582K, committed 14692K, reserved 1048576K
Event: 113.846 GC heap after
Heap after GC invocations=54 (full 5):
 par new generation   total 76160K, used 4268K [0x0000000505c00000, 0x000000050aea0000, 0x000000051a8c0000)
  eden space 67712K,   0% used [0x0000000505c00000, 0x0000000505c00000, 0x0000000509e20000)
  from space 8448K,  50% used [0x0000000509e20000, 0x000000050a24b0b8, 0x000000050a660000)
  to   space 8448K,   0% used [0x000000050a660000, 0x000000050a660000, 0x000000050aea0000)
 concurrent mark-sweep generation total 217416K, used 132825K [0x000000051a8c0000, 0x0000000527d12000, 0x00000007c0000000)
 Metaspace       used 105527K, capacity 106419K, committed 106792K, reserved 1140736K
  class space    used 14375K, capacity 14582K, committed 14692K, reserved 1048576K
}
Event: 114.065 GC heap before
{Heap before GC invocations=54 (full 5):
 par new generation   total 76160K, used 71980K [0x0000000505c00000, 0x000000050aea0000, 0x000000051a8c0000)
  eden space 67712K, 100% used [0x0000000505c00000, 0x0000000509e20000, 0x0000000509e20000)
  from space 8448K,  50% used [0x0000000509e20000, 0x000000050a24b0b8, 0x000000050a660000)
  to   space 8448K,   0% used [0x000000050a660000, 0x000000050a660000, 0x000000050aea0000)
 concurrent mark-sweep generation total 217416K, used 132825K [0x000000051a8c0000, 0x0000000527d12000, 0x00000007c0000000)
 Metaspace       used 107062K, capacity 107955K, committed 108328K, reserved 1142784K
  class space    used 14645K, capacity 14838K, committed 14948K, reserved 1048576K
Event: 114.070 GC heap after
Heap after GC invocations=55 (full 5):
 par new generation   total 76160K, used 3810K [0x0000000505c00000, 0x000000050aea0000, 0x000000051a8c0000)
  eden space 67712K,   0% used [0x0000000505c00000, 0x0000000505c00000, 0x0000000509e20000)
  from space 8448K,  45% used [0x000000050a660000, 0x000000050aa18a70, 0x000000050aea0000)
  to   space 8448K,   0% used [0x0000000509e20000, 0x0000000509e20000, 0x000000050a660000)
 concurrent mark-sweep generation total 217416K, used 133341K [0x000000051a8c0000, 0x0000000527d12000, 0x00000007c0000000)
 Metaspace       used 107062K, capacity 107955K, committed 108328K, reserved 1142784K
  class space    used 14645K, capacity 14838K, committed 14948K, reserved 1048576K
}
Event: 114.316 GC heap before
{Heap before GC invocations=55 (full 5):
 par new generation   total 76160K, used 71522K [0x0000000505c00000, 0x000000050aea0000, 0x000000051a8c0000)
  eden space 67712K, 100% used [0x0000000505c00000, 0x0000000509e20000, 0x0000000509e20000)
  from space 8448K,  45% used [0x000000050a660000, 0x000000050aa18a70, 0x000000050aea0000)
  to   space 8448K,   0% used [0x0000000509e20000, 0x0000000509e20000, 0x000000050a660000)
 concurrent mark-sweep generation total 217416K, used 133341K [0x000000051a8c0000, 0x0000000527d12000, 0x00000007c0000000)
 Metaspace       used 108807K, capacity 109803K, committed 110120K, reserved 1144832K
  class space    used 14913K, capacity 15130K, committed 15204K, reserved 1048576K
Event: 114.321 GC heap after
Heap after GC invocations=56 (full 5):
 par new generation   total 76160K, used 4682K [0x0000000505c00000, 0x000000050aea0000, 0x000000051a8c0000)
  eden space 67712K,   0% used [0x0000000505c00000, 0x0000000505c00000, 0x0000000509e20000)
  from space 8448K,  55% used [0x0000000509e20000, 0x000000050a2b2bc0, 0x000000050a660000)
  to   space 8448K,   0% used [0x000000050a660000, 0x000000050a660000, 0x000000050aea0000)
 concurrent mark-sweep generation total 217416K, used 133985K [0x000000051a8c0000, 0x0000000527d12000, 0x00000007c0000000)
 Metaspace       used 108807K, capacity 109803K, committed 110120K, reserved 1144832K
  class space    used 14913K, capacity 15130K, committed 15204K, reserved 1048576K
}
Event: 114.711 GC heap before
{Heap before GC invocations=56 (full 5):
 par new generation   total 76160K, used 72394K [0x0000000505c00000, 0x000000050aea0000, 0x000000051a8c0000)
  eden space 67712K, 100% used [0x0000000505c00000, 0x0000000509e20000, 0x0000000509e20000)
  from space 8448K,  55% used [0x0000000509e20000, 0x000000050a2b2bc0, 0x000000050a660000)
  to   space 8448K,   0% used [0x000000050a660000, 0x000000050a660000, 0x000000050aea0000)
 concurrent mark-sweep generation total 217416K, used 133985K [0x000000051a8c0000, 0x0000000527d12000, 0x00000007c0000000)
 Metaspace       used 111015K, capacity 111975K, committed 112168K, reserved 1146880K
  class space    used 15164K, capacity 15361K, committed 15460K, reserved 1048576K
Event: 114.717 GC heap after
Heap after GC invocations=57 (full 5):
 par new generation   total 76160K, used 4795K [0x0000000505c00000, 0x000000050aea0000, 0x000000051a8c0000)
  eden space 67712K,   0% used [0x0000000505c00000, 0x0000000505c00000, 0x0000000509e20000)
  from space 8448K,  56% used [0x000000050a660000, 0x000000050ab0eee8, 0x000000050aea0000)
  to   space 8448K,   0% used [0x0000000509e20000, 0x0000000509e20000, 0x000000050a660000)
 concurrent mark-sweep generation total 217416K, used 134031K [0x000000051a8c0000, 0x0000000527d12000, 0x00000007c0000000)
 Metaspace       used 111015K, capacity 111975K, committed 112168K, reserved 1146880K
  class space    used 15164K, capacity 15361K, committed 15460K, reserved 1048576K
}
Event: 118.077 GC heap before
{Heap before GC invocations=57 (full 5):
 par new generation   total 76160K, used 72507K [0x0000000505c00000, 0x000000050aea0000, 0x000000051a8c0000)
  eden space 67712K, 100% used [0x0000000505c00000, 0x0000000509e20000, 0x0000000509e20000)
  from space 8448K,  56% used [0x000000050a660000, 0x000000050ab0eee8, 0x000000050aea0000)
  to   space 8448K,   0% used [0x0000000509e20000, 0x0000000509e20000, 0x000000050a660000)
 concurrent mark-sweep generation total 217416K, used 134031K [0x000000051a8c0000, 0x0000000527d12000, 0x00000007c0000000)
 Metaspace       used 112170K, capacity 113231K, committed 113320K, reserved 1146880K
  class space    used 15339K, capacity 15565K, committed 15588K, reserved 1048576K
Event: 118.082 GC heap after
Heap after GC invocations=58 (full 5):
 par new generation   total 76160K, used 4734K [0x0000000505c00000, 0x000000050aea0000, 0x000000051a8c0000)
  eden space 67712K,   0% used [0x0000000505c00000, 0x0000000505c00000, 0x0000000509e20000)
  from space 8448K,  56% used [0x0000000509e20000, 0x000000050a2bf960, 0x000000050a660000)
  to   space 8448K,   0% used [0x000000050a660000, 0x000000050a660000, 0x000000050aea0000)
 concurrent mark-sweep generation total 217416K, used 134052K [0x000000051a8c0000, 0x0000000527d12000, 0x00000007c0000000)
 Metaspace       used 112170K, capacity 113231K, committed 113320K, reserved 1146880K
  class space    used 15339K, capacity 15565K, committed 15588K, reserved 1048576K
}
Event: 118.438 GC heap before
{Heap before GC invocations=58 (full 5):
 par new generation   total 76160K, used 72446K [0x0000000505c00000, 0x000000050aea0000, 0x000000051a8c0000)
  eden space 67712K, 100% used [0x0000000505c00000, 0x0000000509e20000, 0x0000000509e20000)
  from space 8448K,  56% used [0x0000000509e20000, 0x000000050a2bf960, 0x000000050a660000)
  to   space 8448K,   0% used [0x000000050a660000, 0x000000050a660000, 0x000000050aea0000)
 concurrent mark-sweep generation total 217416K, used 134052K [0x000000051a8c0000, 0x0000000527d12000, 0x00000007c0000000)
 Metaspace       used 113075K, capacity 114147K, committed 114344K, reserved 1148928K
  class space    used 15506K, capacity 15733K, committed 15844K, reserved 1048576K
Event: 118.443 GC heap after
Heap after GC invocations=59 (full 5):
 par new generation   total 76160K, used 4801K [0x0000000505c00000, 0x000000050aea0000, 0x000000051a8c0000)
  eden space 67712K,   0% used [0x0000000505c00000, 0x0000000505c00000, 0x0000000509e20000)
  from space 8448K,  56% used [0x000000050a660000, 0x000000050ab105b8, 0x000000050aea0000)
  to   space 8448K,   0% used [0x0000000509e20000, 0x0000000509e20000, 0x000000050a660000)
 concurrent mark-sweep generation total 217416K, used 134190K [0x000000051a8c0000, 0x0000000527d12000, 0x00000007c0000000)
 Metaspace       used 113075K, capacity 114147K, committed 114344K, reserved 1148928K
  class space    used 15506K, capacity 15733K, committed 15844K, reserved 1048576K
}
Event: 137.299 GC heap before
{Heap before GC invocations=59 (full 5):
 par new generation   total 76160K, used 72513K [0x0000000505c00000, 0x000000050aea0000, 0x000000051a8c0000)
  eden space 67712K, 100% used [0x0000000505c00000, 0x0000000509e20000, 0x0000000509e20000)
  from space 8448K,  56% used [0x000000050a660000, 0x000000050ab105b8, 0x000000050aea0000)
  to   space 8448K,   0% used [0x0000000509e20000, 0x0000000509e20000, 0x000000050a660000)
 concurrent mark-sweep generation total 217416K, used 134190K [0x000000051a8c0000, 0x0000000527d12000, 0x00000007c0000000)
 Metaspace       used 113415K, capacity 114465K, committed 114600K, reserved 1148928K
  class space    used 15548K, capacity 15770K, committed 15844K, reserved 1048576K
Event: 137.304 GC heap after
Heap after GC invocations=60 (full 5):
 par new generation   total 76160K, used 4416K [0x0000000505c00000, 0x000000050aea0000, 0x000000051a8c0000)
  eden space 67712K,   0% used [0x0000000505c00000, 0x0000000505c00000, 0x0000000509e20000)
  from space 8448K,  52% used [0x0000000509e20000, 0x000000050a270038, 0x000000050a660000)
  to   space 8448K,   0% used [0x000000050a660000, 0x000000050a660000, 0x000000050aea0000)
 concurrent mark-sweep generation total 217416K, used 134331K [0x000000051a8c0000, 0x0000000527d12000, 0x00000007c0000000)
 Metaspace       used 113415K, capacity 114465K, committed 114600K, reserved 1148928K
  class space    used 15548K, capacity 15770K, committed 15844K, reserved 1048576K
}
Event: 137.443 GC heap before
{Heap before GC invocations=60 (full 5):
 par new generation   total 76160K, used 72128K [0x0000000505c00000, 0x000000050aea0000, 0x000000051a8c0000)
  eden space 67712K, 100% used [0x0000000505c00000, 0x0000000509e20000, 0x0000000509e20000)
  from space 8448K,  52% used [0x0000000509e20000, 0x000000050a270038, 0x000000050a660000)
  to   space 8448K,   0% used [0x000000050a660000, 0x000000050a660000, 0x000000050aea0000)
 concurrent mark-sweep generation total 217416K, used 134331K [0x000000051a8c0000, 0x0000000527d12000, 0x00000007c0000000)
 Metaspace       used 113680K, capacity 114767K, committed 114856K, reserved 1148928K
  class space    used 15574K, capacity 15804K, committed 15844K, reserved 1048576K
Event: 137.449 GC heap after
Heap after GC invocations=61 (full 5):
 par new generation   total 76160K, used 6656K [0x0000000505c00000, 0x000000050aea0000, 0x000000051a8c0000)
  eden space 67712K,   0% used [0x0000000505c00000, 0x0000000505c00000, 0x0000000509e20000)
  from space 8448K,  78% used [0x000000050a660000, 0x000000050ace0058, 0x000000050aea0000)
  to   space 8448K,   0% used [0x0000000509e20000, 0x0000000509e20000, 0x000000050a660000)
 concurrent mark-sweep generation total 217416K, used 134517K [0x000000051a8c0000, 0x0000000527d12000, 0x00000007c0000000)
 Metaspace       used 113680K, capacity 114767K, committed 114856K, reserved 1148928K
  class space    used 15574K, capacity 15804K, committed 15844K, reserved 1048576K
}
Event: 140.108 GC heap before
{Heap before GC invocations=61 (full 5):
 par new generation   total 76160K, used 74368K [0x0000000505c00000, 0x000000050aea0000, 0x000000051a8c0000)
  eden space 67712K, 100% used [0x0000000505c00000, 0x0000000509e20000, 0x0000000509e20000)
  from space 8448K,  78% used [0x000000050a660000, 0x000000050ace0058, 0x000000050aea0000)
  to   space 8448K,   0% used [0x0000000509e20000, 0x0000000509e20000, 0x000000050a660000)
 concurrent mark-sweep generation total 217416K, used 134517K [0x000000051a8c0000, 0x0000000527d12000, 0x00000007c0000000)
 Metaspace       used 114005K, capacity 115165K, committed 115368K, reserved 1148928K
  class space    used 15584K, capacity 15818K, committed 15844K, reserved 1048576K
Event: 140.127 GC heap after
Heap after GC invocations=62 (full 5):
 par new generation   total 76160K, used 5157K [0x0000000505c00000, 0x000000050aea0000, 0x000000051a8c0000)
  eden space 67712K,   0% used [0x0000000505c00000, 0x0000000505c00000, 0x0000000509e20000)
  from space 8448K,  61% used [0x0000000509e20000, 0x000000050a3296b0, 0x000000050a660000)
  to   space 8448K,   0% used [0x000000050a660000, 0x000000050a660000, 0x000000050aea0000)
 concurrent mark-sweep generation total 217416K, used 151703K [0x000000051a8c0000, 0x0000000527d12000, 0x00000007c0000000)
 Metaspace       used 114005K, capacity 115165K, committed 115368K, reserved 1148928K
  class space    used 15584K, capacity 15818K, committed 15844K, reserved 1048576K
}
Event: 140.267 GC heap before
{Heap before GC invocations=62 (full 5):
 par new generation   total 76160K, used 72598K [0x0000000505c00000, 0x000000050aea0000, 0x000000051a8c0000)
  eden space 67712K,  99% used [0x0000000505c00000, 0x0000000509ddc500, 0x0000000509e20000)
  from space 8448K,  61% used [0x0000000509e20000, 0x000000050a3296b0, 0x000000050a660000)
  to   space 8448K,   0% used [0x000000050a660000, 0x000000050a660000, 0x000000050aea0000)
 concurrent mark-sweep generation total 217416K, used 151703K [0x000000051a8c0000, 0x0000000527d12000, 0x00000007c0000000)
 Metaspace       used 114115K, capacity 115265K, committed 115368K, reserved 1148928K
  class space    used 15587K, capacity 15824K, committed 15844K, reserved 1048576K
Event: 140.275 GC heap after
Heap after GC invocations=63 (full 5):
 par new generation   total 76160K, used 4459K [0x0000000505c00000, 0x000000050aea0000, 0x000000051a8c0000)
  eden space 67712K,   0% used [0x0000000505c00000, 0x0000000505c00000, 0x0000000509e20000)
  from space 8448K,  52% used [0x000000050a660000, 0x000000050aabad80, 0x000000050aea0000)
  to   space 8448K,   0% used [0x0000000509e20000, 0x0000000509e20000, 0x000000050a660000)
 concurrent mark-sweep generation total 217416K, used 152461K [0x000000051a8c0000, 0x0000000527d12000, 0x00000007c0000000)
 Metaspace       used 114115K, capacity 115265K, committed 115368K, reserved 1148928K
  class space    used 15587K, capacity 15824K, committed 15844K, reserved 1048576K
}
Event: 324.888 GC heap before
{Heap before GC invocations=63 (full 6):
 par new generation   total 76160K, used 72171K [0x0000000505c00000, 0x000000050aea0000, 0x000000051a8c0000)
  eden space 67712K, 100% used [0x0000000505c00000, 0x0000000509e20000, 0x0000000509e20000)
  from space 8448K,  52% used [0x000000050a660000, 0x000000050aabad80, 0x000000050aea0000)
  to   space 8448K,   0% used [0x0000000509e20000, 0x0000000509e20000, 0x000000050a660000)
 concurrent mark-sweep generation total 253444K, used 152065K [0x000000051a8c0000, 0x000000052a041000, 0x00000007c0000000)
 Metaspace       used 114997K, capacity 116529K, committed 116904K, reserved 1150976K
  class space    used 15679K, capacity 15974K, committed 16100K, reserved 1048576K
Event: 324.905 GC heap after
Heap after GC invocations=64 (full 6):
 par new generation   total 76160K, used 3364K [0x0000000505c00000, 0x000000050aea0000, 0x000000051a8c0000)
  eden space 67712K,   0% used [0x0000000505c00000, 0x0000000505c00000, 0x0000000509e20000)
  from space 8448K,  39% used [0x0000000509e20000, 0x000000050a169378, 0x000000050a660000)
  to   space 8448K,   0% used [0x000000050a660000, 0x000000050a660000, 0x000000050aea0000)
 concurrent mark-sweep generation total 253444K, used 168875K [0x000000051a8c0000, 0x000000052a041000, 0x00000007c0000000)
 Metaspace       used 114997K, capacity 116529K, committed 116904K, reserved 1150976K
  class space    used 15679K, capacity 15974K, committed 16100K, reserved 1048576K
}
Event: 572.319 GC heap before
{Heap before GC invocations=64 (full 6):
 par new generation   total 76160K, used 71076K [0x0000000505c00000, 0x000000050aea0000, 0x000000051a8c0000)
  eden space 67712K, 100% used [0x0000000505c00000, 0x0000000509e20000, 0x0000000509e20000)
  from space 8448K,  39% used [0x0000000509e20000, 0x000000050a169378, 0x000000050a660000)
  to   space 8448K,   0% used [0x000000050a660000, 0x000000050a660000, 0x000000050aea0000)
 concurrent mark-sweep generation total 253444K, used 168875K [0x000000051a8c0000, 0x000000052a041000, 0x00000007c0000000)
 Metaspace       used 115906K, capacity 117719K, committed 118056K, reserved 1150976K
  class space    used 15763K, capacity 16103K, committed 16228K, reserved 1048576K
Event: 572.323 GC heap after
Heap after GC invocations=65 (full 6):
 par new generation   total 76160K, used 3066K [0x0000000505c00000, 0x000000050aea0000, 0x000000051a8c0000)
  eden space 67712K,   0% used [0x0000000505c00000, 0x0000000505c00000, 0x0000000509e20000)
  from space 8448K,  36% used [0x000000050a660000, 0x000000050a95ebf8, 0x000000050aea0000)
  to   space 8448K,   0% used [0x0000000509e20000, 0x0000000509e20000, 0x000000050a660000)
 concurrent mark-sweep generation total 253444K, used 169232K [0x000000051a8c0000, 0x000000052a041000, 0x00000007c0000000)
 Metaspace       used 115906K, capacity 117719K, committed 118056K, reserved 1150976K
  class space    used 15763K, capacity 16103K, committed 16228K, reserved 1048576K
}
Event: 572.413 GC heap before
{Heap before GC invocations=65 (full 6):
 par new generation   total 76160K, used 70778K [0x0000000505c00000, 0x000000050aea0000, 0x000000051a8c0000)
  eden space 67712K, 100% used [0x0000000505c00000, 0x0000000509e20000, 0x0000000509e20000)
  from space 8448K,  36% used [0x000000050a660000, 0x000000050a95ebf8, 0x000000050aea0000)
  to   space 8448K,   0% used [0x0000000509e20000, 0x0000000509e20000, 0x000000050a660000)
 concurrent mark-sweep generation total 253444K, used 169232K [0x000000051a8c0000, 0x000000052a041000, 0x00000007c0000000)
 Metaspace       used 115981K, capacity 117783K, committed 118056K, reserved 1150976K
  class space    used 15768K, capacity 16103K, committed 16228K, reserved 1048576K
Event: 572.419 GC heap after
Heap after GC invocations=66 (full 6):
 par new generation   total 76160K, used 4392K [0x0000000505c00000, 0x000000050aea0000, 0x000000051a8c0000)
  eden space 67712K,   0% used [0x0000000505c00000, 0x0000000505c00000, 0x0000000509e20000)
  from space 8448K,  51% used [0x0000000509e20000, 0x000000050a26a158, 0x000000050a660000)
  to   space 8448K,   0% used [0x000000050a660000, 0x000000050a660000, 0x000000050aea0000)
 concurrent mark-sweep generation total 253444K, used 169404K [0x000000051a8c0000, 0x000000052a041000, 0x00000007c0000000)
 Metaspace       used 115981K, capacity 117783K, committed 118056K, reserved 1150976K
  class space    used 15768K, capacity 16103K, committed 16228K, reserved 1048576K
}
Event: 623.884 GC heap before
{Heap before GC invocations=66 (full 6):
 par new generation   total 76160K, used 72104K [0x0000000505c00000, 0x000000050aea0000, 0x000000051a8c0000)
  eden space 67712K, 100% used [0x0000000505c00000, 0x0000000509e20000, 0x0000000509e20000)
  from space 8448K,  51% used [0x0000000509e20000, 0x000000050a26a158, 0x000000050a660000)
  to   space 8448K,   0% used [0x000000050a660000, 0x000000050a660000, 0x000000050aea0000)
 concurrent mark-sweep generation total 253444K, used 169404K [0x000000051a8c0000, 0x000000052a041000, 0x00000007c0000000)
 Metaspace       used 116729K, capacity 118597K, committed 118952K, reserved 1153024K
  class space    used 15878K, capacity 16233K, committed 16356K, reserved 1048576K
Event: 623.889 GC heap after
Heap after GC invocations=67 (full 6):
 par new generation   total 76160K, used 4906K [0x0000000505c00000, 0x000000050aea0000, 0x000000051a8c0000)
  eden space 67712K,   0% used [0x0000000505c00000, 0x0000000505c00000, 0x0000000509e20000)
  from space 8448K,  58% used [0x000000050a660000, 0x000000050ab2ab40, 0x000000050aea0000)
  to   space 8448K,   0% used [0x0000000509e20000, 0x0000000509e20000, 0x000000050a660000)
 concurrent mark-sweep generation total 253444K, used 169725K [0x000000051a8c0000, 0x000000052a041000, 0x00000007c0000000)
 Metaspace       used 116729K, capacity 118597K, committed 118952K, reserved 1153024K
  class space    used 15878K, capacity 16233K, committed 16356K, reserved 1048576K
}
Event: 624.051 GC heap before
{Heap before GC invocations=67 (full 6):
 par new generation   total 76160K, used 72618K [0x0000000505c00000, 0x000000050aea0000, 0x000000051a8c0000)
  eden space 67712K, 100% used [0x0000000505c00000, 0x0000000509e20000, 0x0000000509e20000)
  from space 8448K,  58% used [0x000000050a660000, 0x000000050ab2ab40, 0x000000050aea0000)
  to   space 8448K,   0% used [0x0000000509e20000, 0x0000000509e20000, 0x000000050a660000)
 concurrent mark-sweep generation total 253444K, used 169725K [0x000000051a8c0000, 0x000000052a041000, 0x00000007c0000000)
 Metaspace       used 116848K, capacity 118705K, committed 118952K, reserved 1153024K
  class space    used 15891K, capacity 16267K, committed 16356K, reserved 1048576K
Event: 624.056 GC heap after
Heap after GC invocations=68 (full 6):
 par new generation   total 76160K, used 4375K [0x0000000505c00000, 0x000000050aea0000, 0x000000051a8c0000)
  eden space 67712K,   0% used [0x0000000505c00000, 0x0000000505c00000, 0x0000000509e20000)
  from space 8448K,  51% used [0x0000000509e20000, 0x000000050a265c90, 0x000000050a660000)
  to   space 8448K,   0% used [0x000000050a660000, 0x000000050a660000, 0x000000050aea0000)
 concurrent mark-sweep generation total 253444K, used 170102K [0x000000051a8c0000, 0x000000052a041000, 0x00000007c0000000)
 Metaspace       used 116848K, capacity 118705K, committed 118952K, reserved 1153024K
  class space    used 15891K, capacity 16267K, committed 16356K, reserved 1048576K
}
Event: 624.215 GC heap before
{Heap before GC invocations=68 (full 6):
 par new generation   total 76160K, used 72087K [0x0000000505c00000, 0x000000050aea0000, 0x000000051a8c0000)
  eden space 67712K, 100% used [0x0000000505c00000, 0x0000000509e20000, 0x0000000509e20000)
  from space 8448K,  51% used [0x0000000509e20000, 0x000000050a265c90, 0x000000050a660000)
  to   space 8448K,   0% used [0x000000050a660000, 0x000000050a660000, 0x000000050aea0000)
 concurrent mark-sweep generation total 253444K, used 170102K [0x000000051a8c0000, 0x000000052a041000, 0x00000007c0000000)
 Metaspace       used 116962K, capacity 118921K, committed 119208K, reserved 1153024K
  class space    used 15903K, capacity 16272K, committed 16356K, reserved 1048576K
Event: 624.221 GC heap after
Heap after GC invocations=69 (full 6):
 par new generation   total 76160K, used 3691K [0x0000000505c00000, 0x000000050aea0000, 0x000000051a8c0000)
  eden space 67712K,   0% used [0x0000000505c00000, 0x0000000505c00000, 0x0000000509e20000)
  from space 8448K,  43% used [0x000000050a660000, 0x000000050a9fae20, 0x000000050aea0000)
  to   space 8448K,   0% used [0x0000000509e20000, 0x0000000509e20000, 0x000000050a660000)
 concurrent mark-sweep generation total 253444K, used 170187K [0x000000051a8c0000, 0x000000052a041000, 0x00000007c0000000)
 Metaspace       used 116962K, capacity 118921K, committed 119208K, reserved 1153024K
  class space    used 15903K, capacity 16272K, committed 16356K, reserved 1048576K
}
Event: 624.329 GC heap before
{Heap before GC invocations=69 (full 6):
 par new generation   total 76160K, used 71403K [0x0000000505c00000, 0x000000050aea0000, 0x000000051a8c0000)
  eden space 67712K, 100% used [0x0000000505c00000, 0x0000000509e20000, 0x0000000509e20000)
  from space 8448K,  43% used [0x000000050a660000, 0x000000050a9fae20, 0x000000050aea0000)
  to   space 8448K,   0% used [0x0000000509e20000, 0x0000000509e20000, 0x000000050a660000)
 concurrent mark-sweep generation total 253444K, used 170187K [0x000000051a8c0000, 0x000000052a041000, 0x00000007c0000000)
 Metaspace       used 116987K, capacity 118927K, committed 119208K, reserved 1153024K
  class space    used 15903K, capacity 16273K, committed 16356K, reserved 1048576K
Event: 624.345 GC heap after
Heap after GC invocations=70 (full 6):
 par new generation   total 76160K, used 4021K [0x0000000505c00000, 0x000000050aea0000, 0x000000051a8c0000)
  eden space 67712K,   0% used [0x0000000505c00000, 0x0000000505c00000, 0x0000000509e20000)
  from space 8448K,  47% used [0x0000000509e20000, 0x000000050a20d4b0, 0x000000050a660000)
  to   space 8448K,   0% used [0x000000050a660000, 0x000000050a660000, 0x000000050aea0000)
 concurrent mark-sweep generation total 253444K, used 170693K [0x000000051a8c0000, 0x000000052a041000, 0x00000007c0000000)
 Metaspace       used 116987K, capacity 118927K, committed 119208K, reserved 1153024K
  class space    used 15903K, capacity 16273K, committed 16356K, reserved 1048576K
}
Event: 628.092 GC heap before
{Heap before GC invocations=70 (full 6):
 par new generation   total 76160K, used 71731K [0x0000000505c00000, 0x000000050aea0000, 0x000000051a8c0000)
  eden space 67712K,  99% used [0x0000000505c00000, 0x0000000509e1fb10, 0x0000000509e20000)
  from space 8448K,  47% used [0x0000000509e20000, 0x000000050a20d4b0, 0x000000050a660000)
  to   space 8448K,   0% used [0x000000050a660000, 0x000000050a660000, 0x000000050aea0000)
 concurrent mark-sweep generation total 253444K, used 170693K [0x000000051a8c0000, 0x000000052a041000, 0x00000007c0000000)
 Metaspace       used 117550K, capacity 119561K, committed 119848K, reserved 1153024K
  class space    used 15977K, capacity 16369K, committed 16484K, reserved 1048576K
Event: 628.097 GC heap after
Heap after GC invocations=71 (full 6):
 par new generation   total 76160K, used 3889K [0x0000000505c00000, 0x000000050aea0000, 0x000000051a8c0000)
  eden space 67712K,   0% used [0x0000000505c00000, 0x0000000505c00000, 0x0000000509e20000)
  from space 8448K,  46% used [0x000000050a660000, 0x000000050aa2c7a8, 0x000000050aea0000)
  to   space 8448K,   0% used [0x0000000509e20000, 0x0000000509e20000, 0x000000050a660000)
 concurrent mark-sweep generation total 253444K, used 171300K [0x000000051a8c0000, 0x000000052a041000, 0x00000007c0000000)
 Metaspace       used 117550K, capacity 119561K, committed 119848K, reserved 1153024K
  class space    used 15977K, capacity 16369K, committed 16484K, reserved 1048576K
}
Event: 635.138 GC heap before
{Heap before GC invocations=71 (full 6):
 par new generation   total 76160K, used 32368K [0x0000000505c00000, 0x000000050aea0000, 0x000000051a8c0000)
  eden space 67712K,  42% used [0x0000000505c00000, 0x00000005077cfbd0, 0x0000000509e20000)
  from space 8448K,  46% used [0x000000050a660000, 0x000000050aa2c7a8, 0x000000050aea0000)
  to   space 8448K,   0% used [0x0000000509e20000, 0x0000000509e20000, 0x000000050a660000)
 concurrent mark-sweep generation total 253444K, used 171300K [0x000000051a8c0000, 0x000000052a041000, 0x00000007c0000000)
 Metaspace       used 117766K, capacity 119771K, committed 120104K, reserved 1153024K
  class space    used 15997K, capacity 16372K, committed 16484K, reserved 1048576K
Event: 635.356 GC heap after
Heap after GC invocations=72 (full 7):
 par new generation   total 130240K, used 0K [0x0000000505c00000, 0x000000050e950000, 0x000000051a8c0000)
  eden space 115776K,   0% used [0x0000000505c00000, 0x0000000505c00000, 0x000000050cd10000)
  from space 14464K,   0% used [0x000000050cd10000, 0x000000050cd10000, 0x000000050db30000)
  to   space 14464K,   0% used [0x000000050db30000, 0x000000050db30000, 0x000000050e950000)
 concurrent mark-sweep generation total 289256K, used 173551K [0x000000051a8c0000, 0x000000052c33a000, 0x00000007c0000000)
 Metaspace       used 117766K, capacity 119771K, committed 120104K, reserved 1153024K
  class space    used 15997K, capacity 16372K, committed 16484K, reserved 1048576K
}

