# JRE version: OpenJDK Runtime Environment (8.0_242-b08) (build 1.8.0_242-b08)
# Java VM: OpenJDK 64-Bit Server VM (25.242-b08 mixed mode linux-amd64 compressed oops)
Heap:
 par new generation   total 132288K, used 0K [0x0000000505c00000, 0x000000050eb80000, 0x000000051a8c0000)
  eden space 117632K,   0% used [0x0000000505c00000, 0x0000000505c00000, 0x000000050cee0000)
  from space 14656K,   0% used [0x000000050cee0000, 0x000000050cee0000, 0x000000050dd30000)
  to   space 14656K,   0% used [0x000000050dd30000, 0x000000050dd30000, 0x000000050eb80000)
 concurrent mark-sweep generation total 293784K, used 176268K [0x000000051a8c0000, 0x000000052c7a6000, 0x00000007c0000000)
 Metaspace       used 120634K, capacity 122740K, committed 122864K, reserved 1155072K
  class space    used 16117K, capacity 16531K, committed 16628K, reserved 1048576K
GC Heap History (168 events):
Event: 0.568 GC heap before
{Heap before GC invocations=0 (full 0):
 par new generation   total 76160K, used 67712K [0x0000000505c00000, 0x000000050aea0000, 0x000000051a8c0000)
  eden space 67712K, 100% used [0x0000000505c00000, 0x0000000509e20000, 0x0000000509e20000)
  from space 8448K,   0% used [0x0000000509e20000, 0x0000000509e20000, 0x000000050a660000)
  to   space 8448K,   0% used [0x000000050a660000, 0x000000050a660000, 0x000000050aea0000)
 concurrent mark-sweep generation total 169344K, used 0K [0x000000051a8c0000, 0x0000000524e20000, 0x00000007c0000000)
 Metaspace       used 7919K, capacity 7988K, committed 8320K, reserved 1056768K
  class space    used 1040K, capacity 1072K, committed 1152K, reserved 1048576K
Event: 0.574 GC heap after
Heap after GC invocations=1 (full 0):
 par new generation   total 76160K, used 5292K [0x0000000505c00000, 0x000000050aea0000, 0x000000051a8c0000)
  eden space 67712K,   0% used [0x0000000505c00000, 0x0000000505c00000, 0x0000000509e20000)
  from space 8448K,  62% used [0x000000050a660000, 0x000000050ab8b1d8, 0x000000050aea0000)
  to   space 8448K,   0% used [0x0000000509e20000, 0x0000000509e20000, 0x000000050a660000)
 concurrent mark-sweep generation total 169344K, used 0K [0x000000051a8c0000, 0x0000000524e20000, 0x00000007c0000000)
 Metaspace       used 7919K, capacity 7988K, committed 8320K, reserved 1056768K
  class space    used 1040K, capacity 1072K, committed 1152K, reserved 1048576K
}
Event: 0.816 GC heap before
{Heap before GC invocations=1 (full 0):
 par new generation   total 76160K, used 73004K [0x0000000505c00000, 0x000000050aea0000, 0x000000051a8c0000)
  eden space 67712K, 100% used [0x0000000505c00000, 0x0000000509e20000, 0x0000000509e20000)
  from space 8448K,  62% used [0x000000050a660000, 0x000000050ab8b1d8, 0x000000050aea0000)
  to   space 8448K,   0% used [0x0000000509e20000, 0x0000000509e20000, 0x000000050a660000)
 concurrent mark-sweep generation total 169344K, used 0K [0x000000051a8c0000, 0x0000000524e20000, 0x00000007c0000000)
 Metaspace       used 11607K, capacity 11668K, committed 11904K, reserved 1058816K
  class space    used 1545K, capacity 1552K, committed 1664K, reserved 1048576K
Event: 0.825 GC heap after
Heap after GC invocations=2 (full 0):
 par new generation   total 76160K, used 3379K [0x0000000505c00000, 0x000000050aea0000, 0x000000051a8c0000)
  eden space 67712K,   0% used [0x0000000505c00000, 0x0000000505c00000, 0x0000000509e20000)
  from space 8448K,  40% used [0x0000000509e20000, 0x000000050a16cdf8, 0x000000050a660000)
  to   space 8448K,   0% used [0x000000050a660000, 0x000000050a660000, 0x000000050aea0000)
 concurrent mark-sweep generation total 169344K, used 1644K [0x000000051a8c0000, 0x0000000524e20000, 0x00000007c0000000)
 Metaspace       used 11607K, capacity 11668K, committed 11904K, reserved 1058816K
  class space    used 1545K, capacity 1552K, committed 1664K, reserved 1048576K
}
Event: 1.177 GC heap before
{Heap before GC invocations=2 (full 0):
 par new generation   total 76160K, used 71091K [0x0000000505c00000, 0x000000050aea0000, 0x000000051a8c0000)
  eden space 67712K, 100% used [0x0000000505c00000, 0x0000000509e20000, 0x0000000509e20000)
  from space 8448K,  40% used [0x0000000509e20000, 0x000000050a16cdf8, 0x000000050a660000)
  to   space 8448K,   0% used [0x000000050a660000, 0x000000050a660000, 0x000000050aea0000)
 concurrent mark-sweep generation total 169344K, used 1644K [0x000000051a8c0000, 0x0000000524e20000, 0x00000007c0000000)
 Metaspace       used 16709K, capacity 16910K, committed 17152K, reserved 1064960K
  class space    used 2196K, capacity 2275K, committed 2304K, reserved 1048576K
Event: 1.182 GC heap after
Heap after GC invocations=3 (full 0):
 par new generation   total 76160K, used 3410K [0x0000000505c00000, 0x000000050aea0000, 0x000000051a8c0000)
  eden space 67712K,   0% used [0x0000000505c00000, 0x0000000505c00000, 0x0000000509e20000)
  from space 8448K,  40% used [0x000000050a660000, 0x000000050a9b4ba8, 0x000000050aea0000)
  to   space 8448K,   0% used [0x0000000509e20000, 0x0000000509e20000, 0x000000050a660000)
 concurrent mark-sweep generation total 169344K, used 1644K [0x000000051a8c0000, 0x0000000524e20000, 0x00000007c0000000)
 Metaspace       used 16709K, capacity 16910K, committed 17152K, reserved 1064960K
  class space    used 2196K, capacity 2275K, committed 2304K, reserved 1048576K
}
Event: 1.616 GC heap before
{Heap before GC invocations=3 (full 0):
 par new generation   total 76160K, used 71122K [0x0000000505c00000, 0x000000050aea0000, 0x000000051a8c0000)
  eden space 67712K, 100% used [0x0000000505c00000, 0x0000000509e20000, 0x0000000509e20000)
  from space 8448K,  40% used [0x000000050a660000, 0x000000050a9b4ba8, 0x000000050aea0000)
  to   space 8448K,   0% used [0x0000000509e20000, 0x0000000509e20000, 0x000000050a660000)
 concurrent mark-sweep generation total 169344K, used 1644K [0x000000051a8c0000, 0x0000000524e20000, 0x00000007c0000000)
 Metaspace       used 19059K, capacity 19264K, committed 19584K, reserved 1067008K
  class space    used 2485K, capacity 2566K, committed 2688K, reserved 1048576K
Event: 1.621 GC heap after
Heap after GC invocations=4 (full 0):
 par new generation   total 76160K, used 4775K [0x0000000505c00000, 0x000000050aea0000, 0x000000051a8c0000)
  eden space 67712K,   0% used [0x0000000505c00000, 0x0000000505c00000, 0x0000000509e20000)
  from space 8448K,  56% used [0x0000000509e20000, 0x000000050a2c9c68, 0x000000050a660000)
  to   space 8448K,   0% used [0x000000050a660000, 0x000000050a660000, 0x000000050aea0000)
 concurrent mark-sweep generation total 169344K, used 1644K [0x000000051a8c0000, 0x0000000524e20000, 0x00000007c0000000)
 Metaspace       used 19059K, capacity 19264K, committed 19584K, reserved 1067008K
  class space    used 2485K, capacity 2566K, committed 2688K, reserved 1048576K
}
Event: 1.835 GC heap before
{Heap before GC invocations=4 (full 0):
 par new generation   total 76160K, used 72487K [0x0000000505c00000, 0x000000050aea0000, 0x000000051a8c0000)
  eden space 67712K, 100% used [0x0000000505c00000, 0x0000000509e20000, 0x0000000509e20000)
  from space 8448K,  56% used [0x0000000509e20000, 0x000000050a2c9c68, 0x000000050a660000)
  to   space 8448K,   0% used [0x000000050a660000, 0x000000050a660000, 0x000000050aea0000)
 concurrent mark-sweep generation total 169344K, used 1644K [0x000000051a8c0000, 0x0000000524e20000, 0x00000007c0000000)
 Metaspace       used 21057K, capacity 21184K, committed 21552K, reserved 1069056K
  class space    used 2773K, capacity 2822K, committed 2864K, reserved 1048576K
Event: 1.838 GC heap after
Heap after GC invocations=5 (full 0):
 par new generation   total 76160K, used 5465K [0x0000000505c00000, 0x000000050aea0000, 0x000000051a8c0000)
  eden space 67712K,   0% used [0x0000000505c00000, 0x0000000505c00000, 0x0000000509e20000)
  from space 8448K,  64% used [0x000000050a660000, 0x000000050abb6418, 0x000000050aea0000)
  to   space 8448K,   0% used [0x0000000509e20000, 0x0000000509e20000, 0x000000050a660000)
 concurrent mark-sweep generation total 169344K, used 1644K [0x000000051a8c0000, 0x0000000524e20000, 0x00000007c0000000)
 Metaspace       used 21057K, capacity 21184K, committed 21552K, reserved 1069056K
  class space    used 2773K, capacity 2822K, committed 2864K, reserved 1048576K
}
Event: 2.111 GC heap before
{Heap before GC invocations=5 (full 1):
 par new generation   total 76160K, used 73177K [0x0000000505c00000, 0x000000050aea0000, 0x000000051a8c0000)
  eden space 67712K, 100% used [0x0000000505c00000, 0x0000000509e20000, 0x0000000509e20000)
  from space 8448K,  64% used [0x000000050a660000, 0x000000050abb6418, 0x000000050aea0000)
  to   space 8448K,   0% used [0x0000000509e20000, 0x0000000509e20000, 0x000000050a660000)
 concurrent mark-sweep generation total 169344K, used 1644K [0x000000051a8c0000, 0x0000000524e20000, 0x00000007c0000000)
 Metaspace       used 23972K, capacity 24172K, committed 24616K, reserved 1071104K
  class space    used 3166K, capacity 3240K, committed 3296K, reserved 1048576K
Event: 2.117 GC heap after
Heap after GC invocations=6 (full 1):
 par new generation   total 76160K, used 5677K [0x0000000505c00000, 0x000000050aea0000, 0x000000051a8c0000)
  eden space 67712K,   0% used [0x0000000505c00000, 0x0000000505c00000, 0x0000000509e20000)
  from space 8448K,  67% used [0x0000000509e20000, 0x000000050a3ab500, 0x000000050a660000)
  to   space 8448K,   0% used [0x000000050a660000, 0x000000050a660000, 0x000000050aea0000)
 concurrent mark-sweep generation total 169344K, used 2358K [0x000000051a8c0000, 0x0000000524e20000, 0x00000007c0000000)
 Metaspace       used 23972K, capacity 24172K, committed 24616K, reserved 1071104K
  class space    used 3166K, capacity 3240K, committed 3296K, reserved 1048576K
}
Event: 2.425 GC heap before
{Heap before GC invocations=6 (full 1):
 par new generation   total 76160K, used 73389K [0x0000000505c00000, 0x000000050aea0000, 0x000000051a8c0000)
  eden space 67712K, 100% used [0x0000000505c00000, 0x0000000509e20000, 0x0000000509e20000)
  from space 8448K,  67% used [0x0000000509e20000, 0x000000050a3ab500, 0x000000050a660000)
  to   space 8448K,   0% used [0x000000050a660000, 0x000000050a660000, 0x000000050aea0000)
 concurrent mark-sweep generation total 169344K, used 2345K [0x000000051a8c0000, 0x0000000524e20000, 0x00000007c0000000)
 Metaspace       used 26216K, capacity 26412K, committed 26944K, reserved 1073152K
  class space    used 3500K, capacity 3560K, committed 3652K, reserved 1048576K
Event: 2.433 GC heap after
Heap after GC invocations=7 (full 1):
 par new generation   total 76160K, used 5723K [0x0000000505c00000, 0x000000050aea0000, 0x000000051a8c0000)
  eden space 67712K,   0% used [0x0000000505c00000, 0x0000000505c00000, 0x0000000509e20000)
  from space 8448K,  67% used [0x000000050a660000, 0x000000050abf6e28, 0x000000050aea0000)
  to   space 8448K,   0% used [0x0000000509e20000, 0x0000000509e20000, 0x000000050a660000)
 concurrent mark-sweep generation total 169344K, used 3294K [0x000000051a8c0000, 0x0000000524e20000, 0x00000007c0000000)
 Metaspace       used 26216K, capacity 26412K, committed 26944K, reserved 1073152K
  class space    used 3500K, capacity 3560K, committed 3652K, reserved 1048576K
}
Event: 2.766 GC heap before
{Heap before GC invocations=7 (full 1):
 par new generation   total 76160K, used 73435K [0x0000000505c00000, 0x000000050aea0000, 0x000000051a8c0000)
  eden space 67712K, 100% used [0x0000000505c00000, 0x0000000509e20000, 0x0000000509e20000)
  from space 8448K,  67% used [0x000000050a660000, 0x000000050abf6e28, 0x000000050aea0000)
  to   space 8448K,   0% used [0x0000000509e20000, 0x0000000509e20000, 0x000000050a660000)
 concurrent mark-sweep generation total 169344K, used 3294K [0x000000051a8c0000, 0x0000000524e20000, 0x00000007c0000000)
 Metaspace       used 28386K, capacity 28660K, committed 29120K, reserved 1075200K
  class space    used 3822K, capacity 3922K, committed 4036K, reserved 1048576K
Event: 2.774 GC heap after
Heap after GC invocations=8 (full 1):
 par new generation   total 76160K, used 5484K [0x0000000505c00000, 0x000000050aea0000, 0x000000051a8c0000)
  eden space 67712K,   0% used [0x0000000505c00000, 0x0000000505c00000, 0x0000000509e20000)
  from space 8448K,  64% used [0x0000000509e20000, 0x000000050a37b068, 0x000000050a660000)
  to   space 8448K,   0% used [0x000000050a660000, 0x000000050a660000, 0x000000050aea0000)
 concurrent mark-sweep generation total 169344K, used 3294K [0x000000051a8c0000, 0x0000000524e20000, 0x00000007c0000000)
 Metaspace       used 28386K, capacity 28660K, committed 29120K, reserved 1075200K
  class space    used 3822K, capacity 3922K, committed 4036K, reserved 1048576K
}
Event: 3.053 GC heap before
{Heap before GC invocations=8 (full 1):
 par new generation   total 76160K, used 73196K [0x0000000505c00000, 0x000000050aea0000, 0x000000051a8c0000)
  eden space 67712K, 100% used [0x0000000505c00000, 0x0000000509e20000, 0x0000000509e20000)
  from space 8448K,  64% used [0x0000000509e20000, 0x000000050a37b068, 0x000000050a660000)
  to   space 8448K,   0% used [0x000000050a660000, 0x000000050a660000, 0x000000050aea0000)
 concurrent mark-sweep generation total 169344K, used 3294K [0x000000051a8c0000, 0x0000000524e20000, 0x00000007c0000000)
 Metaspace       used 30891K, capacity 31092K, committed 31680K, reserved 1077248K
  class space    used 4115K, capacity 4178K, committed 4292K, reserved 1048576K
Event: 3.061 GC heap after
Heap after GC invocations=9 (full 1):
 par new generation   total 76160K, used 6431K [0x0000000505c00000, 0x000000050aea0000, 0x000000051a8c0000)
  eden space 67712K,   0% used [0x0000000505c00000, 0x0000000505c00000, 0x0000000509e20000)
  from space 8448K,  76% used [0x000000050a660000, 0x000000050aca7fe0, 0x000000050aea0000)
  to   space 8448K,   0% used [0x0000000509e20000, 0x0000000509e20000, 0x000000050a660000)
 concurrent mark-sweep generation total 169344K, used 3891K [0x000000051a8c0000, 0x0000000524e20000, 0x00000007c0000000)
 Metaspace       used 30891K, capacity 31092K, committed 31680K, reserved 1077248K
  class space    used 4115K, capacity 4178K, committed 4292K, reserved 1048576K
}
Event: 3.217 GC heap before
{Heap before GC invocations=9 (full 1):
 par new generation   total 76160K, used 74143K [0x0000000505c00000, 0x000000050aea0000, 0x000000051a8c0000)
  eden space 67712K, 100% used [0x0000000505c00000, 0x0000000509e20000, 0x0000000509e20000)
  from space 8448K,  76% used [0x000000050a660000, 0x000000050aca7fe0, 0x000000050aea0000)
  to   space 8448K,   0% used [0x0000000509e20000, 0x0000000509e20000, 0x000000050a660000)
 concurrent mark-sweep generation total 169344K, used 3891K [0x000000051a8c0000, 0x0000000524e20000, 0x00000007c0000000)
 Metaspace       used 32701K, capacity 32884K, committed 33344K, reserved 1079296K
  class space    used 4298K, capacity 4370K, committed 4420K, reserved 1048576K
Event: 3.222 GC heap after
Heap after GC invocations=10 (full 1):
 par new generation   total 76160K, used 4501K [0x0000000505c00000, 0x000000050aea0000, 0x000000051a8c0000)
  eden space 67712K,   0% used [0x0000000505c00000, 0x0000000505c00000, 0x0000000509e20000)
  from space 8448K,  53% used [0x0000000509e20000, 0x000000050a285410, 0x000000050a660000)
  to   space 8448K,   0% used [0x000000050a660000, 0x000000050a660000, 0x000000050aea0000)
 concurrent mark-sweep generation total 169344K, used 5411K [0x000000051a8c0000, 0x0000000524e20000, 0x00000007c0000000)
 Metaspace       used 32701K, capacity 32884K, committed 33344K, reserved 1079296K
  class space    used 4298K, capacity 4370K, committed 4420K, reserved 1048576K
}
Event: 3.343 GC heap before
{Heap before GC invocations=10 (full 1):
 par new generation   total 76160K, used 72213K [0x0000000505c00000, 0x000000050aea0000, 0x000000051a8c0000)
  eden space 67712K, 100% used [0x0000000505c00000, 0x0000000509e20000, 0x0000000509e20000)
  from space 8448K,  53% used [0x0000000509e20000, 0x000000050a285410, 0x000000050a660000)
  to   space 8448K,   0% used [0x000000050a660000, 0x000000050a660000, 0x000000050aea0000)
 concurrent mark-sweep generation total 169344K, used 5411K [0x000000051a8c0000, 0x0000000524e20000, 0x00000007c0000000)
 Metaspace       used 34544K, capacity 34740K, committed 35136K, reserved 1079296K
  class space    used 4474K, capacity 4562K, committed 4676K, reserved 1048576K
Event: 3.348 GC heap after
Heap after GC invocations=11 (full 1):
 par new generation   total 76160K, used 3935K [0x0000000505c00000, 0x000000050aea0000, 0x000000051a8c0000)
  eden space 67712K,   0% used [0x0000000505c00000, 0x0000000505c00000, 0x0000000509e20000)
  from space 8448K,  46% used [0x000000050a660000, 0x000000050aa37dc0, 0x000000050aea0000)
  to   space 8448K,   0% used [0x0000000509e20000, 0x0000000509e20000, 0x000000050a660000)
 concurrent mark-sweep generation total 169344K, used 5411K [0x000000051a8c0000, 0x0000000524e20000, 0x00000007c0000000)
 Metaspace       used 34544K, capacity 34740K, committed 35136K, reserved 1079296K
  class space    used 4474K, capacity 4562K, committed 4676K, reserved 1048576K
}
Event: 3.527 GC heap before
{Heap before GC invocations=11 (full 1):
 par new generation   total 76160K, used 71647K [0x0000000505c00000, 0x000000050aea0000, 0x000000051a8c0000)
  eden space 67712K, 100% used [0x0000000505c00000, 0x0000000509e20000, 0x0000000509e20000)
  from space 8448K,  46% used [0x000000050a660000, 0x000000050aa37dc0, 0x000000050aea0000)
  to   space 8448K,   0% used [0x0000000509e20000, 0x0000000509e20000, 0x000000050a660000)
 concurrent mark-sweep generation total 169344K, used 5411K [0x000000051a8c0000, 0x0000000524e20000, 0x00000007c0000000)
 Metaspace       used 36373K, capacity 36564K, committed 37056K, reserved 1081344K
  class space    used 4732K, capacity 4786K, committed 4804K, reserved 1048576K
Event: 3.530 GC heap after
Heap after GC invocations=12 (full 1):
 par new generation   total 76160K, used 4072K [0x0000000505c00000, 0x000000050aea0000, 0x000000051a8c0000)
  eden space 67712K,   0% used [0x0000000505c00000, 0x0000000505c00000, 0x0000000509e20000)
  from space 8448K,  48% used [0x0000000509e20000, 0x000000050a21a290, 0x000000050a660000)
  to   space 8448K,   0% used [0x000000050a660000, 0x000000050a660000, 0x000000050aea0000)
 concurrent mark-sweep generation total 169344K, used 5411K [0x000000051a8c0000, 0x0000000524e20000, 0x00000007c0000000)
 Metaspace       used 36373K, capacity 36564K, committed 37056K, reserved 1081344K
  class space    used 4732K, capacity 4786K, committed 4804K, reserved 1048576K
}
Event: 3.748 GC heap before
{Heap before GC invocations=12 (full 1):
 par new generation   total 76160K, used 71784K [0x0000000505c00000, 0x000000050aea0000, 0x000000051a8c0000)
  eden space 67712K, 100% used [0x0000000505c00000, 0x0000000509e20000, 0x0000000509e20000)
  from space 8448K,  48% used [0x0000000509e20000, 0x000000050a21a290, 0x000000050a660000)
  to   space 8448K,   0% used [0x000000050a660000, 0x000000050a660000, 0x000000050aea0000)
 concurrent mark-sweep generation total 169344K, used 5411K [0x000000051a8c0000, 0x0000000524e20000, 0x00000007c0000000)
 Metaspace       used 38945K, capacity 39190K, committed 39744K, reserved 1083392K
  class space    used 5015K, capacity 5107K, committed 5188K, reserved 1048576K
Event: 3.752 GC heap after
Heap after GC invocations=13 (full 1):
 par new generation   total 76160K, used 5637K [0x0000000505c00000, 0x000000050aea0000, 0x000000051a8c0000)
  eden space 67712K,   0% used [0x0000000505c00000, 0x0000000505c00000, 0x0000000509e20000)
  from space 8448K,  66% used [0x000000050a660000, 0x000000050abe16d8, 0x000000050aea0000)
  to   space 8448K,   0% used [0x0000000509e20000, 0x0000000509e20000, 0x000000050a660000)
 concurrent mark-sweep generation total 169344K, used 5411K [0x000000051a8c0000, 0x0000000524e20000, 0x00000007c0000000)
 Metaspace       used 38945K, capacity 39190K, committed 39744K, reserved 1083392K
  class space    used 5015K, capacity 5107K, committed 5188K, reserved 1048576K
}
Event: 5.936 GC heap before
{Heap before GC invocations=13 (full 1):
 par new generation   total 76160K, used 73349K [0x0000000505c00000, 0x000000050aea0000, 0x000000051a8c0000)
  eden space 67712K, 100% used [0x0000000505c00000, 0x0000000509e20000, 0x0000000509e20000)
  from space 8448K,  66% used [0x000000050a660000, 0x000000050abe16d8, 0x000000050aea0000)
  to   space 8448K,   0% used [0x0000000509e20000, 0x0000000509e20000, 0x000000050a660000)
 concurrent mark-sweep generation total 169344K, used 5411K [0x000000051a8c0000, 0x0000000524e20000, 0x00000007c0000000)
 Metaspace       used 41093K, capacity 41302K, committed 41664K, reserved 1085440K
  class space    used 5232K, capacity 5299K, committed 5316K, reserved 1048576K
Event: 5.943 GC heap after
Heap after GC invocations=14 (full 1):
 par new generation   total 76160K, used 8448K [0x0000000505c00000, 0x000000050aea0000, 0x000000051a8c0000)
  eden space 67712K,   0% used [0x0000000505c00000, 0x0000000505c00000, 0x0000000509e20000)
  from space 8448K, 100% used [0x0000000509e20000, 0x000000050a660000, 0x000000050a660000)
  to   space 8448K,   0% used [0x000000050a660000, 0x000000050a660000, 0x000000050aea0000)
 concurrent mark-sweep generation total 169344K, used 6853K [0x000000051a8c0000, 0x0000000524e20000, 0x00000007c0000000)
 Metaspace       used 41093K, capacity 41302K, committed 41664K, reserved 1085440K
  class space    used 5232K, capacity 5299K, committed 5316K, reserved 1048576K
}
Event: 6.060 GC heap before
{Heap before GC invocations=14 (full 1):
 par new generation   total 76160K, used 76149K [0x0000000505c00000, 0x000000050aea0000, 0x000000051a8c0000)
  eden space 67712K,  99% used [0x0000000505c00000, 0x0000000509e1d530, 0x0000000509e20000)
  from space 8448K, 100% used [0x0000000509e20000, 0x000000050a660000, 0x000000050a660000)
  to   space 8448K,   0% used [0x000000050a660000, 0x000000050a660000, 0x000000050aea0000)
 concurrent mark-sweep generation total 169344K, used 6853K [0x000000051a8c0000, 0x0000000524e20000, 0x00000007c0000000)
 Metaspace       used 41283K, capacity 41494K, committed 41920K, reserved 1085440K
  class space    used 5232K, capacity 5299K, committed 5316K, reserved 1048576K
Event: 6.071 GC heap after
Heap after GC invocations=15 (full 1):
 par new generation   total 76160K, used 5791K [0x0000000505c00000, 0x000000050aea0000, 0x000000051a8c0000)
  eden space 67712K,   0% used [0x0000000505c00000, 0x0000000505c00000, 0x0000000509e20000)
  from space 8448K,  68% used [0x000000050a660000, 0x000000050ac07cc0, 0x000000050aea0000)
  to   space 8448K,   0% used [0x0000000509e20000, 0x0000000509e20000, 0x000000050a660000)
 concurrent mark-sweep generation total 169344K, used 8661K [0x000000051a8c0000, 0x0000000524e20000, 0x00000007c0000000)
 Metaspace       used 41283K, capacity 41494K, committed 41920K, reserved 1085440K
  class space    used 5232K, capacity 5299K, committed 5316K, reserved 1048576K
}
Event: 6.180 GC heap before
{Heap before GC invocations=15 (full 1):
 par new generation   total 76160K, used 73481K [0x0000000505c00000, 0x000000050aea0000, 0x000000051a8c0000)
  eden space 67712K,  99% used [0x0000000505c00000, 0x0000000509e1a9c0, 0x0000000509e20000)
  from space 8448K,  68% used [0x000000050a660000, 0x000000050ac07cc0, 0x000000050aea0000)
  to   space 8448K,   0% used [0x0000000509e20000, 0x0000000509e20000, 0x000000050a660000)
 concurrent mark-sweep generation total 169344K, used 8661K [0x000000051a8c0000, 0x0000000524e20000, 0x00000007c0000000)
 Metaspace       used 41301K, capacity 41558K, committed 41920K, reserved 1085440K
  class space    used 5232K, capacity 5299K, committed 5316K, reserved 1048576K
Event: 6.183 GC heap after
Heap after GC invocations=16 (full 1):
 par new generation   total 76160K, used 4788K [0x0000000505c00000, 0x000000050aea0000, 0x000000051a8c0000)
  eden space 67712K,   0% used [0x0000000505c00000, 0x0000000505c00000, 0x0000000509e20000)
  from space 8448K,  56% used [0x0000000509e20000, 0x000000050a2cd098, 0x000000050a660000)
  to   space 8448K,   0% used [0x000000050a660000, 0x000000050a660000, 0x000000050aea0000)
 concurrent mark-sweep generation total 169344K, used 8677K [0x000000051a8c0000, 0x0000000524e20000, 0x00000007c0000000)
 Metaspace       used 41301K, capacity 41558K, committed 41920K, reserved 1085440K
  class space    used 5232K, capacity 5299K, committed 5316K, reserved 1048576K
}
Event: 6.314 GC heap before
{Heap before GC invocations=16 (full 1):
 par new generation   total 76160K, used 72439K [0x0000000505c00000, 0x000000050aea0000, 0x000000051a8c0000)
  eden space 67712K,  99% used [0x0000000505c00000, 0x0000000509e10f58, 0x0000000509e20000)
  from space 8448K,  56% used [0x0000000509e20000, 0x000000050a2cd098, 0x000000050a660000)
  to   space 8448K,   0% used [0x000000050a660000, 0x000000050a660000, 0x000000050aea0000)
 concurrent mark-sweep generation total 169344K, used 8677K [0x000000051a8c0000, 0x0000000524e20000, 0x00000007c0000000)
 Metaspace       used 41308K, capacity 41558K, committed 41920K, reserved 1085440K
  class space    used 5233K, capacity 5299K, committed 5316K, reserved 1048576K
Event: 6.317 GC heap after
Heap after GC invocations=17 (full 1):
 par new generation   total 76160K, used 5241K [0x0000000505c00000, 0x000000050aea0000, 0x000000051a8c0000)
  eden space 67712K,   0% used [0x0000000505c00000, 0x0000000505c00000, 0x0000000509e20000)
  from space 8448K,  62% used [0x000000050a660000, 0x000000050ab7e4b8, 0x000000050aea0000)
  to   space 8448K,   0% used [0x0000000509e20000, 0x0000000509e20000, 0x000000050a660000)
 concurrent mark-sweep generation total 169344K, used 8679K [0x000000051a8c0000, 0x0000000524e20000, 0x00000007c0000000)
 Metaspace       used 41308K, capacity 41558K, committed 41920K, reserved 1085440K
  class space    used 5233K, capacity 5299K, committed 5316K, reserved 1048576K
}
Event: 6.651 GC heap before
{Heap before GC invocations=17 (full 1):
 par new generation   total 76160K, used 72953K [0x0000000505c00000, 0x000000050aea0000, 0x000000051a8c0000)
  eden space 67712K, 100% used [0x0000000505c00000, 0x0000000509e20000, 0x0000000509e20000)
  from space 8448K,  62% used [0x000000050a660000, 0x000000050ab7e4b8, 0x000000050aea0000)
  to   space 8448K,   0% used [0x0000000509e20000, 0x0000000509e20000, 0x000000050a660000)
 concurrent mark-sweep generation total 169344K, used 8679K [0x000000051a8c0000, 0x0000000524e20000, 0x00000007c0000000)
 Metaspace       used 42793K, capacity 43036K, committed 43416K, reserved 1087488K
  class space    used 5394K, capacity 5492K, committed 5572K, reserved 1048576K
Event: 6.652 GC heap after
Heap after GC invocations=18 (full 1):
 par new generation   total 76160K, used 1747K [0x0000000505c00000, 0x000000050aea0000, 0x000000051a8c0000)
  eden space 67712K,   0% used [0x0000000505c00000, 0x0000000505c00000, 0x0000000509e20000)
  from space 8448K,  20% used [0x0000000509e20000, 0x0000000509fd4d78, 0x000000050a660000)
  to   space 8448K,   0% used [0x000000050a660000, 0x000000050a660000, 0x000000050aea0000)
 concurrent mark-sweep generation total 169344K, used 8681K [0x000000051a8c0000, 0x0000000524e20000, 0x00000007c0000000)
 Metaspace       used 42793K, capacity 43036K, committed 43416K, reserved 1087488K
  class space    used 5394K, capacity 5492K, committed 5572K, reserved 1048576K
}
Event: 6.843 GC heap before
{Heap before GC invocations=18 (full 1):
 par new generation   total 76160K, used 69459K [0x0000000505c00000, 0x000000050aea0000, 0x000000051a8c0000)
  eden space 67712K, 100% used [0x0000000505c00000, 0x0000000509e20000, 0x0000000509e20000)
  from space 8448K,  20% used [0x0000000509e20000, 0x0000000509fd4d78, 0x000000050a660000)
  to   space 8448K,   0% used [0x000000050a660000, 0x000000050a660000, 0x000000050aea0000)
 concurrent mark-sweep generation total 169344K, used 8681K [0x000000051a8c0000, 0x0000000524e20000, 0x00000007c0000000)
 Metaspace       used 44807K, capacity 45020K, committed 45332K, reserved 1089536K
  class space    used 5664K, capacity 5748K, committed 5776K, reserved 1048576K
Event: 6.845 GC heap after
Heap after GC invocations=19 (full 1):
 par new generation   total 76160K, used 3203K [0x0000000505c00000, 0x000000050aea0000, 0x000000051a8c0000)
  eden space 67712K,   0% used [0x0000000505c00000, 0x0000000505c00000, 0x0000000509e20000)
  from space 8448K,  37% used [0x000000050a660000, 0x000000050a980c30, 0x000000050aea0000)
  to   space 8448K,   0% used [0x0000000509e20000, 0x0000000509e20000, 0x000000050a660000)
 concurrent mark-sweep generation total 169344K, used 8681K [0x000000051a8c0000, 0x0000000524e20000, 0x00000007c0000000)
 Metaspace       used 44807K, capacity 45020K, committed 45332K, reserved 1089536K
  class space    used 5664K, capacity 5748K, committed 5776K, reserved 1048576K
}
Event: 7.047 GC heap before
{Heap before GC invocations=19 (full 2):
 par new generation   total 76160K, used 70915K [0x0000000505c00000, 0x000000050aea0000, 0x000000051a8c0000)
  eden space 67712K, 100% used [0x0000000505c00000, 0x0000000509e20000, 0x0000000509e20000)
  from space 8448K,  37% used [0x000000050a660000, 0x000000050a980c30, 0x000000050aea0000)
  to   space 8448K,   0% used [0x0000000509e20000, 0x0000000509e20000, 0x000000050a660000)
 concurrent mark-sweep generation total 169344K, used 8681K [0x000000051a8c0000, 0x0000000524e20000, 0x00000007c0000000)
 Metaspace       used 47199K, capacity 47420K, committed 47732K, reserved 1091584K
  class space    used 6070K, capacity 6164K, committed 6188K, reserved 1048576K
Event: 7.050 GC heap after
Heap after GC invocations=20 (full 2):
 par new generation   total 76160K, used 4125K [0x0000000505c00000, 0x000000050aea0000, 0x000000051a8c0000)
  eden space 67712K,   0% used [0x0000000505c00000, 0x0000000505c00000, 0x0000000509e20000)
  from space 8448K,  48% used [0x0000000509e20000, 0x000000050a2276d0, 0x000000050a660000)
  to   space 8448K,   0% used [0x000000050a660000, 0x000000050a660000, 0x000000050aea0000)
 concurrent mark-sweep generation total 169344K, used 8681K [0x000000051a8c0000, 0x0000000524e20000, 0x00000007c0000000)
 Metaspace       used 47199K, capacity 47420K, committed 47732K, reserved 1091584K
  class space    used 6070K, capacity 6164K, committed 6188K, reserved 1048576K
}
Event: 7.292 GC heap before
{Heap before GC invocations=20 (full 2):
 par new generation   total 76160K, used 71837K [0x0000000505c00000, 0x000000050aea0000, 0x000000051a8c0000)
  eden space 67712K, 100% used [0x0000000505c00000, 0x0000000509e20000, 0x0000000509e20000)
  from space 8448K,  48% used [0x0000000509e20000, 0x000000050a2276d0, 0x000000050a660000)
  to   space 8448K,   0% used [0x000000050a660000, 0x000000050a660000, 0x000000050aea0000)
 concurrent mark-sweep generation total 169344K, used 7856K [0x000000051a8c0000, 0x0000000524e20000, 0x00000007c0000000)
 Metaspace       used 49384K, capacity 49596K, committed 50136K, reserved 1093632K
  class space    used 6481K, capacity 6548K, committed 6620K, reserved 1048576K
Event: 7.295 GC heap after
Heap after GC invocations=21 (full 2):
 par new generation   total 76160K, used 4303K [0x0000000505c00000, 0x000000050aea0000, 0x000000051a8c0000)
  eden space 67712K,   0% used [0x0000000505c00000, 0x0000000505c00000, 0x0000000509e20000)
  from space 8448K,  50% used [0x000000050a660000, 0x000000050aa93d78, 0x000000050aea0000)
  to   space 8448K,   0% used [0x0000000509e20000, 0x0000000509e20000, 0x000000050a660000)
 concurrent mark-sweep generation total 169344K, used 7856K [0x000000051a8c0000, 0x0000000524e20000, 0x00000007c0000000)
 Metaspace       used 49384K, capacity 49596K, committed 50136K, reserved 1093632K
  class space    used 6481K, capacity 6548K, committed 6620K, reserved 1048576K
}
Event: 7.649 GC heap before
{Heap before GC invocations=21 (full 2):
 par new generation   total 76160K, used 72015K [0x0000000505c00000, 0x000000050aea0000, 0x000000051a8c0000)
  eden space 67712K, 100% used [0x0000000505c00000, 0x0000000509e20000, 0x0000000509e20000)
  from space 8448K,  50% used [0x000000050a660000, 0x000000050aa93d78, 0x000000050aea0000)
  to   space 8448K,   0% used [0x0000000509e20000, 0x0000000509e20000, 0x000000050a660000)
 concurrent mark-sweep generation total 169344K, used 7856K [0x000000051a8c0000, 0x0000000524e20000, 0x00000007c0000000)
 Metaspace       used 51334K, capacity 51564K, committed 51928K, reserved 1093632K
  class space    used 6755K, capacity 6840K, committed 6876K, reserved 1048576K
Event: 7.654 GC heap after
Heap after GC invocations=22 (full 2):
 par new generation   total 76160K, used 6944K [0x0000000505c00000, 0x000000050aea0000, 0x000000051a8c0000)
  eden space 67712K,   0% used [0x0000000505c00000, 0x0000000505c00000, 0x0000000509e20000)
  from space 8448K,  82% used [0x0000000509e20000, 0x000000050a4e8058, 0x000000050a660000)
  to   space 8448K,   0% used [0x000000050a660000, 0x000000050a660000, 0x000000050aea0000)
 concurrent mark-sweep generation total 169344K, used 7856K [0x000000051a8c0000, 0x0000000524e20000, 0x00000007c0000000)
 Metaspace       used 51334K, capacity 51564K, committed 51928K, reserved 1093632K
  class space    used 6755K, capacity 6840K, committed 6876K, reserved 1048576K
}
Event: 11.853 GC heap before
{Heap before GC invocations=22 (full 2):
 par new generation   total 76160K, used 74656K [0x0000000505c00000, 0x000000050aea0000, 0x000000051a8c0000)
  eden space 67712K, 100% used [0x0000000505c00000, 0x0000000509e20000, 0x0000000509e20000)
  from space 8448K,  82% used [0x0000000509e20000, 0x000000050a4e8058, 0x000000050a660000)
  to   space 8448K,   0% used [0x000000050a660000, 0x000000050a660000, 0x000000050aea0000)
 concurrent mark-sweep generation total 169344K, used 7856K [0x000000051a8c0000, 0x0000000524e20000, 0x00000007c0000000)
 Metaspace       used 53324K, capacity 53580K, committed 53976K, reserved 1095680K
  class space    used 7055K, capacity 7128K, committed 7132K, reserved 1048576K
Event: 11.863 GC heap after
Heap after GC invocations=23 (full 2):
 par new generation   total 76160K, used 7133K [0x0000000505c00000, 0x000000050aea0000, 0x000000051a8c0000)
  eden space 67712K,   0% used [0x0000000505c00000, 0x0000000505c00000, 0x0000000509e20000)
  from space 8448K,  84% used [0x000000050a660000, 0x000000050ad57730, 0x000000050aea0000)
  to   space 8448K,   0% used [0x0000000509e20000, 0x0000000509e20000, 0x000000050a660000)
 concurrent mark-sweep generation total 169344K, used 9705K [0x000000051a8c0000, 0x0000000524e20000, 0x00000007c0000000)
 Metaspace       used 53324K, capacity 53580K, committed 53976K, reserved 1095680K
  class space    used 7055K, capacity 7128K, committed 7132K, reserved 1048576K
}
Event: 11.978 GC heap before
{Heap before GC invocations=23 (full 2):
 par new generation   total 76160K, used 74845K [0x0000000505c00000, 0x000000050aea0000, 0x000000051a8c0000)
  eden space 67712K, 100% used [0x0000000505c00000, 0x0000000509e20000, 0x0000000509e20000)
  from space 8448K,  84% used [0x000000050a660000, 0x000000050ad57730, 0x000000050aea0000)
  to   space 8448K,   0% used [0x0000000509e20000, 0x0000000509e20000, 0x000000050a660000)
 concurrent mark-sweep generation total 169344K, used 9705K [0x000000051a8c0000, 0x0000000524e20000, 0x00000007c0000000)
 Metaspace       used 55144K, capacity 55440K, committed 56024K, reserved 1097728K
  class space    used 7274K, capacity 7360K, committed 7388K, reserved 1048576K
Event: 11.995 GC heap after
Heap after GC invocations=24 (full 2):
 par new generation   total 76160K, used 4890K [0x0000000505c00000, 0x000000050aea0000, 0x000000051a8c0000)
  eden space 67712K,   0% used [0x0000000505c00000, 0x0000000505c00000, 0x0000000509e20000)
  from space 8448K,  57% used [0x0000000509e20000, 0x000000050a2e6b30, 0x000000050a660000)
  to   space 8448K,   0% used [0x000000050a660000, 0x000000050a660000, 0x000000050aea0000)
 concurrent mark-sweep generation total 169344K, used 29145K [0x000000051a8c0000, 0x0000000524e20000, 0x00000007c0000000)
 Metaspace       used 55144K, capacity 55440K, committed 56024K, reserved 1097728K
  class space    used 7274K, capacity 7360K, committed 7388K, reserved 1048576K
}
Event: 12.184 GC heap before
{Heap before GC invocations=24 (full 2):
 par new generation   total 76160K, used 72602K [0x0000000505c00000, 0x000000050aea0000, 0x000000051a8c0000)
  eden space 67712K, 100% used [0x0000000505c00000, 0x0000000509e20000, 0x0000000509e20000)
  from space 8448K,  57% used [0x0000000509e20000, 0x000000050a2e6b30, 0x000000050a660000)
  to   space 8448K,   0% used [0x000000050a660000, 0x000000050a660000, 0x000000050aea0000)
 concurrent mark-sweep generation total 169344K, used 29145K [0x000000051a8c0000, 0x0000000524e20000, 0x00000007c0000000)
 Metaspace       used 57189K, capacity 57484K, committed 58072K, reserved 1099776K
  class space    used 7546K, capacity 7626K, committed 7644K, reserved 1048576K
Event: 12.188 GC heap after
Heap after GC invocations=25 (full 2):
 par new generation   total 76160K, used 4556K [0x0000000505c00000, 0x000000050aea0000, 0x000000051a8c0000)
  eden space 67712K,   0% used [0x0000000505c00000, 0x0000000505c00000, 0x0000000509e20000)
  from space 8448K,  53% used [0x000000050a660000, 0x000000050aad3270, 0x000000050aea0000)
  to   space 8448K,   0% used [0x0000000509e20000, 0x0000000509e20000, 0x000000050a660000)
 concurrent mark-sweep generation total 169344K, used 29145K [0x000000051a8c0000, 0x0000000524e20000, 0x00000007c0000000)
 Metaspace       used 57189K, capacity 57484K, committed 58072K, reserved 1099776K
  class space    used 7546K, capacity 7626K, committed 7644K, reserved 1048576K
}
Event: 12.368 GC heap before
{Heap before GC invocations=25 (full 2):
 par new generation   total 76160K, used 72268K [0x0000000505c00000, 0x000000050aea0000, 0x000000051a8c0000)
  eden space 67712K, 100% used [0x0000000505c00000, 0x0000000509e20000, 0x0000000509e20000)
  from space 8448K,  53% used [0x000000050a660000, 0x000000050aad3270, 0x000000050aea0000)
  to   space 8448K,   0% used [0x0000000509e20000, 0x0000000509e20000, 0x000000050a660000)
 concurrent mark-sweep generation total 169344K, used 29145K [0x000000051a8c0000, 0x0000000524e20000, 0x00000007c0000000)
 Metaspace       used 58848K, capacity 59142K, committed 59736K, reserved 1101824K
  class space    used 7823K, capacity 7919K, committed 8028K, reserved 1048576K
Event: 12.374 GC heap after
Heap after GC invocations=26 (full 2):
 par new generation   total 76160K, used 5543K [0x0000000505c00000, 0x000000050aea0000, 0x000000051a8c0000)
  eden space 67712K,   0% used [0x0000000505c00000, 0x0000000505c00000, 0x0000000509e20000)
  from space 8448K,  65% used [0x0000000509e20000, 0x000000050a389e40, 0x000000050a660000)
  to   space 8448K,   0% used [0x000000050a660000, 0x000000050a660000, 0x000000050aea0000)
 concurrent mark-sweep generation total 169344K, used 29145K [0x000000051a8c0000, 0x0000000524e20000, 0x00000007c0000000)
 Metaspace       used 58848K, capacity 59142K, committed 59736K, reserved 1101824K
  class space    used 7823K, capacity 7919K, committed 8028K, reserved 1048576K
}
Event: 12.620 GC heap before
{Heap before GC invocations=26 (full 2):
 par new generation   total 76160K, used 73255K [0x0000000505c00000, 0x000000050aea0000, 0x000000051a8c0000)
  eden space 67712K, 100% used [0x0000000505c00000, 0x0000000509e20000, 0x0000000509e20000)
  from space 8448K,  65% used [0x0000000509e20000, 0x000000050a389e40, 0x000000050a660000)
  to   space 8448K,   0% used [0x000000050a660000, 0x000000050a660000, 0x000000050aea0000)
 concurrent mark-sweep generation total 169344K, used 29145K [0x000000051a8c0000, 0x0000000524e20000, 0x00000007c0000000)
 Metaspace       used 61884K, capacity 62156K, committed 62680K, reserved 1103872K
  class space    used 8214K, capacity 8304K, committed 8412K, reserved 1048576K
Event: 12.625 GC heap after
Heap after GC invocations=27 (full 2):
 par new generation   total 76160K, used 8143K [0x0000000505c00000, 0x000000050aea0000, 0x000000051a8c0000)
  eden space 67712K,   0% used [0x0000000505c00000, 0x0000000505c00000, 0x0000000509e20000)
  from space 8448K,  96% used [0x000000050a660000, 0x000000050ae53d88, 0x000000050aea0000)
  to   space 8448K,   0% used [0x0000000509e20000, 0x0000000509e20000, 0x000000050a660000)
 concurrent mark-sweep generation total 169344K, used 29145K [0x000000051a8c0000, 0x0000000524e20000, 0x00000007c0000000)
 Metaspace       used 61884K, capacity 62156K, committed 62680K, reserved 1103872K
  class space    used 8214K, capacity 8304K, committed 8412K, reserved 1048576K
}
Event: 12.832 GC heap before
{Heap before GC invocations=27 (full 2):
 par new generation   total 76160K, used 75855K [0x0000000505c00000, 0x000000050aea0000, 0x000000051a8c0000)
  eden space 67712K, 100% used [0x0000000505c00000, 0x0000000509e20000, 0x0000000509e20000)
  from space 8448K,  96% used [0x000000050a660000, 0x000000050ae53d88, 0x000000050aea0000)
  to   space 8448K,   0% used [0x0000000509e20000, 0x0000000509e20000, 0x000000050a660000)
 concurrent mark-sweep generation total 169344K, used 29145K [0x000000051a8c0000, 0x0000000524e20000, 0x00000007c0000000)
 Metaspace       used 64564K, capacity 64812K, committed 65368K, reserved 1105920K
  class space    used 8642K, capacity 8720K, committed 8796K, reserved 1048576K
Event: 12.846 GC heap after
Heap after GC invocations=28 (full 2):
 par new generation   total 76160K, used 7767K [0x0000000505c00000, 0x000000050aea0000, 0x000000051a8c0000)
  eden space 67712K,   0% used [0x0000000505c00000, 0x0000000505c00000, 0x0000000509e20000)
  from space 8448K,  91% used [0x0000000509e20000, 0x000000050a5b5dd8, 0x000000050a660000)
  to   space 8448K,   0% used [0x000000050a660000, 0x000000050a660000, 0x000000050aea0000)
 concurrent mark-sweep generation total 169344K, used 31657K [0x000000051a8c0000, 0x0000000524e20000, 0x00000007c0000000)
 Metaspace       used 64564K, capacity 64812K, committed 65368K, reserved 1105920K
  class space    used 8642K, capacity 8720K, committed 8796K, reserved 1048576K
}
Event: 13.226 GC heap before
{Heap before GC invocations=28 (full 2):
 par new generation   total 76160K, used 75479K [0x0000000505c00000, 0x000000050aea0000, 0x000000051a8c0000)
  eden space 67712K, 100% used [0x0000000505c00000, 0x0000000509e20000, 0x0000000509e20000)
  from space 8448K,  91% used [0x0000000509e20000, 0x000000050a5b5dd8, 0x000000050a660000)
  to   space 8448K,   0% used [0x000000050a660000, 0x000000050a660000, 0x000000050aea0000)
 concurrent mark-sweep generation total 169344K, used 31657K [0x000000051a8c0000, 0x0000000524e20000, 0x00000007c0000000)
 Metaspace       used 66449K, capacity 66738K, committed 67160K, reserved 1107968K
  class space    used 8958K, capacity 9041K, committed 9052K, reserved 1048576K
Event: 13.232 GC heap after
Heap after GC invocations=29 (full 2):
 par new generation   total 76160K, used 4476K [0x0000000505c00000, 0x000000050aea0000, 0x000000051a8c0000)
  eden space 67712K,   0% used [0x0000000505c00000, 0x0000000505c00000, 0x0000000509e20000)
  from space 8448K,  52% used [0x000000050a660000, 0x000000050aabf3a8, 0x000000050aea0000)
  to   space 8448K,   0% used [0x0000000509e20000, 0x0000000509e20000, 0x000000050a660000)
 concurrent mark-sweep generation total 169344K, used 32916K [0x000000051a8c0000, 0x0000000524e20000, 0x00000007c0000000)
 Metaspace       used 66449K, capacity 66738K, committed 67160K, reserved 1107968K
  class space    used 8958K, capacity 9041K, committed 9052K, reserved 1048576K
}
Event: 13.424 GC heap before
{Heap before GC invocations=29 (full 2):
 par new generation   total 76160K, used 72188K [0x0000000505c00000, 0x000000050aea0000, 0x000000051a8c0000)
  eden space 67712K, 100% used [0x0000000505c00000, 0x0000000509e20000, 0x0000000509e20000)
  from space 8448K,  52% used [0x000000050a660000, 0x000000050aabf3a8, 0x000000050aea0000)
  to   space 8448K,   0% used [0x0000000509e20000, 0x0000000509e20000, 0x000000050a660000)
 concurrent mark-sweep generation total 169344K, used 32916K [0x000000051a8c0000, 0x0000000524e20000, 0x00000007c0000000)
 Metaspace       used 68314K, capacity 68574K, committed 69080K, reserved 1110016K
  class space    used 9254K, capacity 9331K, committed 9436K, reserved 1048576K
Event: 13.428 GC heap after
Heap after GC invocations=30 (full 2):
 par new generation   total 76160K, used 5537K [0x0000000505c00000, 0x000000050aea0000, 0x000000051a8c0000)
  eden space 67712K,   0% used [0x0000000505c00000, 0x0000000505c00000, 0x0000000509e20000)
  from space 8448K,  65% used [0x0000000509e20000, 0x000000050a388558, 0x000000050a660000)
  to   space 8448K,   0% used [0x000000050a660000, 0x000000050a660000, 0x000000050aea0000)
 concurrent mark-sweep generation total 169344K, used 32916K [0x000000051a8c0000, 0x0000000524e20000, 0x00000007c0000000)
 Metaspace       used 68314K, capacity 68574K, committed 69080K, reserved 1110016K
  class space    used 9254K, capacity 9331K, committed 9436K, reserved 1048576K
}
Event: 13.641 GC heap before
{Heap before GC invocations=30 (full 2):
 par new generation   total 76160K, used 73249K [0x0000000505c00000, 0x000000050aea0000, 0x000000051a8c0000)
  eden space 67712K, 100% used [0x0000000505c00000, 0x0000000509e20000, 0x0000000509e20000)
  from space 8448K,  65% used [0x0000000509e20000, 0x000000050a388558, 0x000000050a660000)
  to   space 8448K,   0% used [0x000000050a660000, 0x000000050a660000, 0x000000050aea0000)
 concurrent mark-sweep generation total 169344K, used 32916K [0x000000051a8c0000, 0x0000000524e20000, 0x00000007c0000000)
 Metaspace       used 71202K, capacity 71486K, committed 72152K, reserved 1112064K
  class space    used 9548K, capacity 9619K, committed 9692K, reserved 1048576K
Event: 13.646 GC heap after
Heap after GC invocations=31 (full 2):
 par new generation   total 76160K, used 5421K [0x0000000505c00000, 0x000000050aea0000, 0x000000051a8c0000)
  eden space 67712K,   0% used [0x0000000505c00000, 0x0000000505c00000, 0x0000000509e20000)
  from space 8448K,  64% used [0x000000050a660000, 0x000000050abab688, 0x000000050aea0000)
  to   space 8448K,   0% used [0x0000000509e20000, 0x0000000509e20000, 0x000000050a660000)
 concurrent mark-sweep generation total 169344K, used 34190K [0x000000051a8c0000, 0x0000000524e20000, 0x00000007c0000000)
 Metaspace       used 71202K, capacity 71486K, committed 72152K, reserved 1112064K
  class space    used 9548K, capacity 9619K, committed 9692K, reserved 1048576K
}
Event: 14.024 GC heap before
{Heap before GC invocations=31 (full 2):
 par new generation   total 76160K, used 73133K [0x0000000505c00000, 0x000000050aea0000, 0x000000051a8c0000)
  eden space 67712K, 100% used [0x0000000505c00000, 0x0000000509e20000, 0x0000000509e20000)
  from space 8448K,  64% used [0x000000050a660000, 0x000000050abab688, 0x000000050aea0000)
  to   space 8448K,   0% used [0x0000000509e20000, 0x0000000509e20000, 0x000000050a660000)
 concurrent mark-sweep generation total 169344K, used 34190K [0x000000051a8c0000, 0x0000000524e20000, 0x00000007c0000000)
 Metaspace       used 74714K, capacity 75124K, committed 75736K, reserved 1114112K
  class space    used 9958K, capacity 10102K, committed 10204K, reserved 1048576K
Event: 14.034 GC heap after
Heap after GC invocations=32 (full 2):
 par new generation   total 76160K, used 6121K [0x0000000505c00000, 0x000000050aea0000, 0x000000051a8c0000)
  eden space 67712K,   0% used [0x0000000505c00000, 0x0000000505c00000, 0x0000000509e20000)
  from space 8448K,  72% used [0x0000000509e20000, 0x000000050a41a600, 0x000000050a660000)
  to   space 8448K,   0% used [0x000000050a660000, 0x000000050a660000, 0x000000050aea0000)
 concurrent mark-sweep generation total 169344K, used 34818K [0x000000051a8c0000, 0x0000000524e20000, 0x00000007c0000000)
 Metaspace       used 74714K, capacity 75124K, committed 75736K, reserved 1114112K
  class space    used 9958K, capacity 10102K, committed 10204K, reserved 1048576K
}
Event: 14.267 GC heap before
{Heap before GC invocations=32 (full 2):
 par new generation   total 76160K, used 73833K [0x0000000505c00000, 0x000000050aea0000, 0x000000051a8c0000)
  eden space 67712K, 100% used [0x0000000505c00000, 0x0000000509e20000, 0x0000000509e20000)
  from space 8448K,  72% used [0x0000000509e20000, 0x000000050a41a600, 0x000000050a660000)
  to   space 8448K,   0% used [0x000000050a660000, 0x000000050a660000, 0x000000050aea0000)
 concurrent mark-sweep generation total 169344K, used 34818K [0x000000051a8c0000, 0x0000000524e20000, 0x00000007c0000000)
 Metaspace       used 76921K, capacity 77360K, committed 77784K, reserved 1116160K
  class space    used 10254K, capacity 10416K, committed 10460K, reserved 1048576K
Event: 14.280 GC heap after
Heap after GC invocations=33 (full 2):
 par new generation   total 76160K, used 5509K [0x0000000505c00000, 0x000000050aea0000, 0x000000051a8c0000)
  eden space 67712K,   0% used [0x0000000505c00000, 0x0000000505c00000, 0x0000000509e20000)
  from space 8448K,  65% used [0x000000050a660000, 0x000000050abc1518, 0x000000050aea0000)
  to   space 8448K,   0% used [0x0000000509e20000, 0x0000000509e20000, 0x000000050a660000)
 concurrent mark-sweep generation total 169344K, used 38970K [0x000000051a8c0000, 0x0000000524e20000, 0x00000007c0000000)
 Metaspace       used 76921K, capacity 77360K, committed 77784K, reserved 1116160K
  class space    used 10254K, capacity 10416K, committed 10460K, reserved 1048576K
}
Event: 14.523 GC heap before
{Heap before GC invocations=33 (full 2):
 par new generation   total 76160K, used 73221K [0x0000000505c00000, 0x000000050aea0000, 0x000000051a8c0000)
  eden space 67712K, 100% used [0x0000000505c00000, 0x0000000509e20000, 0x0000000509e20000)
  from space 8448K,  65% used [0x000000050a660000, 0x000000050abc1518, 0x000000050aea0000)
  to   space 8448K,   0% used [0x0000000509e20000, 0x0000000509e20000, 0x000000050a660000)
 concurrent mark-sweep generation total 169344K, used 38970K [0x000000051a8c0000, 0x0000000524e20000, 0x00000007c0000000)
 Metaspace       used 80143K, capacity 80598K, committed 81240K, reserved 1120256K
  class space    used 10706K, capacity 10833K, committed 10844K, reserved 1048576K
Event: 14.527 GC heap after
Heap after GC invocations=34 (full 2):
 par new generation   total 76160K, used 3458K [0x0000000505c00000, 0x000000050aea0000, 0x000000051a8c0000)
  eden space 67712K,   0% used [0x0000000505c00000, 0x0000000505c00000, 0x0000000509e20000)
  from space 8448K,  40% used [0x0000000509e20000, 0x000000050a180bb8, 0x000000050a660000)
  to   space 8448K,   0% used [0x000000050a660000, 0x000000050a660000, 0x000000050aea0000)
 concurrent mark-sweep generation total 169344K, used 38970K [0x000000051a8c0000, 0x0000000524e20000, 0x00000007c0000000)
 Metaspace       used 80143K, capacity 80598K, committed 81240K, reserved 1120256K
  class space    used 10706K, capacity 10833K, committed 10844K, reserved 1048576K
}
Event: 15.219 GC heap before
{Heap before GC invocations=34 (full 2):
 par new generation   total 76160K, used 71170K [0x0000000505c00000, 0x000000050aea0000, 0x000000051a8c0000)
  eden space 67712K, 100% used [0x0000000505c00000, 0x0000000509e20000, 0x0000000509e20000)
  from space 8448K,  40% used [0x0000000509e20000, 0x000000050a180bb8, 0x000000050a660000)
  to   space 8448K,   0% used [0x000000050a660000, 0x000000050a660000, 0x000000050aea0000)
 concurrent mark-sweep generation total 169344K, used 38970K [0x000000051a8c0000, 0x0000000524e20000, 0x00000007c0000000)
 Metaspace       used 83817K, capacity 84332K, committed 84820K, reserved 1122304K
  class space    used 11132K, capacity 11261K, committed 11280K, reserved 1048576K
Event: 15.224 GC heap after
Heap after GC invocations=35 (full 2):
 par new generation   total 76160K, used 4463K [0x0000000505c00000, 0x000000050aea0000, 0x000000051a8c0000)
  eden space 67712K,   0% used [0x0000000505c00000, 0x0000000505c00000, 0x0000000509e20000)
  from space 8448K,  52% used [0x000000050a660000, 0x000000050aabbf60, 0x000000050aea0000)
  to   space 8448K,   0% used [0x0000000509e20000, 0x0000000509e20000, 0x000000050a660000)
 concurrent mark-sweep generation total 169344K, used 38970K [0x000000051a8c0000, 0x0000000524e20000, 0x00000007c0000000)
 Metaspace       used 83817K, capacity 84332K, committed 84820K, reserved 1122304K
  class space    used 11132K, capacity 11261K, committed 11280K, reserved 1048576K
}
Event: 15.492 GC heap before
{Heap before GC invocations=35 (full 3):
 par new generation   total 76160K, used 72175K [0x0000000505c00000, 0x000000050aea0000, 0x000000051a8c0000)
  eden space 67712K, 100% used [0x0000000505c00000, 0x0000000509e20000, 0x0000000509e20000)
  from space 8448K,  52% used [0x000000050a660000, 0x000000050aabbf60, 0x000000050aea0000)
  to   space 8448K,   0% used [0x0000000509e20000, 0x0000000509e20000, 0x000000050a660000)
 concurrent mark-sweep generation total 169344K, used 38970K [0x000000051a8c0000, 0x0000000524e20000, 0x00000007c0000000)
 Metaspace       used 85389K, capacity 85880K, committed 86404K, reserved 1124352K
  class space    used 11389K, capacity 11519K, committed 11560K, reserved 1048576K
Event: 15.496 GC heap after
Heap after GC invocations=36 (full 3):
 par new generation   total 76160K, used 6225K [0x0000000505c00000, 0x000000050aea0000, 0x000000051a8c0000)
  eden space 67712K,   0% used [0x0000000505c00000, 0x0000000505c00000, 0x0000000509e20000)
  from space 8448K,  73% used [0x0000000509e20000, 0x000000050a434678, 0x000000050a660000)
  to   space 8448K,   0% used [0x000000050a660000, 0x000000050a660000, 0x000000050aea0000)
 concurrent mark-sweep generation total 169344K, used 38970K [0x000000051a8c0000, 0x0000000524e20000, 0x00000007c0000000)
 Metaspace       used 85389K, capacity 85880K, committed 86404K, reserved 1124352K
  class space    used 11389K, capacity 11519K, committed 11560K, reserved 1048576K
}
Event: 15.687 GC heap before
{Heap before GC invocations=36 (full 3):
 par new generation   total 76160K, used 73937K [0x0000000505c00000, 0x000000050aea0000, 0x000000051a8c0000)
  eden space 67712K, 100% used [0x0000000505c00000, 0x0000000509e20000, 0x0000000509e20000)
  from space 8448K,  73% used [0x0000000509e20000, 0x000000050a434678, 0x000000050a660000)
  to   space 8448K,   0% used [0x000000050a660000, 0x000000050a660000, 0x000000050aea0000)
 concurrent mark-sweep generation total 169344K, used 38337K [0x000000051a8c0000, 0x0000000524e20000, 0x00000007c0000000)
 Metaspace       used 86547K, capacity 87048K, committed 87528K, reserved 1124352K
  class space    used 11644K, capacity 11799K, committed 11892K, reserved 1048576K
Event: 15.694 GC heap after
Heap after GC invocations=37 (full 3):
 par new generation   total 76160K, used 6003K [0x0000000505c00000, 0x000000050aea0000, 0x000000051a8c0000)
  eden space 67712K,   0% used [0x0000000505c00000, 0x0000000505c00000, 0x0000000509e20000)
  from space 8448K,  71% used [0x000000050a660000, 0x000000050ac3ce80, 0x000000050aea0000)
  to   space 8448K,   0% used [0x0000000509e20000, 0x0000000509e20000, 0x000000050a660000)
 concurrent mark-sweep generation total 169344K, used 38803K [0x000000051a8c0000, 0x0000000524e20000, 0x00000007c0000000)
 Metaspace       used 86547K, capacity 87048K, committed 87528K, reserved 1124352K
  class space    used 11644K, capacity 11799K, committed 11892K, reserved 1048576K
}
Event: 24.835 GC heap before
{Heap before GC invocations=37 (full 3):
 par new generation   total 76160K, used 65689K [0x0000000505c00000, 0x000000050aea0000, 0x000000051a8c0000)
  eden space 67712K,  88% used [0x0000000505c00000, 0x0000000509649580, 0x0000000509e20000)
  from space 8448K,  71% used [0x000000050a660000, 0x000000050ac3ce80, 0x000000050aea0000)
  to   space 8448K,   0% used [0x0000000509e20000, 0x0000000509e20000, 0x000000050a660000)
 concurrent mark-sweep generation total 169344K, used 38803K [0x000000051a8c0000, 0x0000000524e20000, 0x00000007c0000000)
 Metaspace       used 87701K, capacity 88288K, committed 88816K, reserved 1126400K
  class space    used 11824K, capacity 11979K, committed 12020K, reserved 1048576K
Event: 24.852 GC heap after
Heap after GC invocations=38 (full 3):
 par new generation   total 76160K, used 5975K [0x0000000505c00000, 0x000000050aea0000, 0x000000051a8c0000)
  eden space 67712K,   0% used [0x0000000505c00000, 0x0000000505c00000, 0x0000000509e20000)
  from space 8448K,  70% used [0x0000000509e20000, 0x000000050a3f5ea0, 0x000000050a660000)
  to   space 8448K,   0% used [0x000000050a660000, 0x000000050a660000, 0x000000050aea0000)
 concurrent mark-sweep generation total 169344K, used 55959K [0x000000051a8c0000, 0x0000000524e20000, 0x00000007c0000000)
 Metaspace       used 87701K, capacity 88288K, committed 88816K, reserved 1126400K
  class space    used 11824K, capacity 11979K, committed 12020K, reserved 1048576K
}
Event: 25.815 GC heap before
{Heap before GC invocations=38 (full 3):
 par new generation   total 76160K, used 66408K [0x0000000505c00000, 0x000000050aea0000, 0x000000051a8c0000)
  eden space 67712K,  89% used [0x0000000505c00000, 0x00000005097044b0, 0x0000000509e20000)
  from space 8448K,  70% used [0x0000000509e20000, 0x000000050a3f5ea0, 0x000000050a660000)
  to   space 8448K,   0% used [0x000000050a660000, 0x000000050a660000, 0x000000050aea0000)
 concurrent mark-sweep generation total 169344K, used 55959K [0x000000051a8c0000, 0x0000000524e20000, 0x00000007c0000000)
 Metaspace       used 88510K, capacity 89148K, committed 89456K, reserved 1126400K
  class space    used 11965K, capacity 12133K, committed 12148K, reserved 1048576K
Event: 25.832 GC heap after
Heap after GC invocations=39 (full 3):
 par new generation   total 76160K, used 4940K [0x0000000505c00000, 0x000000050aea0000, 0x000000051a8c0000)
  eden space 67712K,   0% used [0x0000000505c00000, 0x0000000505c00000, 0x0000000509e20000)
  from space 8448K,  58% used [0x000000050a660000, 0x000000050ab33350, 0x000000050aea0000)
  to   space 8448K,   0% used [0x0000000509e20000, 0x0000000509e20000, 0x000000050a660000)
 concurrent mark-sweep generation total 169344K, used 73751K [0x000000051a8c0000, 0x0000000524e20000, 0x00000007c0000000)
 Metaspace       used 88510K, capacity 89148K, committed 89456K, reserved 1126400K
  class space    used 11965K, capacity 12133K, committed 12148K, reserved 1048576K
}
Event: 28.076 GC heap before
{Heap before GC invocations=39 (full 3):
 par new generation   total 76160K, used 72652K [0x0000000505c00000, 0x000000050aea0000, 0x000000051a8c0000)
  eden space 67712K, 100% used [0x0000000505c00000, 0x0000000509e20000, 0x0000000509e20000)
  from space 8448K,  58% used [0x000000050a660000, 0x000000050ab33350, 0x000000050aea0000)
  to   space 8448K,   0% used [0x0000000509e20000, 0x0000000509e20000, 0x000000050a660000)
 concurrent mark-sweep generation total 169344K, used 73751K [0x000000051a8c0000, 0x0000000524e20000, 0x00000007c0000000)
 Metaspace       used 89713K, capacity 90350K, committed 90736K, reserved 1128448K
  class space    used 12179K, capacity 12334K, committed 12404K, reserved 1048576K
Event: 28.093 GC heap after
Heap after GC invocations=40 (full 3):
 par new generation   total 76160K, used 5287K [0x0000000505c00000, 0x000000050aea0000, 0x000000051a8c0000)
  eden space 67712K,   0% used [0x0000000505c00000, 0x0000000505c00000, 0x0000000509e20000)
  from space 8448K,  62% used [0x0000000509e20000, 0x000000050a349e80, 0x000000050a660000)
  to   space 8448K,   0% used [0x000000050a660000, 0x000000050a660000, 0x000000050aea0000)
 concurrent mark-sweep generation total 169344K, used 90135K [0x000000051a8c0000, 0x0000000524e20000, 0x00000007c0000000)
 Metaspace       used 89713K, capacity 90350K, committed 90736K, reserved 1128448K
  class space    used 12179K, capacity 12334K, committed 12404K, reserved 1048576K
}
Event: 28.268 GC heap before
{Heap before GC invocations=40 (full 3):
 par new generation   total 76160K, used 72999K [0x0000000505c00000, 0x000000050aea0000, 0x000000051a8c0000)
  eden space 67712K, 100% used [0x0000000505c00000, 0x0000000509e20000, 0x0000000509e20000)
  from space 8448K,  62% used [0x0000000509e20000, 0x000000050a349e80, 0x000000050a660000)
  to   space 8448K,   0% used [0x000000050a660000, 0x000000050a660000, 0x000000050aea0000)
 concurrent mark-sweep generation total 169344K, used 90135K [0x000000051a8c0000, 0x0000000524e20000, 0x00000007c0000000)
 Metaspace       used 92041K, capacity 92692K, committed 93168K, reserved 1130496K
  class space    used 12579K, capacity 12751K, committed 12788K, reserved 1048576K
Event: 28.273 GC heap after
Heap after GC invocations=41 (full 3):
 par new generation   total 76160K, used 6533K [0x0000000505c00000, 0x000000050aea0000, 0x000000051a8c0000)
  eden space 67712K,   0% used [0x0000000505c00000, 0x0000000505c00000, 0x0000000509e20000)
  from space 8448K,  77% used [0x000000050a660000, 0x000000050acc1528, 0x000000050aea0000)
  to   space 8448K,   0% used [0x0000000509e20000, 0x0000000509e20000, 0x000000050a660000)
 concurrent mark-sweep generation total 169344K, used 90135K [0x000000051a8c0000, 0x0000000524e20000, 0x00000007c0000000)
 Metaspace       used 92041K, capacity 92692K, committed 93168K, reserved 1130496K
  class space    used 12579K, capacity 12751K, committed 12788K, reserved 1048576K
}
Event: 54.040 GC heap before
{Heap before GC invocations=41 (full 3):
 par new generation   total 76160K, used 74245K [0x0000000505c00000, 0x000000050aea0000, 0x000000051a8c0000)
  eden space 67712K, 100% used [0x0000000505c00000, 0x0000000509e20000, 0x0000000509e20000)
  from space 8448K,  77% used [0x000000050a660000, 0x000000050acc1528, 0x000000050aea0000)
  to   space 8448K,   0% used [0x0000000509e20000, 0x0000000509e20000, 0x000000050a660000)
 concurrent mark-sweep generation total 169344K, used 90135K [0x000000051a8c0000, 0x0000000524e20000, 0x00000007c0000000)
 Metaspace       used 93894K, capacity 94528K, committed 94960K, reserved 1130496K
  class space    used 12820K, capacity 12977K, committed 13044K, reserved 1048576K
Event: 54.047 GC heap after
Heap after GC invocations=42 (full 3):
 par new generation   total 76160K, used 5292K [0x0000000505c00000, 0x000000050aea0000, 0x000000051a8c0000)
  eden space 67712K,   0% used [0x0000000505c00000, 0x0000000505c00000, 0x0000000509e20000)
  from space 8448K,  62% used [0x0000000509e20000, 0x000000050a34b028, 0x000000050a660000)
  to   space 8448K,   0% used [0x000000050a660000, 0x000000050a660000, 0x000000050aea0000)
 concurrent mark-sweep generation total 169344K, used 91257K [0x000000051a8c0000, 0x0000000524e20000, 0x00000007c0000000)
 Metaspace       used 93894K, capacity 94528K, committed 94960K, reserved 1130496K
  class space    used 12820K, capacity 12977K, committed 13044K, reserved 1048576K
}
Event: 54.324 GC heap before
{Heap before GC invocations=42 (full 3):
 par new generation   total 76160K, used 73004K [0x0000000505c00000, 0x000000050aea0000, 0x000000051a8c0000)
  eden space 67712K, 100% used [0x0000000505c00000, 0x0000000509e20000, 0x0000000509e20000)
  from space 8448K,  62% used [0x0000000509e20000, 0x000000050a34b028, 0x000000050a660000)
  to   space 8448K,   0% used [0x000000050a660000, 0x000000050a660000, 0x000000050aea0000)
 concurrent mark-sweep generation total 169344K, used 91257K [0x000000051a8c0000, 0x0000000524e20000, 0x00000007c0000000)
 Metaspace       used 95601K, capacity 96262K, committed 96752K, reserved 1132544K
  class space    used 13083K, capacity 13234K, committed 13300K, reserved 1048576K
Event: 54.329 GC heap after
Heap after GC invocations=43 (full 3):
 par new generation   total 76160K, used 6250K [0x0000000505c00000, 0x000000050aea0000, 0x000000051a8c0000)
  eden space 67712K,   0% used [0x0000000505c00000, 0x0000000505c00000, 0x0000000509e20000)
  from space 8448K,  73% used [0x000000050a660000, 0x000000050ac7a9d0, 0x000000050aea0000)
  to   space 8448K,   0% used [0x0000000509e20000, 0x0000000509e20000, 0x000000050a660000)
 concurrent mark-sweep generation total 169344K, used 91257K [0x000000051a8c0000, 0x0000000524e20000, 0x00000007c0000000)
 Metaspace       used 95601K, capacity 96262K, committed 96752K, reserved 1132544K
  class space    used 13083K, capacity 13234K, committed 13300K, reserved 1048576K
}
Event: 54.825 GC heap before
{Heap before GC invocations=43 (full 3):
 par new generation   total 76160K, used 73962K [0x0000000505c00000, 0x000000050aea0000, 0x000000051a8c0000)
  eden space 67712K, 100% used [0x0000000505c00000, 0x0000000509e20000, 0x0000000509e20000)
  from space 8448K,  73% used [0x000000050a660000, 0x000000050ac7a9d0, 0x000000050aea0000)
  to   space 8448K,   0% used [0x0000000509e20000, 0x0000000509e20000, 0x000000050a660000)
 concurrent mark-sweep generation total 169344K, used 91257K [0x000000051a8c0000, 0x0000000524e20000, 0x00000007c0000000)
 Metaspace       used 97519K, capacity 98224K, committed 98800K, reserved 1134592K
  class space    used 13326K, capacity 13498K, committed 13556K, reserved 1048576K
Event: 54.835 GC heap after
Heap after GC invocations=44 (full 3):
 par new generation   total 76160K, used 6020K [0x0000000505c00000, 0x000000050aea0000, 0x000000051a8c0000)
  eden space 67712K,   0% used [0x0000000505c00000, 0x0000000505c00000, 0x0000000509e20000)
  from space 8448K,  71% used [0x0000000509e20000, 0x000000050a4013f0, 0x000000050a660000)
  to   space 8448K,   0% used [0x000000050a660000, 0x000000050a660000, 0x000000050aea0000)
 concurrent mark-sweep generation total 169344K, used 91969K [0x000000051a8c0000, 0x0000000524e20000, 0x00000007c0000000)
 Metaspace       used 97519K, capacity 98224K, committed 98800K, reserved 1134592K
  class space    used 13326K, capacity 13498K, committed 13556K, reserved 1048576K
}
Event: 55.140 GC heap before
{Heap before GC invocations=44 (full 3):
 par new generation   total 76160K, used 73732K [0x0000000505c00000, 0x000000050aea0000, 0x000000051a8c0000)
  eden space 67712K, 100% used [0x0000000505c00000, 0x0000000509e20000, 0x0000000509e20000)
  from space 8448K,  71% used [0x0000000509e20000, 0x000000050a4013f0, 0x000000050a660000)
  to   space 8448K,   0% used [0x000000050a660000, 0x000000050a660000, 0x000000050aea0000)
 concurrent mark-sweep generation total 169344K, used 91969K [0x000000051a8c0000, 0x0000000524e20000, 0x00000007c0000000)
 Metaspace       used 99030K, capacity 99766K, committed 100336K, reserved 1136640K
  class space    used 13543K, capacity 13731K, committed 13812K, reserved 1048576K
Event: 55.147 GC heap after
Heap after GC invocations=45 (full 3):
 par new generation   total 76160K, used 6538K [0x0000000505c00000, 0x000000050aea0000, 0x000000051a8c0000)
  eden space 67712K,   0% used [0x0000000505c00000, 0x0000000505c00000, 0x0000000509e20000)
  from space 8448K,  77% used [0x000000050a660000, 0x000000050acc29b8, 0x000000050aea0000)
  to   space 8448K,   0% used [0x0000000509e20000, 0x0000000509e20000, 0x000000050a660000)
 concurrent mark-sweep generation total 169344K, used 92945K [0x000000051a8c0000, 0x0000000524e20000, 0x00000007c0000000)
 Metaspace       used 99030K, capacity 99766K, committed 100336K, reserved 1136640K
  class space    used 13543K, capacity 13731K, committed 13812K, reserved 1048576K
}
Event: 113.668 GC heap before
{Heap before GC invocations=45 (full 3):
 par new generation   total 76160K, used 74250K [0x0000000505c00000, 0x000000050aea0000, 0x000000051a8c0000)
  eden space 67712K, 100% used [0x0000000505c00000, 0x0000000509e20000, 0x0000000509e20000)
  from space 8448K,  77% used [0x000000050a660000, 0x000000050acc29b8, 0x000000050aea0000)
  to   space 8448K,   0% used [0x0000000509e20000, 0x0000000509e20000, 0x000000050a660000)
 concurrent mark-sweep generation total 169344K, used 92945K [0x000000051a8c0000, 0x0000000524e20000, 0x00000007c0000000)
 Metaspace       used 100256K, capacity 101020K, committed 101616K, reserved 1136640K
  class space    used 13742K, capacity 13944K, committed 14068K, reserved 1048576K
Event: 113.674 GC heap after
Heap after GC invocations=46 (full 3):
 par new generation   total 76160K, used 6154K [0x0000000505c00000, 0x000000050aea0000, 0x000000051a8c0000)
  eden space 67712K,   0% used [0x0000000505c00000, 0x0000000505c00000, 0x0000000509e20000)
  from space 8448K,  72% used [0x0000000509e20000, 0x000000050a422958, 0x000000050a660000)
  to   space 8448K,   0% used [0x000000050a660000, 0x000000050a660000, 0x000000050aea0000)
 concurrent mark-sweep generation total 169344K, used 93796K [0x000000051a8c0000, 0x0000000524e20000, 0x00000007c0000000)
 Metaspace       used 100256K, capacity 101020K, committed 101616K, reserved 1136640K
  class space    used 13742K, capacity 13944K, committed 14068K, reserved 1048576K
}
Event: 384.069 GC heap before
{Heap before GC invocations=46 (full 3):
 par new generation   total 76160K, used 73866K [0x0000000505c00000, 0x000000050aea0000, 0x000000051a8c0000)
  eden space 67712K, 100% used [0x0000000505c00000, 0x0000000509e20000, 0x0000000509e20000)
  from space 8448K,  72% used [0x0000000509e20000, 0x000000050a422958, 0x000000050a660000)
  to   space 8448K,   0% used [0x000000050a660000, 0x000000050a660000, 0x000000050aea0000)
 concurrent mark-sweep generation total 169344K, used 93796K [0x000000051a8c0000, 0x0000000524e20000, 0x00000007c0000000)
 Metaspace       used 101959K, capacity 102776K, committed 103280K, reserved 1138688K
  class space    used 13990K, capacity 14178K, committed 14196K, reserved 1048576K
Event: 384.075 GC heap after
Heap after GC invocations=47 (full 3):
 par new generation   total 76160K, used 5631K [0x0000000505c00000, 0x000000050aea0000, 0x000000051a8c0000)
  eden space 67712K,   0% used [0x0000000505c00000, 0x0000000505c00000, 0x0000000509e20000)
  from space 8448K,  66% used [0x000000050a660000, 0x000000050abdff60, 0x000000050aea0000)
  to   space 8448K,   0% used [0x0000000509e20000, 0x0000000509e20000, 0x000000050a660000)
 concurrent mark-sweep generation total 169344K, used 94299K [0x000000051a8c0000, 0x0000000524e20000, 0x00000007c0000000)
 Metaspace       used 101959K, capacity 102776K, committed 103280K, reserved 1138688K
  class space    used 13990K, capacity 14178K, committed 14196K, reserved 1048576K
}
Event: 384.485 GC heap before
{Heap before GC invocations=47 (full 3):
 par new generation   total 76160K, used 73343K [0x0000000505c00000, 0x000000050aea0000, 0x000000051a8c0000)
  eden space 67712K, 100% used [0x0000000505c00000, 0x0000000509e20000, 0x0000000509e20000)
  from space 8448K,  66% used [0x000000050a660000, 0x000000050abdff60, 0x000000050aea0000)
  to   space 8448K,   0% used [0x0000000509e20000, 0x0000000509e20000, 0x000000050a660000)
 concurrent mark-sweep generation total 169344K, used 94299K [0x000000051a8c0000, 0x0000000524e20000, 0x00000007c0000000)
 Metaspace       used 103137K, capacity 103896K, committed 104304K, reserved 1138688K
  class space    used 14169K, capacity 14338K, committed 14452K, reserved 1048576K
Event: 384.507 GC heap after
Heap after GC invocations=48 (full 3):
 par new generation   total 76160K, used 7237K [0x0000000505c00000, 0x000000050aea0000, 0x000000051a8c0000)
  eden space 67712K,   0% used [0x0000000505c00000, 0x0000000505c00000, 0x0000000509e20000)
  from space 8448K,  85% used [0x0000000509e20000, 0x000000050a531748, 0x000000050a660000)
  to   space 8448K,   0% used [0x000000050a660000, 0x000000050a660000, 0x000000050aea0000)
 concurrent mark-sweep generation total 169344K, used 95373K [0x000000051a8c0000, 0x0000000524e20000, 0x00000007c0000000)
 Metaspace       used 103137K, capacity 103896K, committed 104304K, reserved 1138688K
  class space    used 14169K, capacity 14338K, committed 14452K, reserved 1048576K
}
Event: 412.478 GC heap before
{Heap before GC invocations=48 (full 3):
 par new generation   total 76160K, used 74949K [0x0000000505c00000, 0x000000050aea0000, 0x000000051a8c0000)
  eden space 67712K, 100% used [0x0000000505c00000, 0x0000000509e20000, 0x0000000509e20000)
  from space 8448K,  85% used [0x0000000509e20000, 0x000000050a531748, 0x000000050a660000)
  to   space 8448K,   0% used [0x000000050a660000, 0x000000050a660000, 0x000000050aea0000)
 concurrent mark-sweep generation total 169344K, used 95373K [0x000000051a8c0000, 0x0000000524e20000, 0x00000007c0000000)
 Metaspace       used 104154K, capacity 105002K, committed 105456K, reserved 1140736K
  class space    used 14288K, capacity 14469K, committed 14580K, reserved 1048576K
Event: 412.488 GC heap after
Heap after GC invocations=49 (full 3):
 par new generation   total 76160K, used 6258K [0x0000000505c00000, 0x000000050aea0000, 0x000000051a8c0000)
  eden space 67712K,   0% used [0x0000000505c00000, 0x0000000505c00000, 0x0000000509e20000)
  from space 8448K,  74% used [0x000000050a660000, 0x000000050ac7cb58, 0x000000050aea0000)
  to   space 8448K,   0% used [0x0000000509e20000, 0x0000000509e20000, 0x000000050a660000)
 concurrent mark-sweep generation total 169344K, used 97517K [0x000000051a8c0000, 0x0000000524e20000, 0x00000007c0000000)
 Metaspace       used 104154K, capacity 105002K, committed 105456K, reserved 1140736K
  class space    used 14288K, capacity 14469K, committed 14580K, reserved 1048576K
}
Event: 412.718 GC heap before
{Heap before GC invocations=49 (full 3):
 par new generation   total 76160K, used 73970K [0x0000000505c00000, 0x000000050aea0000, 0x000000051a8c0000)
  eden space 67712K, 100% used [0x0000000505c00000, 0x0000000509e20000, 0x0000000509e20000)
  from space 8448K,  74% used [0x000000050a660000, 0x000000050ac7cb58, 0x000000050aea0000)
  to   space 8448K,   0% used [0x0000000509e20000, 0x0000000509e20000, 0x000000050a660000)
 concurrent mark-sweep generation total 169344K, used 97517K [0x000000051a8c0000, 0x0000000524e20000, 0x00000007c0000000)
 Metaspace       used 105515K, capacity 106346K, committed 106992K, reserved 1140736K
  class space    used 14528K, capacity 14725K, committed 14836K, reserved 1048576K
Event: 412.723 GC heap after
Heap after GC invocations=50 (full 3):
 par new generation   total 76160K, used 5870K [0x0000000505c00000, 0x000000050aea0000, 0x000000051a8c0000)
  eden space 67712K,   0% used [0x0000000505c00000, 0x0000000505c00000, 0x0000000509e20000)
  from space 8448K,  69% used [0x0000000509e20000, 0x000000050a3dbaf0, 0x000000050a660000)
  to   space 8448K,   0% used [0x000000050a660000, 0x000000050a660000, 0x000000050aea0000)
 concurrent mark-sweep generation total 169344K, used 97517K [0x000000051a8c0000, 0x0000000524e20000, 0x00000007c0000000)
 Metaspace       used 105515K, capacity 106346K, committed 106992K, reserved 1140736K
  class space    used 14528K, capacity 14725K, committed 14836K, reserved 1048576K
}
Event: 412.912 GC heap before
{Heap before GC invocations=50 (full 3):
 par new generation   total 76160K, used 73582K [0x0000000505c00000, 0x000000050aea0000, 0x000000051a8c0000)
  eden space 67712K, 100% used [0x0000000505c00000, 0x0000000509e20000, 0x0000000509e20000)
  from space 8448K,  69% used [0x0000000509e20000, 0x000000050a3dbaf0, 0x000000050a660000)
  to   space 8448K,   0% used [0x000000050a660000, 0x000000050a660000, 0x000000050aea0000)
 concurrent mark-sweep generation total 169344K, used 97517K [0x000000051a8c0000, 0x0000000524e20000, 0x00000007c0000000)
 Metaspace       used 106920K, capacity 107722K, committed 108144K, reserved 1142784K
  class space    used 14772K, capacity 14949K, committed 14964K, reserved 1048576K
Event: 412.917 GC heap after
Heap after GC invocations=51 (full 3):
 par new generation   total 76160K, used 5228K [0x0000000505c00000, 0x000000050aea0000, 0x000000051a8c0000)
  eden space 67712K,   0% used [0x0000000505c00000, 0x0000000505c00000, 0x0000000509e20000)
  from space 8448K,  61% used [0x000000050a660000, 0x000000050ab7b160, 0x000000050aea0000)
  to   space 8448K,   0% used [0x0000000509e20000, 0x0000000509e20000, 0x000000050a660000)
 concurrent mark-sweep generation total 169344K, used 98071K [0x000000051a8c0000, 0x0000000524e20000, 0x00000007c0000000)
 Metaspace       used 106920K, capacity 107722K, committed 108144K, reserved 1142784K
  class space    used 14772K, capacity 14949K, committed 14964K, reserved 1048576K
}
Event: 413.186 GC heap before
{Heap before GC invocations=51 (full 3):
 par new generation   total 76160K, used 72940K [0x0000000505c00000, 0x000000050aea0000, 0x000000051a8c0000)
  eden space 67712K, 100% used [0x0000000505c00000, 0x0000000509e20000, 0x0000000509e20000)
  from space 8448K,  61% used [0x000000050a660000, 0x000000050ab7b160, 0x000000050aea0000)
  to   space 8448K,   0% used [0x0000000509e20000, 0x0000000509e20000, 0x000000050a660000)
 concurrent mark-sweep generation total 169344K, used 98071K [0x000000051a8c0000, 0x0000000524e20000, 0x00000007c0000000)
 Metaspace       used 108608K, capacity 109442K, committed 110064K, reserved 1144832K
  class space    used 15042K, capacity 15241K, committed 15348K, reserved 1048576K
Event: 413.194 GC heap after
Heap after GC invocations=52 (full 3):
 par new generation   total 76160K, used 5185K [0x0000000505c00000, 0x000000050aea0000, 0x000000051a8c0000)
  eden space 67712K,   0% used [0x0000000505c00000, 0x0000000505c00000, 0x0000000509e20000)
  from space 8448K,  61% used [0x0000000509e20000, 0x000000050a330640, 0x000000050a660000)
  to   space 8448K,   0% used [0x000000050a660000, 0x000000050a660000, 0x000000050aea0000)
 concurrent mark-sweep generation total 169344K, used 100020K [0x000000051a8c0000, 0x0000000524e20000, 0x00000007c0000000)
 Metaspace       used 108608K, capacity 109442K, committed 110064K, reserved 1144832K
  class space    used 15042K, capacity 15241K, committed 15348K, reserved 1048576K
}
Event: 413.637 GC heap before
{Heap before GC invocations=52 (full 3):
 par new generation   total 76160K, used 72897K [0x0000000505c00000, 0x000000050aea0000, 0x000000051a8c0000)
  eden space 67712K, 100% used [0x0000000505c00000, 0x0000000509e20000, 0x0000000509e20000)
  from space 8448K,  61% used [0x0000000509e20000, 0x000000050a330640, 0x000000050a660000)
  to   space 8448K,   0% used [0x000000050a660000, 0x000000050a660000, 0x000000050aea0000)
 concurrent mark-sweep generation total 169344K, used 100020K [0x000000051a8c0000, 0x0000000524e20000, 0x00000007c0000000)
 Metaspace       used 110899K, capacity 111782K, committed 112368K, reserved 1146880K
  class space    used 15279K, capacity 15488K, committed 15604K, reserved 1048576K
Event: 413.644 GC heap after
Heap after GC invocations=53 (full 3):
 par new generation   total 76160K, used 5507K [0x0000000505c00000, 0x000000050aea0000, 0x000000051a8c0000)
  eden space 67712K,   0% used [0x0000000505c00000, 0x0000000505c00000, 0x0000000509e20000)
  from space 8448K,  65% used [0x000000050a660000, 0x000000050abc0f88, 0x000000050aea0000)
  to   space 8448K,   0% used [0x0000000509e20000, 0x0000000509e20000, 0x000000050a660000)
 concurrent mark-sweep generation total 169344K, used 100020K [0x000000051a8c0000, 0x0000000524e20000, 0x00000007c0000000)
 Metaspace       used 110899K, capacity 111782K, committed 112368K, reserved 1146880K
  class space    used 15279K, capacity 15488K, committed 15604K, reserved 1048576K
}
Event: 413.911 GC heap before
{Heap before GC invocations=53 (full 3):
 par new generation   total 76160K, used 72268K [0x0000000505c00000, 0x000000050aea0000, 0x000000051a8c0000)
  eden space 67712K,  98% used [0x0000000505c00000, 0x0000000509d32258, 0x0000000509e20000)
  from space 8448K,  65% used [0x000000050a660000, 0x000000050abc0f88, 0x000000050aea0000)
  to   space 8448K,   0% used [0x0000000509e20000, 0x0000000509e20000, 0x000000050a660000)
 concurrent mark-sweep generation total 169344K, used 100020K [0x000000051a8c0000, 0x0000000524e20000, 0x00000007c0000000)
 Metaspace       used 111320K, capacity 112282K, committed 112624K, reserved 1146880K
  class space    used 15310K, capacity 15519K, committed 15604K, reserved 1048576K
Event: 413.919 GC heap after
Heap after GC invocations=54 (full 3):
 par new generation   total 76160K, used 4104K [0x0000000505c00000, 0x000000050aea0000, 0x000000051a8c0000)
  eden space 67712K,   0% used [0x0000000505c00000, 0x0000000505c00000, 0x0000000509e20000)
  from space 8448K,  48% used [0x0000000509e20000, 0x000000050a2220d0, 0x000000050a660000)
  to   space 8448K,   0% used [0x000000050a660000, 0x000000050a660000, 0x000000050aea0000)
 concurrent mark-sweep generation total 169344K, used 100654K [0x000000051a8c0000, 0x0000000524e20000, 0x00000007c0000000)
 Metaspace       used 111320K, capacity 112282K, committed 112624K, reserved 1146880K
  class space    used 15310K, capacity 15519K, committed 15604K, reserved 1048576K
}
Event: 417.969 GC heap before
{Heap before GC invocations=54 (full 3):
 par new generation   total 76160K, used 71810K [0x0000000505c00000, 0x000000050aea0000, 0x000000051a8c0000)
  eden space 67712K,  99% used [0x0000000505c00000, 0x0000000509e1e750, 0x0000000509e20000)
  from space 8448K,  48% used [0x0000000509e20000, 0x000000050a2220d0, 0x000000050a660000)
  to   space 8448K,   0% used [0x000000050a660000, 0x000000050a660000, 0x000000050aea0000)
 concurrent mark-sweep generation total 169344K, used 100654K [0x000000051a8c0000, 0x0000000524e20000, 0x00000007c0000000)
 Metaspace       used 112207K, capacity 113254K, committed 113520K, reserved 1146880K
  class space    used 15431K, capacity 15665K, committed 15732K, reserved 1048576K
Event: 417.985 GC heap after
Heap after GC invocations=55 (full 3):
 par new generation   total 76160K, used 4908K [0x0000000505c00000, 0x000000050aea0000, 0x000000051a8c0000)
  eden space 67712K,   0% used [0x0000000505c00000, 0x0000000505c00000, 0x0000000509e20000)
  from space 8448K,  58% used [0x000000050a660000, 0x000000050ab2b040, 0x000000050aea0000)
  to   space 8448K,   0% used [0x0000000509e20000, 0x0000000509e20000, 0x000000050a660000)
 concurrent mark-sweep generation total 169344K, used 117038K [0x000000051a8c0000, 0x0000000524e20000, 0x00000007c0000000)
 Metaspace       used 112207K, capacity 113254K, committed 113520K, reserved 1146880K
  class space    used 15431K, capacity 15665K, committed 15732K, reserved 1048576K
}
Event: 695.948 GC heap before
{Heap before GC invocations=55 (full 3):
 par new generation   total 76160K, used 72619K [0x0000000505c00000, 0x000000050aea0000, 0x000000051a8c0000)
  eden space 67712K,  99% used [0x0000000505c00000, 0x0000000509e1fd00, 0x0000000509e20000)
  from space 8448K,  58% used [0x000000050a660000, 0x000000050ab2b040, 0x000000050aea0000)
  to   space 8448K,   0% used [0x0000000509e20000, 0x0000000509e20000, 0x000000050a660000)
 concurrent mark-sweep generation total 169344K, used 117038K [0x000000051a8c0000, 0x0000000524e20000, 0x00000007c0000000)
 Metaspace       used 113626K, capacity 115100K, committed 115312K, reserved 1148928K
  class space    used 15570K, capacity 15876K, committed 15988K, reserved 1048576K
Event: 695.966 GC heap after
Heap after GC invocations=56 (full 3):
 par new generation   total 76160K, used 6306K [0x0000000505c00000, 0x000000050aea0000, 0x000000051a8c0000)
  eden space 67712K,   0% used [0x0000000505c00000, 0x0000000505c00000, 0x0000000509e20000)
  from space 8448K,  74% used [0x0000000509e20000, 0x000000050a448838, 0x000000050a660000)
  to   space 8448K,   0% used [0x000000050a660000, 0x000000050a660000, 0x000000050aea0000)
 concurrent mark-sweep generation total 169344K, used 133685K [0x000000051a8c0000, 0x0000000524e20000, 0x00000007c0000000)
 Metaspace       used 113626K, capacity 115100K, committed 115312K, reserved 1148928K
  class space    used 15570K, capacity 15876K, committed 15988K, reserved 1048576K
}
Event: 1812.287 GC heap before
{Heap before GC invocations=56 (full 4):
 par new generation   total 76160K, used 66885K [0x0000000505c00000, 0x000000050aea0000, 0x000000051a8c0000)
  eden space 67712K,  89% used [0x0000000505c00000, 0x0000000509728ea8, 0x0000000509e20000)
  from space 8448K,  74% used [0x0000000509e20000, 0x000000050a448838, 0x000000050a660000)
  to   space 8448K,   0% used [0x000000050a660000, 0x000000050a660000, 0x000000050aea0000)
 concurrent mark-sweep generation total 221704K, used 133021K [0x000000051a8c0000, 0x0000000528142000, 0x00000007c0000000)
 Metaspace       used 114424K, capacity 116066K, committed 116336K, reserved 1148928K
  class space    used 15624K, capacity 15943K, committed 15988K, reserved 1048576K
Event: 1812.496 GC heap after
Heap after GC invocations=57 (full 5):
 par new generation   total 102528K, used 0K [0x0000000505c00000, 0x000000050cb30000, 0x000000051a8c0000)
  eden space 91200K,   0% used [0x0000000505c00000, 0x0000000505c00000, 0x000000050b510000)
  from space 11328K,   0% used [0x000000050b510000, 0x000000050b510000, 0x000000050c020000)
  to   space 11328K,   0% used [0x000000050c020000, 0x000000050c020000, 0x000000050cb30000)
 concurrent mark-sweep generation total 227628K, used 136576K [0x000000051a8c0000, 0x000000052870b000, 0x00000007c0000000)
 Metaspace       used 114416K, capacity 116054K, committed 116336K, reserved 1148928K
  class space    used 15623K, capacity 15941K, committed 15988K, reserved 1048576K
}
Event: 3612.287 GC heap before
{Heap before GC invocations=57 (full 5):
 par new generation   total 102528K, used 77722K [0x0000000505c00000, 0x000000050cb30000, 0x000000051a8c0000)
  eden space 91200K,  85% used [0x0000000505c00000, 0x000000050a7e68a8, 0x000000050b510000)
  from space 11328K,   0% used [0x000000050b510000, 0x000000050b510000, 0x000000050c020000)
  to   space 11328K,   0% used [0x000000050c020000, 0x000000050c020000, 0x000000050cb30000)
 concurrent mark-sweep generation total 227628K, used 136576K [0x000000051a8c0000, 0x000000052870b000, 0x00000007c0000000)
 Metaspace       used 115010K, capacity 116778K, committed 116976K, reserved 1150976K
  class space    used 15653K, capacity 15995K, committed 16116K, reserved 1048576K
Event: 3612.474 GC heap after
Heap after GC invocations=58 (full 6):
 par new generation   total 102528K, used 0K [0x0000000505c00000, 0x000000050cb30000, 0x000000051a8c0000)
  eden space 91200K,   0% used [0x0000000505c00000, 0x0000000505c00000, 0x000000050b510000)
  from space 11328K,   0% used [0x000000050b510000, 0x000000050b510000, 0x000000050c020000)
  to   space 11328K,   0% used [0x000000050c020000, 0x000000050c020000, 0x000000050cb30000)
 concurrent mark-sweep generation total 227628K, used 136418K [0x000000051a8c0000, 0x000000052870b000, 0x00000007c0000000)
 Metaspace       used 115010K, capacity 116778K, committed 116976K, reserved 1150976K
  class space    used 15653K, capacity 15995K, committed 16116K, reserved 1048576K
}
Event: 4596.455 GC heap before
{Heap before GC invocations=58 (full 6):
 par new generation   total 102528K, used 91200K [0x0000000505c00000, 0x000000050cb30000, 0x000000051a8c0000)
  eden space 91200K, 100% used [0x0000000505c00000, 0x000000050b510000, 0x000000050b510000)
  from space 11328K,   0% used [0x000000050b510000, 0x000000050b510000, 0x000000050c020000)
  to   space 11328K,   0% used [0x000000050c020000, 0x000000050c020000, 0x000000050cb30000)
 concurrent mark-sweep generation total 227628K, used 136418K [0x000000051a8c0000, 0x000000052870b000, 0x00000007c0000000)
 Metaspace       used 115392K, capacity 117230K, committed 117488K, reserved 1150976K
  class space    used 15664K, capacity 16033K, committed 16116K, reserved 1048576K
Event: 4596.471 GC heap after
Heap after GC invocations=59 (full 6):
 par new generation   total 102528K, used 4336K [0x0000000505c00000, 0x000000050cb30000, 0x000000051a8c0000)
  eden space 91200K,   0% used [0x0000000505c00000, 0x0000000505c00000, 0x000000050b510000)
  from space 11328K,  38% used [0x000000050c020000, 0x000000050c45c1a8, 0x000000050cb30000)
  to   space 11328K,   0% used [0x000000050b510000, 0x000000050b510000, 0x000000050c020000)
 concurrent mark-sweep generation total 227628K, used 152804K [0x000000051a8c0000, 0x000000052870b000, 0x00000007c0000000)
 Metaspace       used 115392K, capacity 117230K, committed 117488K, reserved 1150976K
  class space    used 15664K, capacity 16033K, committed 16116K, reserved 1048576K
}
Event: 4644.008 GC heap before
{Heap before GC invocations=59 (full 6):
 par new generation   total 102528K, used 95536K [0x0000000505c00000, 0x000000050cb30000, 0x000000051a8c0000)
  eden space 91200K, 100% used [0x0000000505c00000, 0x000000050b510000, 0x000000050b510000)
  from space 11328K,  38% used [0x000000050c020000, 0x000000050c45c1a8, 0x000000050cb30000)
  to   space 11328K,   0% used [0x000000050b510000, 0x000000050b510000, 0x000000050c020000)
 concurrent mark-sweep generation total 227628K, used 152804K [0x000000051a8c0000, 0x000000052870b000, 0x00000007c0000000)
 Metaspace       used 115833K, capacity 117656K, committed 117744K, reserved 1150976K
  class space    used 15692K, capacity 16040K, committed 16116K, reserved 1048576K
Event: 4644.012 GC heap after
Heap after GC invocations=60 (full 6):
 par new generation   total 102528K, used 2436K [0x0000000505c00000, 0x000000050cb30000, 0x000000051a8c0000)
  eden space 91200K,   0% used [0x0000000505c00000, 0x0000000505c00000, 0x000000050b510000)
  from space 11328K,  21% used [0x000000050b510000, 0x000000050b771090, 0x000000050c020000)
  to   space 11328K,   0% used [0x000000050c020000, 0x000000050c020000, 0x000000050cb30000)
 concurrent mark-sweep generation total 227628K, used 152804K [0x000000051a8c0000, 0x000000052870b000, 0x00000007c0000000)
 Metaspace       used 115833K, capacity 117656K, committed 117744K, reserved 1150976K
  class space    used 15692K, capacity 16040K, committed 16116K, reserved 1048576K
}
Event: 4644.227 GC heap before
{Heap before GC invocations=60 (full 6):
 par new generation   total 102528K, used 93636K [0x0000000505c00000, 0x000000050cb30000, 0x000000051a8c0000)
  eden space 91200K, 100% used [0x0000000505c00000, 0x000000050b510000, 0x000000050b510000)
  from space 11328K,  21% used [0x000000050b510000, 0x000000050b771090, 0x000000050c020000)
  to   space 11328K,   0% used [0x000000050c020000, 0x000000050c020000, 0x000000050cb30000)
 concurrent mark-sweep generation total 227628K, used 152804K [0x000000051a8c0000, 0x000000052870b000, 0x00000007c0000000)
 Metaspace       used 115842K, capacity 117720K, committed 118000K, reserved 1150976K
  class space    used 15692K, capacity 16040K, committed 16116K, reserved 1048576K
Event: 4644.229 GC heap after
Heap after GC invocations=61 (full 6):
 par new generation   total 102528K, used 2477K [0x0000000505c00000, 0x000000050cb30000, 0x000000051a8c0000)
  eden space 91200K,   0% used [0x0000000505c00000, 0x0000000505c00000, 0x000000050b510000)
  from space 11328K,  21% used [0x000000050c020000, 0x000000050c28b4f0, 0x000000050cb30000)
  to   space 11328K,   0% used [0x000000050b510000, 0x000000050b510000, 0x000000050c020000)
 concurrent mark-sweep generation total 227628K, used 152804K [0x000000051a8c0000, 0x000000052870b000, 0x00000007c0000000)
 Metaspace       used 115842K, capacity 117720K, committed 118000K, reserved 1150976K
  class space    used 15692K, capacity 16040K, committed 16116K, reserved 1048576K
}
Event: 4644.564 GC heap before
{Heap before GC invocations=61 (full 6):
 par new generation   total 102528K, used 93677K [0x0000000505c00000, 0x000000050cb30000, 0x000000051a8c0000)
  eden space 91200K, 100% used [0x0000000505c00000, 0x000000050b510000, 0x000000050b510000)
  from space 11328K,  21% used [0x000000050c020000, 0x000000050c28b4f0, 0x000000050cb30000)
  to   space 11328K,   0% used [0x000000050b510000, 0x000000050b510000, 0x000000050c020000)
 concurrent mark-sweep generation total 227628K, used 152804K [0x000000051a8c0000, 0x000000052870b000, 0x00000007c0000000)
 Metaspace       used 116623K, capacity 118486K, committed 118640K, reserved 1150976K
  class space    used 15839K, capacity 16205K, committed 16244K, reserved 1048576K
Event: 4644.568 GC heap after
Heap after GC invocations=62 (full 6):
 par new generation   total 102528K, used 2833K [0x0000000505c00000, 0x000000050cb30000, 0x000000051a8c0000)
  eden space 91200K,   0% used [0x0000000505c00000, 0x0000000505c00000, 0x000000050b510000)
  from space 11328K,  25% used [0x000000050b510000, 0x000000050b7d4698, 0x000000050c020000)
  to   space 11328K,   0% used [0x000000050c020000, 0x000000050c020000, 0x000000050cb30000)
 concurrent mark-sweep generation total 227628K, used 152804K [0x000000051a8c0000, 0x000000052870b000, 0x00000007c0000000)
 Metaspace       used 116623K, capacity 118486K, committed 118640K, reserved 1150976K
  class space    used 15839K, capacity 16205K, committed 16244K, reserved 1048576K
}
Event: 4644.866 GC heap before
{Heap before GC invocations=62 (full 6):
 par new generation   total 102528K, used 94033K [0x0000000505c00000, 0x000000050cb30000, 0x000000051a8c0000)
  eden space 91200K, 100% used [0x0000000505c00000, 0x000000050b510000, 0x000000050b510000)
  from space 11328K,  25% used [0x000000050b510000, 0x000000050b7d4698, 0x000000050c020000)
  to   space 11328K,   0% used [0x000000050c020000, 0x000000050c020000, 0x000000050cb30000)
 concurrent mark-sweep generation total 227628K, used 152804K [0x000000051a8c0000, 0x000000052870b000, 0x00000007c0000000)
 Metaspace       used 117460K, capacity 119338K, committed 119536K, reserved 1153024K
  class space    used 15957K, capacity 16311K, committed 16372K, reserved 1048576K
Event: 4644.882 GC heap after
Heap after GC invocations=63 (full 6):
 par new generation   total 102528K, used 7086K [0x0000000505c00000, 0x000000050cb30000, 0x000000051a8c0000)
  eden space 91200K,   0% used [0x0000000505c00000, 0x0000000505c00000, 0x000000050b510000)
  from space 11328K,  62% used [0x000000050c020000, 0x000000050c70b9c0, 0x000000050cb30000)
  to   space 11328K,   0% used [0x000000050b510000, 0x000000050b510000, 0x000000050c020000)
 concurrent mark-sweep generation total 227628K, used 152804K [0x000000051a8c0000, 0x000000052870b000, 0x00000007c0000000)
 Metaspace       used 117460K, capacity 119338K, committed 119536K, reserved 1153024K
  class space    used 15957K, capacity 16311K, committed 16372K, reserved 1048576K
}
Event: 4687.812 GC heap before
{Heap before GC invocations=63 (full 6):
 par new generation   total 102528K, used 98286K [0x0000000505c00000, 0x000000050cb30000, 0x000000051a8c0000)
  eden space 91200K, 100% used [0x0000000505c00000, 0x000000050b510000, 0x000000050b510000)
  from space 11328K,  62% used [0x000000050c020000, 0x000000050c70b9c0, 0x000000050cb30000)
  to   space 11328K,   0% used [0x000000050b510000, 0x000000050b510000, 0x000000050c020000)
 concurrent mark-sweep generation total 227628K, used 152804K [0x000000051a8c0000, 0x000000052870b000, 0x00000007c0000000)
 Metaspace       used 118276K, capacity 120302K, committed 120432K, reserved 1153024K
  class space    used 16071K, capacity 16456K, committed 16500K, reserved 1048576K
Event: 4687.824 GC heap after
Heap after GC invocations=64 (full 6):
 par new generation   total 102528K, used 6432K [0x0000000505c00000, 0x000000050cb30000, 0x000000051a8c0000)
  eden space 91200K,   0% used [0x0000000505c00000, 0x0000000505c00000, 0x000000050b510000)
  from space 11328K,  56% used [0x000000050b510000, 0x000000050bb583c0, 0x000000050c020000)
  to   space 11328K,   0% used [0x000000050c020000, 0x000000050c020000, 0x000000050cb30000)
 concurrent mark-sweep generation total 227628K, used 153956K [0x000000051a8c0000, 0x000000052870b000, 0x00000007c0000000)
 Metaspace       used 118276K, capacity 120302K, committed 120432K, reserved 1153024K
  class space    used 16071K, capacity 16456K, committed 16500K, reserved 1048576K
}
Event: 4691.820 GC heap before
{Heap before GC invocations=64 (full 6):
 par new generation   total 102528K, used 97632K [0x0000000505c00000, 0x000000050cb30000, 0x000000051a8c0000)
  eden space 91200K, 100% used [0x0000000505c00000, 0x000000050b510000, 0x000000050b510000)
  from space 11328K,  56% used [0x000000050b510000, 0x000000050bb583c0, 0x000000050c020000)
  to   space 11328K,   0% used [0x000000050c020000, 0x000000050c020000, 0x000000050cb30000)
 concurrent mark-sweep generation total 227628K, used 153956K [0x000000051a8c0000, 0x000000052870b000, 0x00000007c0000000)
 Metaspace       used 118383K, capacity 120442K, committed 120688K, reserved 1153024K
  class space    used 16072K, capacity 16458K, committed 16500K, reserved 1048576K
Event: 4691.823 GC heap after
Heap after GC invocations=65 (full 6):
 par new generation   total 102528K, used 3159K [0x0000000505c00000, 0x000000050cb30000, 0x000000051a8c0000)
  eden space 91200K,   0% used [0x0000000505c00000, 0x0000000505c00000, 0x000000050b510000)
  from space 11328K,  27% used [0x000000050c020000, 0x000000050c335da0, 0x000000050cb30000)
  to   space 11328K,   0% used [0x000000050b510000, 0x000000050b510000, 0x000000050c020000)
 concurrent mark-sweep generation total 227628K, used 153956K [0x000000051a8c0000, 0x000000052870b000, 0x00000007c0000000)
 Metaspace       used 118383K, capacity 120442K, committed 120688K, reserved 1153024K
  class space    used 16072K, capacity 16458K, committed 16500K, reserved 1048576K
}
Event: 4692.049 GC heap before
{Heap before GC invocations=65 (full 6):
 par new generation   total 102528K, used 94359K [0x0000000505c00000, 0x000000050cb30000, 0x000000051a8c0000)
  eden space 91200K, 100% used [0x0000000505c00000, 0x000000050b510000, 0x000000050b510000)
  from space 11328K,  27% used [0x000000050c020000, 0x000000050c335da0, 0x000000050cb30000)
  to   space 11328K,   0% used [0x000000050b510000, 0x000000050b510000, 0x000000050c020000)
 concurrent mark-sweep generation total 227628K, used 153956K [0x000000051a8c0000, 0x000000052870b000, 0x00000007c0000000)
 Metaspace       used 118439K, capacity 120442K, committed 120688K, reserved 1153024K
  class space    used 16072K, capacity 16458K, committed 16500K, reserved 1048576K
Event: 4692.053 GC heap after
Heap after GC invocations=66 (full 6):
 par new generation   total 102528K, used 3469K [0x0000000505c00000, 0x000000050cb30000, 0x000000051a8c0000)
  eden space 91200K,   0% used [0x0000000505c00000, 0x0000000505c00000, 0x000000050b510000)
  from space 11328K,  30% used [0x000000050b510000, 0x000000050b8735f0, 0x000000050c020000)
  to   space 11328K,   0% used [0x000000050c020000, 0x000000050c020000, 0x000000050cb30000)
 concurrent mark-sweep generation total 227628K, used 154161K [0x000000051a8c0000, 0x000000052870b000, 0x00000007c0000000)
 Metaspace       used 118439K, capacity 120442K, committed 120688K, reserved 1153024K
  class space    used 16072K, capacity 16458K, committed 16500K, reserved 1048576K
}
Event: 4692.492 GC heap before
{Heap before GC invocations=66 (full 6):
 par new generation   total 102528K, used 87514K [0x0000000505c00000, 0x000000050cb30000, 0x000000051a8c0000)
  eden space 91200K,  92% used [0x0000000505c00000, 0x000000050ae134e8, 0x000000050b510000)
  from space 11328K,  30% used [0x000000050b510000, 0x000000050b8735f0, 0x000000050c020000)
  to   space 11328K,   0% used [0x000000050c020000, 0x000000050c020000, 0x000000050cb30000)
 concurrent mark-sweep generation total 227628K, used 154161K [0x000000051a8c0000, 0x000000052870b000, 0x00000007c0000000)
 Metaspace       used 118553K, capacity 120600K, committed 120688K, reserved 1153024K
  class space    used 16075K, capacity 16463K, committed 16500K, reserved 1048576K
Event: 4692.496 GC heap after
Heap after GC invocations=67 (full 6):
 par new generation   total 102528K, used 3717K [0x0000000505c00000, 0x000000050cb30000, 0x000000051a8c0000)
  eden space 91200K,   0% used [0x0000000505c00000, 0x0000000505c00000, 0x000000050b510000)
  from space 11328K,  32% used [0x000000050c020000, 0x000000050c3c1718, 0x000000050cb30000)
  to   space 11328K,   0% used [0x000000050b510000, 0x000000050b510000, 0x000000050c020000)
 concurrent mark-sweep generation total 227628K, used 154181K [0x000000051a8c0000, 0x000000052870b000, 0x00000007c0000000)
 Metaspace       used 118553K, capacity 120600K, committed 120688K, reserved 1153024K
  class space    used 16075K, capacity 16463K, committed 16500K, reserved 1048576K
}
Event: 4757.025 GC heap before
{Heap before GC invocations=67 (full 6):
 par new generation   total 102528K, used 94917K [0x0000000505c00000, 0x000000050cb30000, 0x000000051a8c0000)
  eden space 91200K, 100% used [0x0000000505c00000, 0x000000050b510000, 0x000000050b510000)
  from space 11328K,  32% used [0x000000050c020000, 0x000000050c3c1718, 0x000000050cb30000)
  to   space 11328K,   0% used [0x000000050b510000, 0x000000050b510000, 0x000000050c020000)
 concurrent mark-sweep generation total 227628K, used 154181K [0x000000051a8c0000, 0x000000052870b000, 0x00000007c0000000)
 Metaspace       used 118749K, capacity 120812K, committed 120944K, reserved 1153024K
  class space    used 16077K, capacity 16467K, committed 16500K, reserved 1048576K
Event: 4757.044 GC heap after
Heap after GC invocations=68 (full 6):
 par new generation   total 102528K, used 3531K [0x0000000505c00000, 0x000000050cb30000, 0x000000051a8c0000)
  eden space 91200K,   0% used [0x0000000505c00000, 0x0000000505c00000, 0x000000050b510000)
  from space 11328K,  31% used [0x000000050b510000, 0x000000050b882cb0, 0x000000050c020000)
  to   space 11328K,   0% used [0x000000050c020000, 0x000000050c020000, 0x000000050cb30000)
 concurrent mark-sweep generation total 227628K, used 170727K [0x000000051a8c0000, 0x000000052870b000, 0x00000007c0000000)
 Metaspace       used 118749K, capacity 120812K, committed 120944K, reserved 1153024K
  class space    used 16077K, capacity 16467K, committed 16500K, reserved 1048576K
}
Event: 4796.080 GC heap before
{Heap before GC invocations=68 (full 7):
 par new generation   total 102528K, used 94731K [0x0000000505c00000, 0x000000050cb30000, 0x000000051a8c0000)
  eden space 91200K, 100% used [0x0000000505c00000, 0x000000050b510000, 0x000000050b510000)
  from space 11328K,  31% used [0x000000050b510000, 0x000000050b882cb0, 0x000000050c020000)
  to   space 11328K,   0% used [0x000000050c020000, 0x000000050c020000, 0x000000050cb30000)
 concurrent mark-sweep generation total 283456K, used 170072K [0x000000051a8c0000, 0x000000052bd90000, 0x00000007c0000000)
 Metaspace       used 118868K, capacity 120876K, committed 120944K, reserved 1153024K
  class space    used 16078K, capacity 16467K, committed 16500K, reserved 1048576K
Event: 4796.096 GC heap after
Heap after GC invocations=69 (full 7):
 par new generation   total 102528K, used 4374K [0x0000000505c00000, 0x000000050cb30000, 0x000000051a8c0000)
  eden space 91200K,   0% used [0x0000000505c00000, 0x0000000505c00000, 0x000000050b510000)
  from space 11328K,  38% used [0x000000050c020000, 0x000000050c465a50, 0x000000050cb30000)
  to   space 11328K,   0% used [0x000000050b510000, 0x000000050b510000, 0x000000050c020000)
 concurrent mark-sweep generation total 283456K, used 170698K [0x000000051a8c0000, 0x000000052bd90000, 0x00000007c0000000)
 Metaspace       used 118868K, capacity 120876K, committed 120944K, reserved 1153024K
  class space    used 16078K, capacity 16467K, committed 16500K, reserved 1048576K
}
Event: 4814.616 GC heap before
{Heap before GC invocations=69 (full 7):
 par new generation   total 102528K, used 94944K [0x0000000505c00000, 0x000000050cb30000, 0x000000051a8c0000)
  eden space 91200K,  99% used [0x0000000505c00000, 0x000000050b472750, 0x000000050b510000)
  from space 11328K,  38% used [0x000000050c020000, 0x000000050c465a50, 0x000000050cb30000)
  to   space 11328K,   0% used [0x000000050b510000, 0x000000050b510000, 0x000000050c020000)
 concurrent mark-sweep generation total 283456K, used 170698K [0x000000051a8c0000, 0x000000052bd90000, 0x00000007c0000000)
 Metaspace       used 118949K, capacity 121016K, committed 121200K, reserved 1155072K
  class space    used 16079K, capacity 16469K, committed 16500K, reserved 1048576K
Event: 4814.623 GC heap after
Heap after GC invocations=70 (full 7):
 par new generation   total 102528K, used 3771K [0x0000000505c00000, 0x000000050cb30000, 0x000000051a8c0000)
  eden space 91200K,   0% used [0x0000000505c00000, 0x0000000505c00000, 0x000000050b510000)
  from space 11328K,  33% used [0x000000050b510000, 0x000000050b8bed50, 0x000000050c020000)
  to   space 11328K,   0% used [0x000000050c020000, 0x000000050c020000, 0x000000050cb30000)
 concurrent mark-sweep generation total 283456K, used 171065K [0x000000051a8c0000, 0x000000052bd90000, 0x00000007c0000000)
 Metaspace       used 118949K, capacity 121016K, committed 121200K, reserved 1155072K
  class space    used 16079K, capacity 16469K, committed 16500K, reserved 1048576K
}
Event: 5412.287 GC heap before
{Heap before GC invocations=70 (full 7):
 par new generation   total 102528K, used 75192K [0x0000000505c00000, 0x000000050cb30000, 0x000000051a8c0000)
  eden space 91200K,  78% used [0x0000000505c00000, 0x000000050a1bf590, 0x000000050b510000)
  from space 11328K,  33% used [0x000000050b510000, 0x000000050b8bed50, 0x000000050c020000)
  to   space 11328K,   0% used [0x000000050c020000, 0x000000050c020000, 0x000000050cb30000)
 concurrent mark-sweep generation total 283456K, used 171065K [0x000000051a8c0000, 0x000000052bd90000, 0x00000007c0000000)
 Metaspace       used 119352K, capacity 121406K, committed 121456K, reserved 1155072K
  class space    used 16081K, capacity 16470K, committed 16500K, reserved 1048576K
Event: 5412.518 GC heap after
Heap after GC invocations=71 (full 8):
 par new generation   total 130048K, used 0K [0x0000000505c00000, 0x000000050e910000, 0x000000051a8c0000)
  eden space 115648K,   0% used [0x0000000505c00000, 0x0000000505c00000, 0x000000050ccf0000)
  from space 14400K,   0% used [0x000000050ccf0000, 0x000000050ccf0000, 0x000000050db00000)
  to   space 14400K,   0% used [0x000000050db00000, 0x000000050db00000, 0x000000050e910000)
 concurrent mark-sweep generation total 288760K, used 173253K [0x000000051a8c0000, 0x000000052c2be000, 0x00000007c0000000)
 Metaspace       used 119352K, capacity 121406K, committed 121456K, reserved 1155072K
  class space    used 16081K, capacity 16470K, committed 16500K, reserved 1048576K
}
Event: 5853.255 GC heap before
{Heap before GC invocations=71 (full 8):
 par new generation   total 130048K, used 115647K [0x0000000505c00000, 0x000000050e910000, 0x000000051a8c0000)
  eden space 115648K,  99% used [0x0000000505c00000, 0x000000050ccefd08, 0x000000050ccf0000)
  from space 14400K,   0% used [0x000000050ccf0000, 0x000000050ccf0000, 0x000000050db00000)
  to   space 14400K,   0% used [0x000000050db00000, 0x000000050db00000, 0x000000050e910000)
 concurrent mark-sweep generation total 288760K, used 173253K [0x000000051a8c0000, 0x000000052c2be000, 0x00000007c0000000)
 Metaspace       used 119552K, capacity 121610K, committed 121712K, reserved 1155072K
  class space    used 16082K, capacity 16472K, committed 16500K, reserved 1048576K
Event: 5853.258 GC heap after
Heap after GC invocations=72 (full 8):
 par new generation   total 130048K, used 3063K [0x0000000505c00000, 0x000000050e910000, 0x000000051a8c0000)
  eden space 115648K,   0% used [0x0000000505c00000, 0x0000000505c00000, 0x000000050ccf0000)
  from space 14400K,  21% used [0x000000050db00000, 0x000000050ddfdd50, 0x000000050e910000)
  to   space 14400K,   0% used [0x000000050ccf0000, 0x000000050ccf0000, 0x000000050db00000)
 concurrent mark-sweep generation total 288760K, used 173253K [0x000000051a8c0000, 0x000000052c2be000, 0x00000007c0000000)
 Metaspace       used 119552K, capacity 121610K, committed 121712K, reserved 1155072K
  class space    used 16082K, capacity 16472K, committed 16500K, reserved 1048576K
}
Event: 6222.918 GC heap before
{Heap before GC invocations=72 (full 8):
 par new generation   total 130048K, used 118711K [0x0000000505c00000, 0x000000050e910000, 0x000000051a8c0000)
  eden space 115648K, 100% used [0x0000000505c00000, 0x000000050ccf0000, 0x000000050ccf0000)
  from space 14400K,  21% used [0x000000050db00000, 0x000000050ddfdd50, 0x000000050e910000)
  to   space 14400K,   0% used [0x000000050ccf0000, 0x000000050ccf0000, 0x000000050db00000)
 concurrent mark-sweep generation total 288760K, used 173253K [0x000000051a8c0000, 0x000000052c2be000, 0x00000007c0000000)
 Metaspace       used 119714K, capacity 121812K, committed 121968K, reserved 1155072K
  class space    used 16088K, capacity 16473K, committed 16500K, reserved 1048576K
Event: 6222.921 GC heap after
Heap after GC invocations=73 (full 8):
 par new generation   total 130048K, used 1474K [0x0000000505c00000, 0x000000050e910000, 0x000000051a8c0000)
  eden space 115648K,   0% used [0x0000000505c00000, 0x0000000505c00000, 0x000000050ccf0000)
  from space 14400K,  10% used [0x000000050ccf0000, 0x000000050ce609b8, 0x000000050db00000)
  to   space 14400K,   0% used [0x000000050db00000, 0x000000050db00000, 0x000000050e910000)
 concurrent mark-sweep generation total 288760K, used 173253K [0x000000051a8c0000, 0x000000052c2be000, 0x00000007c0000000)
 Metaspace       used 119714K, capacity 121812K, committed 121968K, reserved 1155072K
  class space    used 16088K, capacity 16473K, committed 16500K, reserved 1048576K
}
Event: 6258.687 GC heap before
{Heap before GC invocations=73 (full 8):
 par new generation   total 130048K, used 117122K [0x0000000505c00000, 0x000000050e910000, 0x000000051a8c0000)
  eden space 115648K, 100% used [0x0000000505c00000, 0x000000050ccf0000, 0x000000050ccf0000)
  from space 14400K,  10% used [0x000000050ccf0000, 0x000000050ce609b8, 0x000000050db00000)
  to   space 14400K,   0% used [0x000000050db00000, 0x000000050db00000, 0x000000050e910000)
 concurrent mark-sweep generation total 288760K, used 173253K [0x000000051a8c0000, 0x000000052c2be000, 0x00000007c0000000)
 Metaspace       used 119948K, capacity 122068K, committed 122352K, reserved 1155072K
  class space    used 16097K, capacity 16511K, committed 16628K, reserved 1048576K
Event: 6258.691 GC heap after
Heap after GC invocations=74 (full 8):
 par new generation   total 130048K, used 2460K [0x0000000505c00000, 0x000000050e910000, 0x000000051a8c0000)
  eden space 115648K,   0% used [0x0000000505c00000, 0x0000000505c00000, 0x000000050ccf0000)
  from space 14400K,  17% used [0x000000050db00000, 0x000000050dd67080, 0x000000050e910000)
  to   space 14400K,   0% used [0x000000050ccf0000, 0x000000050ccf0000, 0x000000050db00000)
 concurrent mark-sweep generation total 288760K, used 173253K [0x000000051a8c0000, 0x000000052c2be000, 0x00000007c0000000)
 Metaspace       used 119948K, capacity 122068K, committed 122352K, reserved 1155072K
  class space    used 16097K, capacity 16511K, committed 16628K, reserved 1048576K
}
Event: 6258.923 GC heap before
{Heap before GC invocations=74 (full 8):
 par new generation   total 130048K, used 118108K [0x0000000505c00000, 0x000000050e910000, 0x000000051a8c0000)
  eden space 115648K, 100% used [0x0000000505c00000, 0x000000050ccf0000, 0x000000050ccf0000)
  from space 14400K,  17% used [0x000000050db00000, 0x000000050dd67080, 0x000000050e910000)
  to   space 14400K,   0% used [0x000000050ccf0000, 0x000000050ccf0000, 0x000000050db00000)
 concurrent mark-sweep generation total 288760K, used 173253K [0x000000051a8c0000, 0x000000052c2be000, 0x00000007c0000000)
 Metaspace       used 119952K, capacity 122068K, committed 122352K, reserved 1155072K
  class space    used 16097K, capacity 16511K, committed 16628K, reserved 1048576K
Event: 6258.926 GC heap after
Heap after GC invocations=75 (full 8):
 par new generation   total 130048K, used 2265K [0x0000000505c00000, 0x000000050e910000, 0x000000051a8c0000)
  eden space 115648K,   0% used [0x0000000505c00000, 0x0000000505c00000, 0x000000050ccf0000)
  from space 14400K,  15% used [0x000000050ccf0000, 0x000000050cf264c0, 0x000000050db00000)
  to   space 14400K,   0% used [0x000000050db00000, 0x000000050db00000, 0x000000050e910000)
 concurrent mark-sweep generation total 288760K, used 173253K [0x000000051a8c0000, 0x000000052c2be000, 0x00000007c0000000)
 Metaspace       used 119952K, capacity 122068K, committed 122352K, reserved 1155072K
  class space    used 16097K, capacity 16511K, committed 16628K, reserved 1048576K
}
Event: 6259.223 GC heap before
{Heap before GC invocations=75 (full 8):
 par new generation   total 130048K, used 117913K [0x0000000505c00000, 0x000000050e910000, 0x000000051a8c0000)
  eden space 115648K, 100% used [0x0000000505c00000, 0x000000050ccf0000, 0x000000050ccf0000)
  from space 14400K,  15% used [0x000000050ccf0000, 0x000000050cf264c0, 0x000000050db00000)
  to   space 14400K,   0% used [0x000000050db00000, 0x000000050db00000, 0x000000050e910000)
 concurrent mark-sweep generation total 288760K, used 173253K [0x000000051a8c0000, 0x000000052c2be000, 0x00000007c0000000)
 Metaspace       used 120025K, capacity 122144K, committed 122352K, reserved 1155072K
  class space    used 16100K, capacity 16515K, committed 16628K, reserved 1048576K
Event: 6259.228 GC heap after
Heap after GC invocations=76 (full 8):
 par new generation   total 130048K, used 3138K [0x0000000505c00000, 0x000000050e910000, 0x000000051a8c0000)
  eden space 115648K,   0% used [0x0000000505c00000, 0x0000000505c00000, 0x000000050ccf0000)
  from space 14400K,  21% used [0x000000050db00000, 0x000000050de10990, 0x000000050e910000)
  to   space 14400K,   0% used [0x000000050ccf0000, 0x000000050ccf0000, 0x000000050db00000)
 concurrent mark-sweep generation total 288760K, used 173253K [0x000000051a8c0000, 0x000000052c2be000, 0x00000007c0000000)
 Metaspace       used 120025K, capacity 122144K, committed 122352K, reserved 1155072K
  class space    used 16100K, capacity 16515K, committed 16628K, reserved 1048576K
}
Event: 6270.988 GC heap before
{Heap before GC invocations=76 (full 8):
 par new generation   total 130048K, used 118786K [0x0000000505c00000, 0x000000050e910000, 0x000000051a8c0000)
  eden space 115648K, 100% used [0x0000000505c00000, 0x000000050ccf0000, 0x000000050ccf0000)
  from space 14400K,  21% used [0x000000050db00000, 0x000000050de10990, 0x000000050e910000)
  to   space 14400K,   0% used [0x000000050ccf0000, 0x000000050ccf0000, 0x000000050db00000)
 concurrent mark-sweep generation total 288760K, used 173253K [0x000000051a8c0000, 0x000000052c2be000, 0x00000007c0000000)
 Metaspace       used 120142K, capacity 122214K, committed 122352K, reserved 1155072K
  class space    used 16101K, capacity 16516K, committed 16628K, reserved 1048576K
Event: 6270.991 GC heap after
Heap after GC invocations=77 (full 8):
 par new generation   total 130048K, used 3587K [0x0000000505c00000, 0x000000050e910000, 0x000000051a8c0000)
  eden space 115648K,   0% used [0x0000000505c00000, 0x0000000505c00000, 0x000000050ccf0000)
  from space 14400K,  24% used [0x000000050ccf0000, 0x000000050d070cc8, 0x000000050db00000)
  to   space 14400K,   0% used [0x000000050db00000, 0x000000050db00000, 0x000000050e910000)
 concurrent mark-sweep generation total 288760K, used 173253K [0x000000051a8c0000, 0x000000052c2be000, 0x00000007c0000000)
 Metaspace       used 120142K, capacity 122214K, committed 122352K, reserved 1155072K
  class space    used 16101K, capacity 16516K, committed 16628K, reserved 1048576K
}
Event: 6271.244 GC heap before
{Heap before GC invocations=77 (full 8):
 par new generation   total 130048K, used 119235K [0x0000000505c00000, 0x000000050e910000, 0x000000051a8c0000)
  eden space 115648K, 100% used [0x0000000505c00000, 0x000000050ccf0000, 0x000000050ccf0000)
  from space 14400K,  24% used [0x000000050ccf0000, 0x000000050d070cc8, 0x000000050db00000)
  to   space 14400K,   0% used [0x000000050db00000, 0x000000050db00000, 0x000000050e910000)
 concurrent mark-sweep generation total 288760K, used 173253K [0x000000051a8c0000, 0x000000052c2be000, 0x00000007c0000000)
 Metaspace       used 120168K, capacity 122284K, committed 122608K, reserved 1155072K
  class space    used 16101K, capacity 16517K, committed 16628K, reserved 1048576K
Event: 6271.248 GC heap after
Heap after GC invocations=78 (full 8):
 par new generation   total 130048K, used 2203K [0x0000000505c00000, 0x000000050e910000, 0x000000051a8c0000)
  eden space 115648K,   0% used [0x0000000505c00000, 0x0000000505c00000, 0x000000050ccf0000)
  from space 14400K,  15% used [0x000000050db00000, 0x000000050dd26e20, 0x000000050e910000)
  to   space 14400K,   0% used [0x000000050ccf0000, 0x000000050ccf0000, 0x000000050db00000)
 concurrent mark-sweep generation total 288760K, used 173452K [0x000000051a8c0000, 0x000000052c2be000, 0x00000007c0000000)
 Metaspace       used 120168K, capacity 122284K, committed 122608K, reserved 1155072K
  class space    used 16101K, capacity 16517K, committed 16628K, reserved 1048576K
}
Event: 6312.757 GC heap before
{Heap before GC invocations=78 (full 8):
 par new generation   total 130048K, used 117851K [0x0000000505c00000, 0x000000050e910000, 0x000000051a8c0000)
  eden space 115648K, 100% used [0x0000000505c00000, 0x000000050ccf0000, 0x000000050ccf0000)
  from space 14400K,  15% used [0x000000050db00000, 0x000000050dd26e20, 0x000000050e910000)
  to   space 14400K,   0% used [0x000000050ccf0000, 0x000000050ccf0000, 0x000000050db00000)
 concurrent mark-sweep generation total 288760K, used 173452K [0x000000051a8c0000, 0x000000052c2be000, 0x00000007c0000000)
 Metaspace       used 120305K, capacity 122372K, committed 122608K, reserved 1155072K
  class space    used 16104K, capacity 16521K, committed 16628K, reserved 1048576K
Event: 6312.760 GC heap after
Heap after GC invocations=79 (full 8):
 par new generation   total 130048K, used 2378K [0x0000000505c00000, 0x000000050e910000, 0x000000051a8c0000)
  eden space 115648K,   0% used [0x0000000505c00000, 0x0000000505c00000, 0x000000050ccf0000)
  from space 14400K,  16% used [0x000000050ccf0000, 0x000000050cf42af8, 0x000000050db00000)
  to   space 14400K,   0% used [0x000000050db00000, 0x000000050db00000, 0x000000050e910000)
 concurrent mark-sweep generation total 288760K, used 173652K [0x000000051a8c0000, 0x000000052c2be000, 0x00000007c0000000)
 Metaspace       used 120305K, capacity 122372K, committed 122608K, reserved 1155072K
  class space    used 16104K, capacity 16521K, committed 16628K, reserved 1048576K
}
Event: 6313.008 GC heap before
{Heap before GC invocations=79 (full 8):
 par new generation   total 130048K, used 118026K [0x0000000505c00000, 0x000000050e910000, 0x000000051a8c0000)
  eden space 115648K, 100% used [0x0000000505c00000, 0x000000050ccf0000, 0x000000050ccf0000)
  from space 14400K,  16% used [0x000000050ccf0000, 0x000000050cf42af8, 0x000000050db00000)
  to   space 14400K,   0% used [0x000000050db00000, 0x000000050db00000, 0x000000050e910000)
 concurrent mark-sweep generation total 288760K, used 173652K [0x000000051a8c0000, 0x000000052c2be000, 0x00000007c0000000)
 Metaspace       used 120308K, capacity 122436K, committed 122608K, reserved 1155072K
  class space    used 16104K, capacity 16521K, committed 16628K, reserved 1048576K
Event: 6313.012 GC heap after
Heap after GC invocations=80 (full 8):
 par new generation   total 130048K, used 1421K [0x0000000505c00000, 0x000000050e910000, 0x000000051a8c0000)
  eden space 115648K,   0% used [0x0000000505c00000, 0x0000000505c00000, 0x000000050ccf0000)
  from space 14400K,   9% used [0x000000050db00000, 0x000000050dc63580, 0x000000050e910000)
  to   space 14400K,   0% used [0x000000050ccf0000, 0x000000050ccf0000, 0x000000050db00000)
 concurrent mark-sweep generation total 288760K, used 174059K [0x000000051a8c0000, 0x000000052c2be000, 0x00000007c0000000)
 Metaspace       used 120308K, capacity 122436K, committed 122608K, reserved 1155072K
  class space    used 16104K, capacity 16521K, committed 16628K, reserved 1048576K
}
Event: 6319.327 GC heap before
{Heap before GC invocations=80 (full 8):
 par new generation   total 130048K, used 117069K [0x0000000505c00000, 0x000000050e910000, 0x000000051a8c0000)
  eden space 115648K, 100% used [0x0000000505c00000, 0x000000050ccf0000, 0x000000050ccf0000)
  from space 14400K,   9% used [0x000000050db00000, 0x000000050dc63580, 0x000000050e910000)
  to   space 14400K,   0% used [0x000000050ccf0000, 0x000000050ccf0000, 0x000000050db00000)
 concurrent mark-sweep generation total 288760K, used 174059K [0x000000051a8c0000, 0x000000052c2be000, 0x00000007c0000000)
 Metaspace       used 120401K, capacity 122506K, committed 122864K, reserved 1155072K
  class space    used 16105K, capacity 16522K, committed 16628K, reserved 1048576K
Event: 6319.331 GC heap after
Heap after GC invocations=81 (full 8):
 par new generation   total 130048K, used 1614K [0x0000000505c00000, 0x000000050e910000, 0x000000051a8c0000)
  eden space 115648K,   0% used [0x0000000505c00000, 0x0000000505c00000, 0x000000050ccf0000)
  from space 14400K,  11% used [0x000000050ccf0000, 0x000000050ce83950, 0x000000050db00000)
  to   space 14400K,   0% used [0x000000050db00000, 0x000000050db00000, 0x000000050e910000)
 concurrent mark-sweep generation total 288760K, used 174090K [0x000000051a8c0000, 0x000000052c2be000, 0x00000007c0000000)
 Metaspace       used 120401K, capacity 122506K, committed 122864K, reserved 1155072K
  class space    used 16105K, capacity 16522K, committed 16628K, reserved 1048576K
}
Event: 6333.591 GC heap before
{Heap before GC invocations=81 (full 8):
 par new generation   total 130048K, used 117262K [0x0000000505c00000, 0x000000050e910000, 0x000000051a8c0000)
  eden space 115648K, 100% used [0x0000000505c00000, 0x000000050ccf0000, 0x000000050ccf0000)
  from space 14400K,  11% used [0x000000050ccf0000, 0x000000050ce83950, 0x000000050db00000)
  to   space 14400K,   0% used [0x000000050db00000, 0x000000050db00000, 0x000000050e910000)
 concurrent mark-sweep generation total 288760K, used 174090K [0x000000051a8c0000, 0x000000052c2be000, 0x00000007c0000000)
 Metaspace       used 120435K, capacity 122512K, committed 122864K, reserved 1155072K
  class space    used 16106K, capacity 16523K, committed 16628K, reserved 1048576K
Event: 6333.594 GC heap after
Heap after GC invocations=82 (full 8):
 par new generation   total 130048K, used 2269K [0x0000000505c00000, 0x000000050e910000, 0x000000051a8c0000)
  eden space 115648K,   0% used [0x0000000505c00000, 0x0000000505c00000, 0x000000050ccf0000)
  from space 14400K,  15% used [0x000000050db00000, 0x000000050dd37528, 0x000000050e910000)
  to   space 14400K,   0% used [0x000000050ccf0000, 0x000000050ccf0000, 0x000000050db00000)
 concurrent mark-sweep generation total 288760K, used 174223K [0x000000051a8c0000, 0x000000052c2be000, 0x00000007c0000000)
 Metaspace       used 120435K, capacity 122512K, committed 122864K, reserved 1155072K
  class space    used 16106K, capacity 16523K, committed 16628K, reserved 1048576K
}
Event: 6333.809 GC heap before
{Heap before GC invocations=82 (full 8):
 par new generation   total 130048K, used 117917K [0x0000000505c00000, 0x000000050e910000, 0x000000051a8c0000)
  eden space 115648K, 100% used [0x0000000505c00000, 0x000000050ccf0000, 0x000000050ccf0000)
  from space 14400K,  15% used [0x000000050db00000, 0x000000050dd37528, 0x000000050e910000)
  to   space 14400K,   0% used [0x000000050ccf0000, 0x000000050ccf0000, 0x000000050db00000)
 concurrent mark-sweep generation total 288760K, used 174223K [0x000000051a8c0000, 0x000000052c2be000, 0x00000007c0000000)
 Metaspace       used 120492K, capacity 122594K, committed 122864K, reserved 1155072K
  class space    used 16108K, capacity 16527K, committed 16628K, reserved 1048576K
Event: 6333.813 GC heap after
Heap after GC invocations=83 (full 8):
 par new generation   total 130048K, used 2019K [0x0000000505c00000, 0x000000050e910000, 0x000000051a8c0000)
  eden space 115648K,   0% used [0x0000000505c00000, 0x0000000505c00000, 0x000000050ccf0000)
  from space 14400K,  14% used [0x000000050ccf0000, 0x000000050cee8d98, 0x000000050db00000)
  to   space 14400K,   0% used [0x000000050db00000, 0x000000050db00000, 0x000000050e910000)
 concurrent mark-sweep generation total 288760K, used 174365K [0x000000051a8c0000, 0x000000052c2be000, 0x00000007c0000000)
 Metaspace       used 120492K, capacity 122594K, committed 122864K, reserved 1155072K
  class space    used 16108K, capacity 16527K, committed 16628K, reserved 1048576K
}
Event: 6337.674 GC heap before
{Heap before GC invocations=83 (full 8):
 par new generation   total 130048K, used 80872K [0x0000000505c00000, 0x000000050e910000, 0x000000051a8c0000)
  eden space 115648K,  68% used [0x0000000505c00000, 0x000000050a9015f0, 0x000000050ccf0000)
  from space 14400K,  14% used [0x000000050ccf0000, 0x000000050cee8d98, 0x000000050db00000)
  to   space 14400K,   0% used [0x000000050db00000, 0x000000050db00000, 0x000000050e910000)
 concurrent mark-sweep generation total 288760K, used 174365K [0x000000051a8c0000, 0x000000052c2be000, 0x00000007c0000000)
 Metaspace       used 120634K, capacity 122740K, committed 122864K, reserved 1155072K
  class space    used 16117K, capacity 16531K, committed 16628K, reserved 1048576K
Event: 6337.899 GC heap after
Heap after GC invocations=84 (full 9):
 par new generation   total 132288K, used 0K [0x0000000505c00000, 0x000000050eb80000, 0x000000051a8c0000)
  eden space 117632K,   0% used [0x0000000505c00000, 0x0000000505c00000, 0x000000050cee0000)
  from space 14656K,   0% used [0x000000050cee0000, 0x000000050cee0000, 0x000000050dd30000)
  to   space 14656K,   0% used [0x000000050dd30000, 0x000000050dd30000, 0x000000050eb80000)
 concurrent mark-sweep generation total 293784K, used 176268K [0x000000051a8c0000, 0x000000052c7a6000, 0x00000007c0000000)
 Metaspace       used 120634K, capacity 122740K, committed 122864K, reserved 1155072K
  class space    used 16117K, capacity 16531K, committed 16628K, reserved 1048576K
}

